{"numFailedTestSuites":0,"numFailedTests":0,"numPassedTestSuites":4,"numPassedTests":35,"numPendingTestSuites":0,"numPendingTests":0,"numRuntimeErrorTestSuites":0,"numTodoTests":0,"numTotalTestSuites":4,"numTotalTests":35,"openHandles":[],"snapshot":{"added":0,"didUpdate":false,"failure":false,"filesAdded":0,"filesRemoved":0,"filesRemovedList":[],"filesUnmatched":0,"filesUpdated":0,"matched":0,"total":0,"unchecked":0,"uncheckedKeysByFile":[],"unmatched":0,"updated":0},"startTime":1787279953463,"success":true,"testResults":[{"assertionResults":[{"ancestorTitles":["member form validation"],"duration":2,"failing":false,"failureDetails":[],"failureMessages":[],"fullName":"member form validation accepts a 2-4 Hangul crew name: 자리","invocations":1,"location":null,"numPassingAsserts":1,"retryReasons":[],"startAt":1787279953949,"status":"passed","title":"accepts a 2-4 Hangul crew name: 자리"},{"ancestorTitles":["member form validation"],"duration":0,"failing":false,"failureDetails":[],"failureMessages":[],"fullName":"member form validation accepts a 2-4 Hangul crew name: 자리하나","invocations":1,"location":null,"numPassingAsserts":1,"retryReasons":[],"startAt":1787279953951,"status":"passed","title":"accepts a 2-4 Hangul crew name: 자리하나"},{"ancestorTitles":["member form validation"],"duration":0,"failing":false,"failureDetails":[],"failureMessages":[],"fullName":"member form validation accepts a 2-4 Hangul crew name: 김자리","invocations":1,"location":null,"numPassingAsserts":1,"retryReasons":[],"startAt":1787279953951,"status":"passed","title":"accepts a 2-4 Hangul crew name: 김자리"},{"ancestorTitles":["member form validation"],"duration":1,"failing":false,"failureDetails":[],"failureMessages":[],"fullName":"member form validation rejects an invalid crew name: a자리","invocations":1,"location":null,"numPassingAsserts":1,"retryReasons":[],"startAt":1787279953951,"status":"passed","title":"rejects an invalid crew name: a자리"},{"ancestorTitles":["member form validation"],"duration":2,"failing":false,"failureDetails":[],"failureMessages":[],"fullName":"member form validation rejects an invalid crew name: 자","invocations":1,"location":null,"numPassingAsserts":1,"retryReasons":[],"startAt":1787279953952,"status":"passed","title":"rejects an invalid crew name: 자"},{"ancestorTitles":["member form validation"],"duration":1,"failing":false,"failureDetails":[],"failureMessages":[],"fullName":"member form validation rejects an invalid crew name: 자리하나요","invocations":1,"location":null,"numPassingAsserts":1,"retryReasons":[],"startAt":1787279953954,"status":"passed","title":"rejects an invalid crew name: 자리하나요"},{"ancestorTitles":["group form validation"],"duration":0,"failing":false,"failureDetails":[],"failureMessages":[],"fullName":"group form validation requires recurring schedule only for CLUB and STUDY","invocations":1,"location":null,"numPassingAsserts":1,"retryReasons":[],"startAt":1787279953955,"status":"passed","title":"requires recurring schedule only for CLUB and STUDY"},{"ancestorTitles":["group form validation"],"duration":1,"failing":false,"failureDetails":[],"failureMessages":[],"fullName":"group form validation requires a session schedule only for SESSION","invocations":1,"location":null,"numPassingAsserts":1,"retryReasons":[],"startAt":1787279953955,"status":"passed","title":"requires a session schedule only for SESSION"},{"ancestorTitles":["group form validation"],"duration":0,"failing":false,"failureDetails":[],"failureMessages":[],"fullName":"group form validation rejects a recurring schedule whose end is not after its start","invocations":1,"location":null,"numPassingAsserts":1,"retryReasons":[],"startAt":1787279953956,"status":"passed","title":"rejects a recurring schedule whose end is not after its start"},{"ancestorTitles":["group form validation"],"duration":1,"failing":false,"failureDetails":[],"failureMessages":[],"fullName":"group form validation enforces backend group text limits","invocations":1,"location":null,"numPassingAsserts":1,"retryReasons":[],"startAt":1787279953956,"status":"passed","title":"enforces backend group text limits"},{"ancestorTitles":["recruitment and registration validation"],"duration":1,"failing":false,"failureDetails":[],"failureMessages":[],"fullName":"recruitment and registration validation compares local date-time text without converting time zones","invocations":1,"location":null,"numPassingAsserts":1,"retryReasons":[],"startAt":1787279953957,"status":"passed","title":"compares local date-time text without converting time zones"},{"ancestorTitles":["recruitment and registration validation"],"duration":0,"failing":false,"failureDetails":[],"failureMessages":[],"fullName":"recruitment and registration validation allows an omitted end time for always-open recruitment","invocations":1,"location":null,"numPassingAsserts":1,"retryReasons":[],"startAt":1787279953958,"status":"passed","title":"allows an omitted end time for always-open recruitment"},{"ancestorTitles":["recruitment and registration validation"],"duration":0,"failing":false,"failureDetails":[],"failureMessages":[],"fullName":"recruitment and registration validation enforces the 1000-character registration message limit","invocations":1,"location":null,"numPassingAsserts":1,"retryReasons":[],"startAt":1787279953958,"status":"passed","title":"enforces the 1000-character registration message limit"},{"ancestorTitles":["recruitment and registration validation"],"duration":1,"failing":false,"failureDetails":[],"failureMessages":[],"fullName":"recruitment and registration validation does not send a reason for approval","invocations":1,"location":null,"numPassingAsserts":1,"retryReasons":[],"startAt":1787279953958,"status":"passed","title":"does not send a reason for approval"}],"endTime":1787279953959,"message":"","name":"/Users/ohjonghyuk0717/Desktop/jarihana/frontend/tests/domain/validation.test.js","startTime":1787279953702,"status":"passed","summary":""},{"assertionResults":[{"ancestorTitles":["domain API adapters"],"duration":1,"failing":false,"failureDetails":[],"failureMessages":[],"fullName":"domain API adapters sends only populated group search parameters","invocations":1,"location":null,"numPassingAsserts":1,"retryReasons":[],"startAt":1787279954026,"status":"passed","title":"sends only populated group search parameters"},{"ancestorTitles":["domain API adapters"],"duration":1,"failing":false,"failureDetails":[],"failureMessages":[],"fullName":"domain API adapters sends the exact group termination payload","invocations":1,"location":null,"numPassingAsserts":1,"retryReasons":[],"startAt":1787279954027,"status":"passed","title":"sends the exact group termination payload"},{"ancestorTitles":["domain API adapters"],"duration":0,"failing":false,"failureDetails":[],"failureMessages":[],"fullName":"domain API adapters does not attach a schema to the 204 schedule removal","invocations":1,"location":null,"numPassingAsserts":1,"retryReasons":[],"startAt":1787279954028,"status":"passed","title":"does not attach a schema to the 204 schedule removal"},{"ancestorTitles":["domain API adapters"],"duration":0,"failing":false,"failureDetails":[],"failureMessages":[],"fullName":"domain API adapters sends the exact leader transfer payload","invocations":1,"location":null,"numPassingAsserts":1,"retryReasons":[],"startAt":1787279954028,"status":"passed","title":"sends the exact leader transfer payload"},{"ancestorTitles":["domain API adapters"],"duration":1,"failing":false,"failureDetails":[],"failureMessages":[],"fullName":"domain API adapters keeps member signup out of the access-token refresh path","invocations":1,"location":null,"numPassingAsserts":1,"retryReasons":[],"startAt":1787279954028,"status":"passed","title":"keeps member signup out of the access-token refresh path"},{"ancestorTitles":["domain API adapters"],"duration":0,"failing":false,"failureDetails":[],"failureMessages":[],"fullName":"domain API adapters preserves local date-time strings when creating recruitment","invocations":1,"location":null,"numPassingAsserts":1,"retryReasons":[],"startAt":1787279954029,"status":"passed","title":"preserves local date-time strings when creating recruitment"},{"ancestorTitles":["domain API adapters"],"duration":0,"failing":false,"failureDetails":[],"failureMessages":[],"fullName":"domain API adapters uses the backend close status field","invocations":1,"location":null,"numPassingAsserts":1,"retryReasons":[],"startAt":1787279954029,"status":"passed","title":"uses the backend close status field"},{"ancestorTitles":["domain API adapters"],"duration":1,"failing":false,"failureDetails":[],"failureMessages":[],"fullName":"domain API adapters forces applicant=me for the member registration list","invocations":1,"location":null,"numPassingAsserts":1,"retryReasons":[],"startAt":1787279954029,"status":"passed","title":"forces applicant=me for the member registration list"},{"ancestorTitles":["domain API adapters"],"duration":0,"failing":false,"failureDetails":[],"failureMessages":[],"fullName":"domain API adapters uses APPROVED and omits an approval reason","invocations":1,"location":null,"numPassingAsserts":1,"retryReasons":[],"startAt":1787279954030,"status":"passed","title":"uses APPROVED and omits an approval reason"},{"ancestorTitles":["domain API adapters"],"duration":0,"failing":false,"failureDetails":[],"failureMessages":[],"fullName":"domain API adapters uses the recruitment-scoped registration create path","invocations":1,"location":null,"numPassingAsserts":1,"retryReasons":[],"startAt":1787279954030,"status":"passed","title":"uses the recruitment-scoped registration create path"}],"endTime":1787279954031,"message":"","name":"/Users/ohjonghyuk0717/Desktop/jarihana/frontend/tests/domain/api-contracts.test.js","startTime":1787279953970,"status":"passed","summary":""},{"assertionResults":[{"ancestorTitles":["query parameter builders"],"duration":1,"failing":false,"failureDetails":[],"failureMessages":[],"fullName":"query parameter builders omits blank and empty group filters","invocations":1,"location":null,"numPassingAsserts":1,"retryReasons":[],"startAt":1787279954090,"status":"passed","title":"omits blank and empty group filters"},{"ancestorTitles":["query parameter builders"],"duration":0,"failing":false,"failureDetails":[],"failureMessages":[],"fullName":"query parameter builders always sends applicant=me for my registrations","invocations":1,"location":null,"numPassingAsserts":1,"retryReasons":[],"startAt":1787279954091,"status":"passed","title":"always sends applicant=me for my registrations"},{"ancestorTitles":["cursor page merging"],"duration":0,"failing":false,"failureDetails":[],"failureMessages":[],"fullName":"cursor page merging deduplicates overlapping item identifiers","invocations":1,"location":null,"numPassingAsserts":1,"retryReasons":[],"startAt":1787279954091,"status":"passed","title":"deduplicates overlapping item identifiers"},{"ancestorTitles":["cursor page merging"],"duration":4,"failing":false,"failureDetails":[],"failureMessages":[],"fullName":"cursor page merging stops pagination when a page repeats the previous cursor","invocations":1,"location":null,"numPassingAsserts":1,"retryReasons":[],"startAt":1787279954091,"status":"passed","title":"stops pagination when a page repeats the previous cursor"}],"endTime":1787279954095,"message":"","name":"/Users/ohjonghyuk0717/Desktop/jarihana/frontend/tests/domain/query-and-cursor.test.js","startTime":1787279954038,"status":"passed","summary":""},{"assertionResults":[{"ancestorTitles":["backend DTO schemas"],"duration":1,"failing":false,"failureDetails":[],"failureMessages":[],"fullName":"backend DTO schemas parses nullable group detail fields without filling them","invocations":1,"location":null,"numPassingAsserts":1,"retryReasons":[],"startAt":1787279954142,"status":"passed","title":"parses nullable group detail fields without filling them"},{"ancestorTitles":["backend DTO schemas"],"duration":1,"failing":false,"failureDetails":[],"failureMessages":[],"fullName":"backend DTO schemas rejects unknown group enum values","invocations":1,"location":null,"numPassingAsserts":1,"retryReasons":[],"startAt":1787279954143,"status":"passed","title":"rejects unknown group enum values"},{"ancestorTitles":["backend DTO schemas"],"duration":0,"failing":false,"failureDetails":[],"failureMessages":[],"fullName":"backend DTO schemas parses both mapped and raw upcoming recruitment close statuses","invocations":1,"location":null,"numPassingAsserts":1,"retryReasons":[],"startAt":1787279954144,"status":"passed","title":"parses both mapped and raw upcoming recruitment close statuses"},{"ancestorTitles":["backend DTO schemas"],"duration":1,"failing":false,"failureDetails":[],"failureMessages":[],"fullName":"backend DTO schemas preserves nullable recruitment end time","invocations":1,"location":null,"numPassingAsserts":1,"retryReasons":[],"startAt":1787279954144,"status":"passed","title":"preserves nullable recruitment end time"},{"ancestorTitles":["backend DTO schemas"],"duration":0,"failing":false,"failureDetails":[],"failureMessages":[],"fullName":"backend DTO schemas accepts omitted nullable create-registration decision fields","invocations":1,"location":null,"numPassingAsserts":1,"retryReasons":[],"startAt":1787279954145,"status":"passed","title":"accepts omitted nullable create-registration decision fields"},{"ancestorTitles":["backend DTO schemas"],"duration":2,"failing":false,"failureDetails":[],"failureMessages":[],"fullName":"backend DTO schemas rejects APPROVE because the backend decision is APPROVED","invocations":1,"location":null,"numPassingAsserts":1,"retryReasons":[],"startAt":1787279954145,"status":"passed","title":"rejects APPROVE because the backend decision is APPROVED"},{"ancestorTitles":["backend DTO schemas"],"duration":1,"failing":false,"failureDetails":[],"failureMessages":[],"fullName":"backend DTO schemas distinguishes signup session from a completed member profile","invocations":1,"location":null,"numPassingAsserts":1,"retryReasons":[],"startAt":1787279954147,"status":"passed","title":"distinguishes signup session from a completed member profile"}],"endTime":1787279954148,"message":"","name":"/Users/ohjonghyuk0717/Desktop/jarihana/frontend/tests/domain/domain-contracts.test.js","startTime":1787279954100,"status":"passed","summary":""}],"wasInterrupted":false}
