{"numFailedTestSuites":0,"numFailedTests":0,"numPassedTestSuites":1,"numPassedTests":10,"numPendingTestSuites":0,"numPendingTests":0,"numRuntimeErrorTestSuites":0,"numTodoTests":0,"numTotalTestSuites":1,"numTotalTests":10,"openHandles":[],"snapshot":{"added":0,"didUpdate":false,"failure":false,"filesAdded":0,"filesRemoved":0,"filesRemovedList":[],"filesUnmatched":0,"filesUpdated":0,"matched":0,"total":0,"unchecked":0,"uncheckedKeysByFile":[],"unmatched":0,"updated":0},"startTime":1787283987763,"success":true,"testResults":[{"assertionResults":[{"ancestorTitles":["NewGroupPage"],"duration":183,"failing":false,"failureDetails":[],"failureMessages":[],"fullName":"NewGroupPage submits the exact SESSION create body when the session form is valid","invocations":1,"location":null,"numPassingAsserts":1,"retryReasons":[],"startAt":1787283988262,"status":"passed","title":"submits the exact SESSION create body when the session form is valid"},{"ancestorTitles":["NewGroupPage"],"duration":73,"failing":false,"failureDetails":[],"failureMessages":[],"fullName":"NewGroupPage requires an activity day for recurring groups and never exposes a fake upload","invocations":1,"location":null,"numPassingAsserts":4,"retryReasons":[],"startAt":1787283988445,"status":"passed","title":"requires an activity day for recurring groups and never exposes a fake upload"},{"ancestorTitles":["NewGroupPage"],"duration":112,"failing":false,"failureDetails":[],"failureMessages":[],"fullName":"NewGroupPage locks a valid create form after the first submission","invocations":1,"location":null,"numPassingAsserts":3,"retryReasons":[],"startAt":1787283988518,"status":"passed","title":"locks a valid create form after the first submission"},{"ancestorTitles":["GroupManagePage"],"duration":48,"failing":false,"failureDetails":[],"failureMessages":[],"fullName":"GroupManagePage edits only the backend-supported overview fields","invocations":1,"location":null,"numPassingAsserts":2,"retryReasons":[],"startAt":1787283988630,"status":"passed","title":"edits only the backend-supported overview fields"},{"ancestorTitles":["GroupManagePage"],"duration":9,"failing":false,"failureDetails":[],"failureMessages":[],"fullName":"GroupManagePage separates the compact overview hero from the long description editor","invocations":1,"location":null,"numPassingAsserts":4,"retryReasons":[],"startAt":1787283988678,"status":"passed","title":"separates the compact overview hero from the long description editor"},{"ancestorTitles":["GroupManagePage"],"duration":9,"failing":false,"failureDetails":[],"failureMessages":[],"fullName":"GroupManagePage uses the in-place edit hierarchy without numbered cards or an upload action","invocations":1,"location":null,"numPassingAsserts":3,"retryReasons":[],"startAt":1787283988687,"status":"passed","title":"uses the in-place edit hierarchy without numbered cards or an upload action"},{"ancestorTitles":["GroupManagePage"],"duration":16,"failing":false,"failureDetails":[],"failureMessages":[],"fullName":"GroupManagePage uses termination after the 24-hour deletion window","invocations":1,"location":null,"numPassingAsserts":2,"retryReasons":[],"startAt":1787283988696,"status":"passed","title":"uses termination after the 24-hour deletion window"},{"ancestorTitles":["GroupManagePage"],"duration":38,"failing":false,"failureDetails":[],"failureMessages":[],"fullName":"GroupManagePage deletes within 24 hours and replaces a recurring schedule exactly","invocations":1,"location":null,"numPassingAsserts":3,"retryReasons":[],"startAt":1787283988712,"status":"passed","title":"deletes within 24 hours and replaces a recurring schedule exactly"},{"ancestorTitles":["GroupManagePage"],"duration":19,"failing":false,"failureDetails":[],"failureMessages":[],"fullName":"GroupManagePage surfaces a safe mutation failure without navigating away","invocations":1,"location":null,"numPassingAsserts":2,"retryReasons":[],"startAt":1787283988750,"status":"passed","title":"surfaces a safe mutation failure without navigating away"},{"ancestorTitles":["GroupManagePage"],"duration":15,"failing":false,"failureDetails":[],"failureMessages":[],"fullName":"GroupManagePage returns from management to the public group detail","invocations":1,"location":null,"numPassingAsserts":1,"retryReasons":[],"startAt":1787283988769,"status":"passed","title":"returns from management to the public group detail"}],"endTime":1787283988784,"message":"","name":"/Users/ohjonghyuk0717/Desktop/jarihana/frontend/tests/pages/group-editor/group-editor-pages.test.jsx","startTime":1787283988054,"status":"passed","summary":""}],"wasInterrupted":false}
