{"numFailedTestSuites":0,"numFailedTests":0,"numPassedTestSuites":1,"numPassedTests":13,"numPendingTestSuites":0,"numPendingTests":0,"numRuntimeErrorTestSuites":0,"numTodoTests":0,"numTotalTestSuites":1,"numTotalTests":13,"openHandles":[],"snapshot":{"added":0,"didUpdate":false,"failure":false,"filesAdded":0,"filesRemoved":0,"filesRemovedList":[],"filesUnmatched":0,"filesUpdated":0,"matched":0,"total":0,"unchecked":0,"uncheckedKeysByFile":[],"unmatched":0,"updated":0},"startTime":1787282428522,"success":true,"testResults":[{"assertionResults":[{"ancestorTitles":[],"duration":45,"failing":false,"failureDetails":[],"failureMessages":[],"fullName":"Given group results, when the explorer loads, then cards and result state are visible","invocations":1,"location":null,"numPassingAsserts":4,"retryReasons":[],"startAt":1787282429096,"status":"passed","title":"Given group results, when the explorer loads, then cards and result state are visible"},{"ancestorTitles":[],"duration":51,"failing":false,"failureDetails":[],"failureMessages":[],"fullName":"Given filters, when search is submitted, then the URL-backed query reaches the hook","invocations":1,"location":null,"numPassingAsserts":1,"retryReasons":[],"startAt":1787282429141,"status":"passed","title":"Given filters, when search is submitted, then the URL-backed query reaches the hook"},{"ancestorTitles":[],"duration":16,"failing":false,"failureDetails":[],"failureMessages":[],"fullName":"Given a group, when the member tab is selected, then members load in a semantic tab panel","invocations":1,"location":null,"numPassingAsserts":2,"retryReasons":[],"startAt":1787282429192,"status":"passed","title":"Given a group, when the member tab is selected, then members load in a semantic tab panel"},{"ancestorTitles":[],"duration":74,"failing":false,"failureDetails":[],"failureMessages":[],"fullName":"Given an authenticated member, when an application is confirmed, then the original LocalDateTime-safe payload is submitted","invocations":1,"location":null,"numPassingAsserts":2,"retryReasons":[],"startAt":1787282429208,"status":"passed","title":"Given an authenticated member, when an application is confirmed, then the original LocalDateTime-safe payload is submitted"},{"ancestorTitles":[],"duration":2,"failing":false,"failureDetails":[],"failureMessages":[],"fullName":"Given a closed recruitment, when opened, then no application control is exposed","invocations":1,"location":null,"numPassingAsserts":2,"retryReasons":[],"startAt":1787282429282,"status":"passed","title":"Given a closed recruitment, when opened, then no application control is exposed"},{"ancestorTitles":[],"duration":5,"failing":false,"failureDetails":[],"failureMessages":[],"fullName":"Given overlapping cursor pages, when results render, then each group appears once","invocations":1,"location":null,"numPassingAsserts":2,"retryReasons":[],"startAt":1787282429284,"status":"passed","title":"Given overlapping cursor pages, when results render, then each group appears once"},{"ancestorTitles":[],"duration":4,"failing":false,"failureDetails":[],"failureMessages":[],"fullName":"Given the introduction tab, when detail renders, then downstream lists stay unmounted","invocations":1,"location":null,"numPassingAsserts":3,"retryReasons":[],"startAt":1787282429289,"status":"passed","title":"Given the introduction tab, when detail renders, then downstream lists stay unmounted"},{"ancestorTitles":[],"duration":2,"failing":false,"failureDetails":[],"failureMessages":[],"fullName":"Given a group failure, when detail renders, then no downstream request executes","invocations":1,"location":null,"numPassingAsserts":4,"retryReasons":[],"startAt":1787282429293,"status":"passed","title":"Given a group failure, when detail renders, then no downstream request executes"},{"ancestorTitles":[],"duration":2,"failing":false,"failureDetails":[],"failureMessages":[],"fullName":"Given status 404, when group detail fails, then a safe differentiated state is shown","invocations":1,"location":null,"numPassingAsserts":2,"retryReasons":[],"startAt":1787282429295,"status":"passed","title":"Given status 404, when group detail fails, then a safe differentiated state is shown"},{"ancestorTitles":[],"duration":2,"failing":false,"failureDetails":[],"failureMessages":[],"fullName":"Given status 500, when group detail fails, then a safe differentiated state is shown","invocations":1,"location":null,"numPassingAsserts":2,"retryReasons":[],"startAt":1787282429297,"status":"passed","title":"Given status 500, when group detail fails, then a safe differentiated state is shown"},{"ancestorTitles":[],"duration":3,"failing":false,"failureDetails":[],"failureMessages":[],"fullName":"Given a server application failure, when shown, then internal text is replaced by safe guidance","invocations":1,"location":null,"numPassingAsserts":2,"retryReasons":[],"startAt":1787282429299,"status":"passed","title":"Given a server application failure, when shown, then internal text is replaced by safe guidance"},{"ancestorTitles":[],"duration":3,"failing":false,"failureDetails":[],"failureMessages":[],"fullName":"Given the explorer, when desktop controls render, then search and filters share one compact tool row","invocations":1,"location":null,"numPassingAsserts":2,"retryReasons":[],"startAt":1787282429302,"status":"passed","title":"Given the explorer, when desktop controls render, then search and filters share one compact tool row"},{"ancestorTitles":[],"duration":6,"failing":false,"failureDetails":[],"failureMessages":[],"fullName":"Given a group, when detail renders, then API-backed information and leader share the Figma hierarchy","invocations":1,"location":null,"numPassingAsserts":4,"retryReasons":[],"startAt":1787282429305,"status":"passed","title":"Given a group, when detail renders, then API-backed information and leader share the Figma hierarchy"}],"endTime":1787282429311,"message":"","name":"/Users/ohjonghyuk0717/Desktop/jarihana/frontend/tests/pages/public/public-groups.test.jsx","startTime":1787282428800,"status":"passed","summary":""}],"wasInterrupted":false}
