{"numFailedTestSuites":0,"numFailedTests":0,"numPassedTestSuites":40,"numPassedTests":253,"numPendingTestSuites":0,"numPendingTests":0,"numRuntimeErrorTestSuites":0,"numTodoTests":0,"numTotalTestSuites":40,"numTotalTests":253,"openHandles":[],"snapshot":{"added":0,"didUpdate":false,"failure":false,"filesAdded":0,"filesRemoved":0,"filesRemovedList":[],"filesUnmatched":0,"filesUpdated":0,"matched":0,"total":0,"unchecked":0,"uncheckedKeysByFile":[],"unmatched":0,"updated":0},"startTime":1787286251614,"success":true,"testResults":[{"assertionResults":[{"ancestorTitles":["ManageMembersPage"],"duration":80,"failing":false,"failureDetails":[],"failureMessages":[],"fullName":"ManageMembersPage Given the full member DTO, When rendered, Then it exposes every server-owned member field and no expulsion action","invocations":1,"location":null,"numPassingAsserts":5,"retryReasons":[],"startAt":1787286252295,"status":"passed","title":"Given the full member DTO, When rendered, Then it exposes every server-owned member field and no expulsion action"},{"ancestorTitles":["ManageMembersPage"],"duration":23,"failing":false,"failureDetails":[],"failureMessages":[],"fullName":"ManageMembersPage Given group context, When rendered, Then it exposes the Figma management header, local tabs, and dense member table","invocations":1,"location":null,"numPassingAsserts":5,"retryReasons":[],"startAt":1787286252375,"status":"passed","title":"Given group context, When rendered, Then it exposes the Figma management header, local tabs, and dense member table"},{"ancestorTitles":["ManageMembersPage"],"duration":65,"failing":false,"failureDetails":[],"failureMessages":[],"fullName":"ManageMembersPage Given a member, When leader transfer is confirmed, Then it sends only the group-member identifier","invocations":1,"location":null,"numPassingAsserts":2,"retryReasons":[],"startAt":1787286252398,"status":"passed","title":"Given a member, When leader transfer is confirmed, Then it sends only the group-member identifier"},{"ancestorTitles":["ManageRecruitmentsPage"],"duration":205,"failing":false,"failureDetails":[],"failureMessages":[],"fullName":"ManageRecruitmentsPage Given valid local date-time values, When a recruitment is created, Then it sends the exact backend payload","invocations":1,"location":null,"numPassingAsserts":1,"retryReasons":[],"startAt":1787286252463,"status":"passed","title":"Given valid local date-time values, When a recruitment is created, Then it sends the exact backend payload"},{"ancestorTitles":["ManageRecruitmentsPage"],"duration":36,"failing":false,"failureDetails":[],"failureMessages":[],"fullName":"ManageRecruitmentsPage Given an open recruitment, When closing is confirmed, Then it sends CLOSED and keeps a tolerant status surface","invocations":1,"location":null,"numPassingAsserts":1,"retryReasons":[],"startAt":1787286252668,"status":"passed","title":"Given an open recruitment, When closing is confirmed, Then it sends CLOSED and keeps a tolerant status surface"},{"ancestorTitles":["ManageRecruitmentsPage"],"duration":25,"failing":false,"failureDetails":[],"failureMessages":[],"fullName":"ManageRecruitmentsPage Given a create request in flight, When the form is submitted twice rapidly, Then it sends only one request","invocations":1,"location":null,"numPassingAsserts":2,"retryReasons":[],"startAt":1787286252704,"status":"passed","title":"Given a create request in flight, When the form is submitted twice rapidly, Then it sends only one request"},{"ancestorTitles":["ManageRegistrationsPage"],"duration":41,"failing":false,"failureDetails":[],"failureMessages":[],"fullName":"ManageRegistrationsPage Given a pending applicant, When approved, Then it sends APPROVED and omits the decision reason","invocations":1,"location":null,"numPassingAsserts":1,"retryReasons":[],"startAt":1787286252729,"status":"passed","title":"Given a pending applicant, When approved, Then it sends APPROVED and omits the decision reason"},{"ancestorTitles":["ManageRegistrationsPage"],"duration":77,"failing":false,"failureDetails":[],"failureMessages":[],"fullName":"ManageRegistrationsPage Given a pending applicant, When rejected with a reason, Then it sends REJECTED with that optional reason","invocations":1,"location":null,"numPassingAsserts":1,"retryReasons":[],"startAt":1787286252770,"status":"passed","title":"Given a pending applicant, When rejected with a reason, Then it sends REJECTED with that optional reason"},{"ancestorTitles":["ManageRegistrationsPage"],"duration":23,"failing":false,"failureDetails":[],"failureMessages":[],"fullName":"ManageRegistrationsPage Given a filter selection, When changed, Then the server hook receives the exact status","invocations":1,"location":null,"numPassingAsserts":1,"retryReasons":[],"startAt":1787286252847,"status":"passed","title":"Given a filter selection, When changed, Then the server hook receives the exact status"},{"ancestorTitles":["ManageRegistrationsPage"],"duration":7,"failing":false,"failureDetails":[],"failureMessages":[],"fullName":"ManageRegistrationsPage Given router params, When rendered, Then it uses the router identifiers and a client-side management link","invocations":1,"location":null,"numPassingAsserts":2,"retryReasons":[],"startAt":1787286252870,"status":"passed","title":"Given router params, When rendered, Then it uses the router identifiers and a client-side management link"},{"ancestorTitles":["ManageRegistrationsPage"],"duration":11,"failing":false,"failureDetails":[],"failureMessages":[],"fullName":"ManageRegistrationsPage Given an active recruitment, When rendered, Then the applicant panel is directly identifiable in the management chrome","invocations":1,"location":null,"numPassingAsserts":3,"retryReasons":[],"startAt":1787286252877,"status":"passed","title":"Given an active recruitment, When rendered, Then the applicant panel is directly identifiable in the management chrome"},{"ancestorTitles":["ManageRegistrationsPage"],"duration":17,"failing":false,"failureDetails":[],"failureMessages":[],"fullName":"ManageRegistrationsPage Given the final2 operational dashboard, When rendered, Then it uses compact filters and no redundant stat card","invocations":1,"location":null,"numPassingAsserts":4,"retryReasons":[],"startAt":1787286252888,"status":"passed","title":"Given the final2 operational dashboard, When rendered, Then it uses compact filters and no redundant stat card"},{"ancestorTitles":["ManageRegistrationsPage"],"duration":11,"failing":false,"failureDetails":[],"failureMessages":[],"fullName":"ManageRegistrationsPage Given real member and recruitment queries, When rendered, Then the Figma side rail shows their live snapshot","invocations":1,"location":null,"numPassingAsserts":6,"retryReasons":[],"startAt":1787286252906,"status":"passed","title":"Given real member and recruitment queries, When rendered, Then the Figma side rail shows their live snapshot"},{"ancestorTitles":["ManageRegistrationsPage"],"duration":12,"failing":false,"failureDetails":[],"failureMessages":[],"fullName":"ManageRegistrationsPage Given side-rail query errors, When applicants load, Then safe independent rail errors do not block decisions","invocations":1,"location":null,"numPassingAsserts":5,"retryReasons":[],"startAt":1787286252918,"status":"passed","title":"Given side-rail query errors, When applicants load, Then safe independent rail errors do not block decisions"},{"ancestorTitles":["ManageRegistrationsPage"],"duration":54,"failing":false,"failureDetails":[],"failureMessages":[],"fullName":"ManageRegistrationsPage Given a rejected decision mutation, When confirming, Then the dialog stays open and only a safe error is shown","invocations":1,"location":null,"numPassingAsserts":3,"retryReasons":[],"startAt":1787286252930,"status":"passed","title":"Given a rejected decision mutation, When confirming, Then the dialog stays open and only a safe error is shown"}],"endTime":1787286252985,"message":"","name":"/Users/ohjonghyuk0717/Desktop/jarihana/frontend/tests/pages/manage/manage-pages.test.jsx","startTime":1787286251933,"status":"passed","summary":""},{"assertionResults":[{"ancestorTitles":["NewGroupPage"],"duration":199,"failing":false,"failureDetails":[],"failureMessages":[],"fullName":"NewGroupPage submits the exact SESSION create body when the session form is valid","invocations":1,"location":null,"numPassingAsserts":1,"retryReasons":[],"startAt":1787286253109,"status":"passed","title":"submits the exact SESSION create body when the session form is valid"},{"ancestorTitles":["NewGroupPage"],"duration":104,"failing":false,"failureDetails":[],"failureMessages":[],"fullName":"NewGroupPage requires an activity day for recurring groups and never exposes a fake upload","invocations":1,"location":null,"numPassingAsserts":4,"retryReasons":[],"startAt":1787286253308,"status":"passed","title":"requires an activity day for recurring groups and never exposes a fake upload"},{"ancestorTitles":["NewGroupPage"],"duration":134,"failing":false,"failureDetails":[],"failureMessages":[],"fullName":"NewGroupPage locks a valid create form after the first submission","invocations":1,"location":null,"numPassingAsserts":3,"retryReasons":[],"startAt":1787286253412,"status":"passed","title":"locks a valid create form after the first submission"},{"ancestorTitles":["GroupManagePage"],"duration":110,"failing":false,"failureDetails":[],"failureMessages":[],"fullName":"GroupManagePage edits only the backend-supported overview fields","invocations":1,"location":null,"numPassingAsserts":2,"retryReasons":[],"startAt":1787286253546,"status":"passed","title":"edits only the backend-supported overview fields"},{"ancestorTitles":["GroupManagePage"],"duration":116,"failing":false,"failureDetails":[],"failureMessages":[],"fullName":"GroupManagePage separates the compact overview hero from the long description editor","invocations":1,"location":null,"numPassingAsserts":4,"retryReasons":[],"startAt":1787286253657,"status":"passed","title":"separates the compact overview hero from the long description editor"},{"ancestorTitles":["GroupManagePage"],"duration":25,"failing":false,"failureDetails":[],"failureMessages":[],"fullName":"GroupManagePage uses the in-place edit hierarchy without numbered cards or an upload action","invocations":1,"location":null,"numPassingAsserts":3,"retryReasons":[],"startAt":1787286253773,"status":"passed","title":"uses the in-place edit hierarchy without numbered cards or an upload action"},{"ancestorTitles":["GroupManagePage"],"duration":73,"failing":false,"failureDetails":[],"failureMessages":[],"fullName":"GroupManagePage uses termination after the 24-hour deletion window","invocations":1,"location":null,"numPassingAsserts":2,"retryReasons":[],"startAt":1787286253799,"status":"passed","title":"uses termination after the 24-hour deletion window"},{"ancestorTitles":["GroupManagePage"],"duration":103,"failing":false,"failureDetails":[],"failureMessages":[],"fullName":"GroupManagePage deletes within 24 hours and replaces a recurring schedule exactly","invocations":1,"location":null,"numPassingAsserts":3,"retryReasons":[],"startAt":1787286253872,"status":"passed","title":"deletes within 24 hours and replaces a recurring schedule exactly"},{"ancestorTitles":["GroupManagePage"],"duration":46,"failing":false,"failureDetails":[],"failureMessages":[],"fullName":"GroupManagePage surfaces a safe mutation failure without navigating away","invocations":1,"location":null,"numPassingAsserts":2,"retryReasons":[],"startAt":1787286253975,"status":"passed","title":"surfaces a safe mutation failure without navigating away"},{"ancestorTitles":["GroupManagePage"],"duration":70,"failing":false,"failureDetails":[],"failureMessages":[],"fullName":"GroupManagePage returns from management to the public group detail","invocations":1,"location":null,"numPassingAsserts":1,"retryReasons":[],"startAt":1787286254021,"status":"passed","title":"returns from management to the public group detail"}],"endTime":1787286254092,"message":"","name":"/Users/ohjonghyuk0717/Desktop/jarihana/frontend/tests/pages/group-editor/group-editor-pages.test.jsx","startTime":1787286252993,"status":"passed","summary":""},{"assertionResults":[{"ancestorTitles":["OAuthCallbackPage"],"duration":64,"failing":false,"failureDetails":[],"failureMessages":[],"fullName":"OAuthCallbackPage Given a misleading signup query and an authenticated session, When the callback reloads auth, Then it enters My instead of trusting the query","invocations":1,"location":null,"numPassingAsserts":3,"retryReasons":[],"startAt":1787286254527,"status":"passed","title":"Given a misleading signup query and an authenticated session, When the callback reloads auth, Then it enters My instead of trusting the query"},{"ancestorTitles":["OAuthCallbackPage"],"duration":29,"failing":false,"failureDetails":[],"failureMessages":[],"fullName":"OAuthCallbackPage Given the callback cannot verify a session, When recovery is shown, Then login is available","invocations":1,"location":null,"numPassingAsserts":2,"retryReasons":[],"startAt":1787286254591,"status":"passed","title":"Given the callback cannot verify a session, When recovery is shown, Then login is available"},{"ancestorTitles":["SignupPage"],"duration":67,"failing":false,"failureDetails":[],"failureMessages":[],"fullName":"SignupPage Given invalid profile fields, When submitted, Then every invalid field is identified inline","invocations":1,"location":null,"numPassingAsserts":3,"retryReasons":[],"startAt":1787286254620,"status":"passed","title":"Given invalid profile fields, When submitted, Then every invalid field is identified inline"},{"ancestorTitles":["SignupPage"],"duration":91,"failing":false,"failureDetails":[],"failureMessages":[],"fullName":"SignupPage Given valid fields, When signup succeeds, Then auth reloads and the signup guard solely owns continuation","invocations":1,"location":null,"numPassingAsserts":4,"retryReasons":[],"startAt":1787286254687,"status":"passed","title":"Given valid fields, When signup succeeds, Then auth reloads and the signup guard solely owns continuation"},{"ancestorTitles":["SignupPage"],"duration":53,"failing":false,"failureDetails":[],"failureMessages":[],"fullName":"SignupPage Given a duplicate member conflict, When signup fails, Then a safe recovery message is announced","invocations":1,"location":null,"numPassingAsserts":1,"retryReasons":[],"startAt":1787286254778,"status":"passed","title":"Given a duplicate member conflict, When signup fails, Then a safe recovery message is announced"},{"ancestorTitles":["SignupPage"],"duration":13,"failing":false,"failureDetails":[],"failureMessages":[],"fullName":"SignupPage Given no signup session, When signup renders, Then it offers safe login recovery without posting member data","invocations":1,"location":null,"numPassingAsserts":3,"retryReasons":[],"startAt":1787286254831,"status":"passed","title":"Given no signup session, When signup renders, Then it offers safe login recovery without posting member data"}],"endTime":1787286254844,"message":"","name":"/Users/ohjonghyuk0717/Desktop/jarihana/frontend/tests/pages/account/oauth-and-signup.test.jsx","startTime":1787286254127,"status":"passed","summary":""},{"assertionResults":[{"ancestorTitles":["Modal"],"duration":33,"failing":false,"failureDetails":[],"failureMessages":[],"fullName":"Modal Given a closed modal, When opened and escaped, Then focus is owned, scroll is restored, and focus returns","invocations":1,"location":null,"numPassingAsserts":6,"retryReasons":[],"startAt":1787286254923,"status":"passed","title":"Given a closed modal, When opened and escaped, Then focus is owned, scroll is restored, and focus returns"},{"ancestorTitles":["Modal"],"duration":43,"failing":false,"failureDetails":[],"failureMessages":[],"fullName":"Modal Given an open modal, When Tab wraps past its final control, Then focus stays trapped","invocations":1,"location":null,"numPassingAsserts":2,"retryReasons":[],"startAt":1787286254956,"status":"passed","title":"Given an open modal, When Tab wraps past its final control, Then focus stays trapped"},{"ancestorTitles":["Modal"],"duration":23,"failing":false,"failureDetails":[],"failureMessages":[],"fullName":"Modal Given a controlled modal, When an external opener closes it, Then focus returns to that opener","invocations":1,"location":null,"numPassingAsserts":3,"retryReasons":[],"startAt":1787286254999,"status":"passed","title":"Given a controlled modal, When an external opener closes it, Then focus returns to that opener"},{"ancestorTitles":["Modal"],"duration":30,"failing":false,"failureDetails":[],"failureMessages":[],"fullName":"Modal Given a controlled drawer, When an external opener closes it, Then focus returns to that opener","invocations":1,"location":null,"numPassingAsserts":3,"retryReasons":[],"startAt":1787286255022,"status":"passed","title":"Given a controlled drawer, When an external opener closes it, Then focus returns to that opener"},{"ancestorTitles":["ConfirmDialog"],"duration":48,"failing":false,"failureDetails":[],"failureMessages":[],"fullName":"ConfirmDialog Given an unresolved confirmation, When confirm is pressed, Then it stays open and exposes pending until success","invocations":1,"location":null,"numPassingAsserts":4,"retryReasons":[],"startAt":1787286255053,"status":"passed","title":"Given an unresolved confirmation, When confirm is pressed, Then it stays open and exposes pending until success"},{"ancestorTitles":["ConfirmDialog"],"duration":36,"failing":false,"failureDetails":[],"failureMessages":[],"fullName":"ConfirmDialog Given a rejected confirmation, When confirm fails, Then it remains open without an unhandled rejection","invocations":1,"location":null,"numPassingAsserts":3,"retryReasons":[],"startAt":1787286255101,"status":"passed","title":"Given a rejected confirmation, When confirm fails, Then it remains open without an unhandled rejection"},{"ancestorTitles":["ConfirmDialog"],"duration":29,"failing":false,"failureDetails":[],"failureMessages":[],"fullName":"ConfirmDialog Given a controlled confirm dialog, When dismissed, Then focus returns to its external opener","invocations":1,"location":null,"numPassingAsserts":2,"retryReasons":[],"startAt":1787286255137,"status":"passed","title":"Given a controlled confirm dialog, When dismissed, Then focus returns to its external opener"}],"endTime":1787286255166,"message":"","name":"/Users/ohjonghyuk0717/Desktop/jarihana/frontend/tests/ui/overlays.test.jsx","startTime":1787286254850,"status":"passed","summary":""},{"assertionResults":[{"ancestorTitles":[],"duration":25,"failing":false,"failureDetails":[],"failureMessages":[],"fullName":"Given group results, when the explorer loads, then cards and result state are visible","invocations":1,"location":null,"numPassingAsserts":5,"retryReasons":[],"startAt":1787286255283,"status":"passed","title":"Given group results, when the explorer loads, then cards and result state are visible"},{"ancestorTitles":[],"duration":65,"failing":false,"failureDetails":[],"failureMessages":[],"fullName":"Given filters, when search is submitted, then the URL-backed query reaches the hook","invocations":1,"location":null,"numPassingAsserts":1,"retryReasons":[],"startAt":1787286255308,"status":"passed","title":"Given filters, when search is submitted, then the URL-backed query reaches the hook"},{"ancestorTitles":[],"duration":21,"failing":false,"failureDetails":[],"failureMessages":[],"fullName":"Given a group, when the member tab is selected, then members load in a semantic tab panel","invocations":1,"location":null,"numPassingAsserts":2,"retryReasons":[],"startAt":1787286255373,"status":"passed","title":"Given a group, when the member tab is selected, then members load in a semantic tab panel"},{"ancestorTitles":[],"duration":109,"failing":false,"failureDetails":[],"failureMessages":[],"fullName":"Given an authenticated member, when an application is confirmed, then the original LocalDateTime-safe payload is submitted","invocations":1,"location":null,"numPassingAsserts":2,"retryReasons":[],"startAt":1787286255394,"status":"passed","title":"Given an authenticated member, when an application is confirmed, then the original LocalDateTime-safe payload is submitted"},{"ancestorTitles":[],"duration":6,"failing":false,"failureDetails":[],"failureMessages":[],"fullName":"Given a closed recruitment, when opened, then no application control is exposed","invocations":1,"location":null,"numPassingAsserts":2,"retryReasons":[],"startAt":1787286255503,"status":"passed","title":"Given a closed recruitment, when opened, then no application control is exposed"},{"ancestorTitles":[],"duration":9,"failing":false,"failureDetails":[],"failureMessages":[],"fullName":"Given overlapping cursor pages, when results render, then each group appears once","invocations":1,"location":null,"numPassingAsserts":2,"retryReasons":[],"startAt":1787286255509,"status":"passed","title":"Given overlapping cursor pages, when results render, then each group appears once"},{"ancestorTitles":[],"duration":8,"failing":false,"failureDetails":[],"failureMessages":[],"fullName":"Given the introduction tab, when detail renders, then downstream lists stay unmounted","invocations":1,"location":null,"numPassingAsserts":3,"retryReasons":[],"startAt":1787286255518,"status":"passed","title":"Given the introduction tab, when detail renders, then downstream lists stay unmounted"},{"ancestorTitles":[],"duration":4,"failing":false,"failureDetails":[],"failureMessages":[],"fullName":"Given a group failure, when detail renders, then no downstream request executes","invocations":1,"location":null,"numPassingAsserts":4,"retryReasons":[],"startAt":1787286255526,"status":"passed","title":"Given a group failure, when detail renders, then no downstream request executes"},{"ancestorTitles":[],"duration":3,"failing":false,"failureDetails":[],"failureMessages":[],"fullName":"Given status 404, when group detail fails, then a safe differentiated state is shown","invocations":1,"location":null,"numPassingAsserts":2,"retryReasons":[],"startAt":1787286255530,"status":"passed","title":"Given status 404, when group detail fails, then a safe differentiated state is shown"},{"ancestorTitles":[],"duration":2,"failing":false,"failureDetails":[],"failureMessages":[],"fullName":"Given status 500, when group detail fails, then a safe differentiated state is shown","invocations":1,"location":null,"numPassingAsserts":2,"retryReasons":[],"startAt":1787286255533,"status":"passed","title":"Given status 500, when group detail fails, then a safe differentiated state is shown"},{"ancestorTitles":[],"duration":5,"failing":false,"failureDetails":[],"failureMessages":[],"fullName":"Given a server application failure, when shown, then internal text is replaced by safe guidance","invocations":1,"location":null,"numPassingAsserts":2,"retryReasons":[],"startAt":1787286255535,"status":"passed","title":"Given a server application failure, when shown, then internal text is replaced by safe guidance"},{"ancestorTitles":[],"duration":8,"failing":false,"failureDetails":[],"failureMessages":[],"fullName":"Given the explorer, when desktop controls render, then search and filters share one compact tool row","invocations":1,"location":null,"numPassingAsserts":4,"retryReasons":[],"startAt":1787286255540,"status":"passed","title":"Given the explorer, when desktop controls render, then search and filters share one compact tool row"},{"ancestorTitles":[],"duration":9,"failing":false,"failureDetails":[],"failureMessages":[],"fullName":"Given the backend default image, when a result renders, then the card uses the illustrated fallback panel","invocations":1,"location":null,"numPassingAsserts":2,"retryReasons":[],"startAt":1787286255548,"status":"passed","title":"Given the backend default image, when a result renders, then the card uses the illustrated fallback panel"},{"ancestorTitles":[],"duration":15,"failing":false,"failureDetails":[],"failureMessages":[],"fullName":"Given a group, when detail renders, then API-backed information and leader share the Figma hierarchy","invocations":1,"location":null,"numPassingAsserts":5,"retryReasons":[],"startAt":1787286255557,"status":"passed","title":"Given a group, when detail renders, then API-backed information and leader share the Figma hierarchy"}],"endTime":1787286255572,"message":"","name":"/Users/ohjonghyuk0717/Desktop/jarihana/frontend/tests/pages/public/public-groups.test.jsx","startTime":1787286255177,"status":"passed","summary":""},{"assertionResults":[{"ancestorTitles":[],"duration":214,"failing":false,"failureDetails":[],"failureMessages":[],"fullName":"Given a production webpack mode, when configuring Babel, then it selects the production JSX runtime","invocations":1,"location":null,"numPassingAsserts":3,"retryReasons":[],"startAt":1787286255632,"status":"passed","title":"Given a production webpack mode, when configuring Babel, then it selects the production JSX runtime"}],"endTime":1787286255847,"message":"","name":"/Users/ohjonghyuk0717/Desktop/jarihana/frontend/tests/config/webpack-production-jsx.test.js","startTime":1787286255579,"status":"passed","summary":""},{"assertionResults":[{"ancestorTitles":["MyGroupsPage"],"duration":9,"failing":false,"failureDetails":[],"failureMessages":[],"fullName":"MyGroupsPage Given a leader role in the URL, When My groups renders, Then the filter and backend query stay synchronized","invocations":1,"location":null,"numPassingAsserts":2,"retryReasons":[],"startAt":1787286255951,"status":"passed","title":"Given a leader role in the URL, When My groups renders, Then the filter and backend query stay synchronized"},{"ancestorTitles":["MyGroupsPage"],"duration":15,"failing":false,"failureDetails":[],"failureMessages":[],"fullName":"MyGroupsPage Given a cursor page, When more groups are requested, Then the next backend page is fetched","invocations":1,"location":null,"numPassingAsserts":1,"retryReasons":[],"startAt":1787286255960,"status":"passed","title":"Given a cursor page, When more groups are requested, Then the next backend page is fetched"},{"ancestorTitles":["MyGroupsPage"],"duration":10,"failing":false,"failureDetails":[],"failureMessages":[],"fullName":"MyGroupsPage Given a failed group query, When the page renders, Then recovery is available","invocations":1,"location":null,"numPassingAsserts":1,"retryReasons":[],"startAt":1787286255975,"status":"passed","title":"Given a failed group query, When the page renders, Then recovery is available"},{"ancestorTitles":["MyRegistrationsPage"],"duration":25,"failing":false,"failureDetails":[],"failureMessages":[],"fullName":"MyRegistrationsPage Given registrations, When a status filter changes, Then the selected backend status is queried","invocations":1,"location":null,"numPassingAsserts":1,"retryReasons":[],"startAt":1787286255985,"status":"passed","title":"Given registrations, When a status filter changes, Then the selected backend status is queried"},{"ancestorTitles":["MyRegistrationsPage"],"duration":89,"failing":false,"failureDetails":[],"failureMessages":[],"fullName":"MyRegistrationsPage Given a pending registration, When withdrawal is confirmed, Then it disappears behind a pending lock after success","invocations":1,"location":null,"numPassingAsserts":3,"retryReasons":[],"startAt":1787286256010,"status":"passed","title":"Given a pending registration, When withdrawal is confirmed, Then it disappears behind a pending lock after success"}],"endTime":1787286256100,"message":"","name":"/Users/ohjonghyuk0717/Desktop/jarihana/frontend/tests/pages/account/my-lists.test.jsx","startTime":1787286255854,"status":"passed","summary":""},{"assertionResults":[{"ancestorTitles":["form primitives"],"duration":5,"failing":false,"failureDetails":[],"failureMessages":[],"fullName":"form primitives Given help and an error, When a text field renders, Then its control is labelled and described","invocations":1,"location":null,"numPassingAsserts":2,"retryReasons":[],"startAt":1787286256150,"status":"passed","title":"Given help and an error, When a text field renders, Then its control is labelled and described"},{"ancestorTitles":["form primitives"],"duration":10,"failing":false,"failureDetails":[],"failureMessages":[],"fullName":"form primitives Given each field kind, When rendered, Then every control has a visible label","invocations":1,"location":null,"numPassingAsserts":4,"retryReasons":[],"startAt":1787286256155,"status":"passed","title":"Given each field kind, When rendered, Then every control has a visible label"},{"ancestorTitles":["form primitives"],"duration":11,"failing":false,"failureDetails":[],"failureMessages":[],"fullName":"form primitives Given a pending button, When clicked, Then it stays disabled and exposes the busy state","invocations":1,"location":null,"numPassingAsserts":3,"retryReasons":[],"startAt":1787286256165,"status":"passed","title":"Given a pending button, When clicked, Then it stays disabled and exposes the busy state"}],"endTime":1787286256176,"message":"","name":"/Users/ohjonghyuk0717/Desktop/jarihana/frontend/tests/ui/fields.test.jsx","startTime":1787286256106,"status":"passed","summary":""},{"assertionResults":[{"ancestorTitles":["MyPage"],"duration":43,"failing":false,"failureDetails":[],"failureMessages":[],"fullName":"MyPage Given a completed member with activity, When My renders, Then real activity fills a dense board with cursor-backed paging","invocations":1,"location":null,"numPassingAsserts":13,"retryReasons":[],"startAt":1787286256256,"status":"passed","title":"Given a completed member with activity, When My renders, Then real activity fills a dense board with cursor-backed paging"}],"endTime":1787286256300,"message":"","name":"/Users/ohjonghyuk0717/Desktop/jarihana/frontend/tests/pages/account/my-page.test.jsx","startTime":1787286256186,"status":"passed","summary":""},{"assertionResults":[{"ancestorTitles":["API client boundary"],"duration":3,"failing":false,"failureDetails":[],"failureMessages":[],"fullName":"API client boundary Given a success envelope, when requesting data, then it unwraps and validates data","invocations":1,"location":null,"numPassingAsserts":1,"retryReasons":[],"startAt":1787286256383,"status":"passed","title":"Given a success envelope, when requesting data, then it unwraps and validates data"},{"ancestorTitles":["API client boundary"],"duration":2,"failing":false,"failureDetails":[],"failureMessages":[],"fullName":"API client boundary Given a malformed success payload, when requesting data, then it rejects the external shape","invocations":1,"location":null,"numPassingAsserts":1,"retryReasons":[],"startAt":1787286256386,"status":"passed","title":"Given a malformed success payload, when requesting data, then it rejects the external shape"},{"ancestorTitles":["API client boundary"],"duration":1,"failing":false,"failureDetails":[],"failureMessages":[],"fullName":"API client boundary Given a 204 response, when requesting data, then it returns undefined without parsing JSON","invocations":1,"location":null,"numPassingAsserts":1,"retryReasons":[],"startAt":1787286256388,"status":"passed","title":"Given a 204 response, when requesting data, then it returns undefined without parsing JSON"},{"ancestorTitles":["API client boundary"],"duration":1,"failing":false,"failureDetails":[],"failureMessages":[],"fullName":"API client boundary Given a mutation and XSRF cookie, when sending it, then credentials and CSRF header are included","invocations":1,"location":null,"numPassingAsserts":2,"retryReasons":[],"startAt":1787286256389,"status":"passed","title":"Given a mutation and XSRF cookie, when sending it, then credentials and CSRF header are included"},{"ancestorTitles":["API client boundary"],"duration":4,"failing":false,"failureDetails":[],"failureMessages":[],"fullName":"API client boundary Given an unauthenticated 401, when requesting data, then it refreshes and retries once","invocations":1,"location":null,"numPassingAsserts":2,"retryReasons":[],"startAt":1787286256390,"status":"passed","title":"Given an unauthenticated 401, when requesting data, then it refreshes and retries once"},{"ancestorTitles":["API client boundary"],"duration":1,"failing":false,"failureDetails":[],"failureMessages":[],"fullName":"API client boundary Given a forbidden response, when requesting data, then it never refreshes","invocations":1,"location":null,"numPassingAsserts":2,"retryReasons":[],"startAt":1787286256395,"status":"passed","title":"Given a forbidden response, when requesting data, then it never refreshes"},{"ancestorTitles":["API client boundary"],"duration":3,"failing":false,"failureDetails":[],"failureMessages":[],"fullName":"API client boundary Given concurrent unauthenticated responses, when requesting data, then they share one refresh","invocations":1,"location":null,"numPassingAsserts":2,"retryReasons":[],"startAt":1787286256396,"status":"passed","title":"Given concurrent unauthenticated responses, when requesting data, then they share one refresh"},{"ancestorTitles":["API client boundary"],"duration":0,"failing":false,"failureDetails":[],"failureMessages":[],"fullName":"API client boundary Given the retried request is still unauthenticated, when requesting data, then it stops after one retry","invocations":1,"location":null,"numPassingAsserts":2,"retryReasons":[],"startAt":1787286256399,"status":"passed","title":"Given the retried request is still unauthenticated, when requesting data, then it stops after one retry"},{"ancestorTitles":["API client boundary"],"duration":1,"failing":false,"failureDetails":[],"failureMessages":[],"fullName":"API client boundary Given refresh fails, when requesting data, then it invokes the session-expired callback once","invocations":1,"location":null,"numPassingAsserts":2,"retryReasons":[],"startAt":1787286256399,"status":"passed","title":"Given refresh fails, when requesting data, then it invokes the session-expired callback once"}],"endTime":1787286256400,"message":"","name":"/Users/ohjonghyuk0717/Desktop/jarihana/frontend/tests/api/client.test.js","startTime":1787286256313,"status":"passed","summary":""},{"assertionResults":[{"ancestorTitles":[],"duration":3,"failing":false,"failureDetails":[],"failureMessages":[],"fullName":"renders a leader page only when the server detail names the current member","invocations":1,"location":null,"numPassingAsserts":1,"retryReasons":[],"startAt":1787286256455,"status":"passed","title":"renders a leader page only when the server detail names the current member"},{"ancestorTitles":[],"duration":2,"failing":false,"failureDetails":[],"failureMessages":[],"fullName":"renders a forbidden state for a signed-in non-leader","invocations":1,"location":null,"numPassingAsserts":2,"retryReasons":[],"startAt":1787286256458,"status":"passed","title":"renders a forbidden state for a signed-in non-leader"},{"ancestorTitles":[],"duration":4,"failing":false,"failureDetails":[],"failureMessages":[],"fullName":"waits for the server authority response before exposing leader content","invocations":1,"location":null,"numPassingAsserts":2,"retryReasons":[],"startAt":1787286256460,"status":"passed","title":"waits for the server authority response before exposing leader content"},{"ancestorTitles":[],"duration":1,"failing":false,"failureDetails":[],"failureMessages":[],"fullName":"treats a server 403 as authoritative even before a client identity comparison","invocations":1,"location":null,"numPassingAsserts":2,"retryReasons":[],"startAt":1787286256464,"status":"passed","title":"treats a server 403 as authoritative even before a client identity comparison"},{"ancestorTitles":[],"duration":5,"failing":false,"failureDetails":[],"failureMessages":[],"fullName":"renders a safe not-found state with a group-list link for a server 404","invocations":1,"location":null,"numPassingAsserts":5,"retryReasons":[],"startAt":1787286256465,"status":"passed","title":"renders a safe not-found state with a group-list link for a server 404"}],"endTime":1787286256470,"message":"","name":"/Users/ohjonghyuk0717/Desktop/jarihana/frontend/tests/app/leader-guard.test.jsx","startTime":1787286256406,"status":"passed","summary":""},{"assertionResults":[{"ancestorTitles":["feedback and pagination primitives"],"duration":19,"failing":false,"failureDetails":[],"failureMessages":[],"fullName":"feedback and pagination primitives Given four notifications, When shown, Then the polite live region keeps only the latest three","invocations":1,"location":null,"numPassingAsserts":3,"retryReasons":[],"startAt":1787286256522,"status":"passed","title":"Given four notifications, When shown, Then the polite live region keeps only the latest three"},{"ancestorTitles":["feedback and pagination primitives"],"duration":7,"failing":false,"failureDetails":[],"failureMessages":[],"fullName":"feedback and pagination primitives Given active toast timers, When the provider unmounts, Then every timer is cleared","invocations":1,"location":null,"numPassingAsserts":1,"retryReasons":[],"startAt":1787286256541,"status":"passed","title":"Given active toast timers, When the provider unmounts, Then every timer is cleared"},{"ancestorTitles":["feedback and pagination primitives"],"duration":8,"failing":false,"failureDetails":[],"failureMessages":[],"fullName":"feedback and pagination primitives Given StrictMode and a limited stack, When the fourth toast commits, Then the displaced timer is cleared after the committed UI updates","invocations":1,"location":null,"numPassingAsserts":2,"retryReasons":[],"startAt":1787286256549,"status":"passed","title":"Given StrictMode and a limited stack, When the fourth toast commits, Then the displaced timer is cleared after the committed UI updates"},{"ancestorTitles":["feedback and pagination primitives"],"duration":11,"failing":false,"failureDetails":[],"failureMessages":[],"fullName":"feedback and pagination primitives Given a next cursor, When more results are requested, Then the opaque cursor is passed through","invocations":1,"location":null,"numPassingAsserts":1,"retryReasons":[],"startAt":1787286256557,"status":"passed","title":"Given a next cursor, When more results are requested, Then the opaque cursor is passed through"},{"ancestorTitles":["feedback and pagination primitives"],"duration":3,"failing":false,"failureDetails":[],"failureMessages":[],"fullName":"feedback and pagination primitives Given recovery states, When rendered, Then each state exposes one named next action","invocations":1,"location":null,"numPassingAsserts":2,"retryReasons":[],"startAt":1787286256568,"status":"passed","title":"Given recovery states, When rendered, Then each state exposes one named next action"},{"ancestorTitles":["Skeleton"],"duration":2,"failing":false,"failureDetails":[],"failureMessages":[],"fullName":"Skeleton Given an accessible loading label, When a skeleton renders, Then the label belongs to a status role","invocations":1,"location":null,"numPassingAsserts":1,"retryReasons":[],"startAt":1787286256571,"status":"passed","title":"Given an accessible loading label, When a skeleton renders, Then the label belongs to a status role"},{"ancestorTitles":["Skeleton"],"duration":0,"failing":false,"failureDetails":[],"failureMessages":[],"fullName":"Skeleton Given a decorative skeleton, When no label is provided, Then it stays out of the accessibility tree","invocations":1,"location":null,"numPassingAsserts":2,"retryReasons":[],"startAt":1787286256573,"status":"passed","title":"Given a decorative skeleton, When no label is provided, Then it stays out of the accessibility tree"}],"endTime":1787286256574,"message":"","name":"/Users/ohjonghyuk0717/Desktop/jarihana/frontend/tests/ui/toast-and-states.test.jsx","startTime":1787286256477,"status":"passed","summary":""},{"assertionResults":[{"ancestorTitles":[],"duration":11,"failing":false,"failureDetails":[],"failureMessages":[],"fullName":"provides skip navigation, global navigation, and a main landmark","invocations":1,"location":null,"numPassingAsserts":8,"retryReasons":[],"startAt":1787286256638,"status":"passed","title":"provides skip navigation, global navigation, and a main landmark"},{"ancestorTitles":[],"duration":6,"failing":false,"failureDetails":[],"failureMessages":[],"fullName":"starts GitHub login from the anonymous header action","invocations":1,"location":null,"numPassingAsserts":1,"retryReasons":[],"startAt":1787286256650,"status":"passed","title":"starts GitHub login from the anonymous header action"},{"ancestorTitles":[],"duration":4,"failing":false,"failureDetails":[],"failureMessages":[],"fullName":"keeps an incomplete signup session on the signup flow","invocations":1,"location":null,"numPassingAsserts":1,"retryReasons":[],"startAt":1787286256656,"status":"passed","title":"keeps an incomplete signup session on the signup flow"},{"ancestorTitles":[],"duration":8,"failing":false,"failureDetails":[],"failureMessages":[],"fullName":"shows member navigation and logs out an authenticated member","invocations":1,"location":null,"numPassingAsserts":4,"retryReasons":[],"startAt":1787286256660,"status":"passed","title":"shows member navigation and logs out an authenticated member"},{"ancestorTitles":[],"duration":9,"failing":false,"failureDetails":[],"failureMessages":[],"fullName":"opens and closes the mobile navigation drawer","invocations":1,"location":null,"numPassingAsserts":3,"retryReasons":[],"startAt":1787286256668,"status":"passed","title":"opens and closes the mobile navigation drawer"}],"endTime":1787286256677,"message":"","name":"/Users/ohjonghyuk0717/Desktop/jarihana/frontend/tests/app/app-shell.test.jsx","startTime":1787286256578,"status":"passed","summary":""},{"assertionResults":[{"ancestorTitles":[],"duration":11,"failing":false,"failureDetails":[],"failureMessages":[],"fullName":"Given React StrictMode, when auth bootstraps, then it requests the session only once","invocations":1,"location":null,"numPassingAsserts":2,"retryReasons":[],"startAt":1787286256729,"status":"passed","title":"Given React StrictMode, when auth bootstraps, then it requests the session only once"},{"ancestorTitles":[],"duration":5,"failing":false,"failureDetails":[],"failureMessages":[],"fullName":"Given an unauthenticated response, when auth bootstraps, then it becomes anonymous","invocations":1,"location":null,"numPassingAsserts":2,"retryReasons":[],"startAt":1787286256740,"status":"passed","title":"Given an unauthenticated response, when auth bootstraps, then it becomes anonymous"},{"ancestorTitles":[],"duration":4,"failing":false,"failureDetails":[],"failureMessages":[],"fullName":"Given a network failure, when auth bootstraps, then it exposes unavailable without claiming anonymous","invocations":1,"location":null,"numPassingAsserts":3,"retryReasons":[],"startAt":1787286256745,"status":"passed","title":"Given a network failure, when auth bootstraps, then it exposes unavailable without claiming anonymous"},{"ancestorTitles":[],"duration":11,"failing":false,"failureDetails":[],"failureMessages":[],"fullName":"Given auth is unavailable, when retry succeeds, then it becomes authenticated","invocations":1,"location":null,"numPassingAsserts":3,"retryReasons":[],"startAt":1787286256749,"status":"passed","title":"Given auth is unavailable, when retry succeeds, then it becomes authenticated"},{"ancestorTitles":[],"duration":4,"failing":false,"failureDetails":[],"failureMessages":[],"fullName":"Given signup is incomplete, when auth bootstraps, then signup-required remains distinct","invocations":1,"location":null,"numPassingAsserts":1,"retryReasons":[],"startAt":1787286256760,"status":"passed","title":"Given signup is incomplete, when auth bootstraps, then signup-required remains distinct"}],"endTime":1787286256764,"message":"","name":"/Users/ohjonghyuk0717/Desktop/jarihana/frontend/tests/auth/context.test.jsx","startTime":1787286256684,"status":"passed","summary":""},{"assertionResults":[{"ancestorTitles":["Tabs"],"duration":18,"failing":false,"failureDetails":[],"failureMessages":[],"fullName":"Tabs Given three tabs, When ArrowRight and Home are pressed, Then focus and selection follow the roving tab stop","invocations":1,"location":null,"numPassingAsserts":5,"retryReasons":[],"startAt":1787286256807,"status":"passed","title":"Given three tabs, When ArrowRight and Home are pressed, Then focus and selection follow the roving tab stop"},{"ancestorTitles":["Tabs"],"duration":10,"failing":false,"failureDetails":[],"failureMessages":[],"fullName":"Tabs Given a controlled tab, When a trigger is clicked, Then it requests the next value without mutating selection","invocations":1,"location":null,"numPassingAsserts":2,"retryReasons":[],"startAt":1787286256825,"status":"passed","title":"Given a controlled tab, When a trigger is clicked, Then it requests the next value without mutating selection"}],"endTime":1787286256835,"message":"","name":"/Users/ohjonghyuk0717/Desktop/jarihana/frontend/tests/ui/tabs.test.jsx","startTime":1787286256768,"status":"passed","summary":""},{"assertionResults":[{"ancestorTitles":[],"duration":2,"failing":false,"failureDetails":[],"failureMessages":[],"fullName":"redirects a plain anonymous visitor without exposing signup content","invocations":1,"location":null,"numPassingAsserts":2,"retryReasons":[],"startAt":1787286256888,"status":"passed","title":"redirects a plain anonymous visitor without exposing signup content"},{"ancestorTitles":[],"duration":6,"failing":false,"failureDetails":[],"failureMessages":[],"fullName":"offers auth retry instead of exposing signup content during an outage","invocations":1,"location":null,"numPassingAsserts":2,"retryReasons":[],"startAt":1787286256890,"status":"passed","title":"offers auth retry instead of exposing signup content during an outage"},{"ancestorTitles":[],"duration":1,"failing":false,"failureDetails":[],"failureMessages":[],"fullName":"consumes the stored deep link after signup is complete","invocations":1,"location":null,"numPassingAsserts":2,"retryReasons":[],"startAt":1787286256896,"status":"passed","title":"consumes the stored deep link after signup is complete"},{"ancestorTitles":[],"duration":0,"failing":false,"failureDetails":[],"failureMessages":[],"fullName":"consumes the stored deep link only once under StrictMode","invocations":1,"location":null,"numPassingAsserts":3,"retryReasons":[],"startAt":1787286256898,"status":"passed","title":"consumes the stored deep link only once under StrictMode"},{"ancestorTitles":[],"duration":1,"failing":false,"failureDetails":[],"failureMessages":[],"fullName":"preserves the signup form during reload and consumes continuation once authenticated","invocations":1,"location":null,"numPassingAsserts":4,"retryReasons":[],"startAt":1787286256899,"status":"passed","title":"preserves the signup form during reload and consumes continuation once authenticated"}],"endTime":1787286256900,"message":"","name":"/Users/ohjonghyuk0717/Desktop/jarihana/frontend/tests/app/signup-guard.test.jsx","startTime":1787286256840,"status":"passed","summary":""},{"assertionResults":[{"ancestorTitles":["shared UI design token contract"],"duration":1,"failing":false,"failureDetails":[],"failureMessages":[],"fullName":"shared UI design token contract Given shared border and touch geometry, When CSS is authored, Then repeated scale literals use their semantic tokens","invocations":1,"location":null,"numPassingAsserts":4,"retryReasons":[],"startAt":1787286256938,"status":"passed","title":"Given shared border and touch geometry, When CSS is authored, Then repeated scale literals use their semantic tokens"}],"endTime":1787286256939,"message":"","name":"/Users/ohjonghyuk0717/Desktop/jarihana/frontend/tests/ui/design-token-contract.test.js","startTime":1787286256904,"status":"passed","summary":""},{"assertionResults":[{"ancestorTitles":["member form validation"],"duration":1,"failing":false,"failureDetails":[],"failureMessages":[],"fullName":"member form validation accepts a 2-4 Hangul crew name: 자리","invocations":1,"location":null,"numPassingAsserts":1,"retryReasons":[],"startAt":1787286256990,"status":"passed","title":"accepts a 2-4 Hangul crew name: 자리"},{"ancestorTitles":["member form validation"],"duration":0,"failing":false,"failureDetails":[],"failureMessages":[],"fullName":"member form validation accepts a 2-4 Hangul crew name: 자리하나","invocations":1,"location":null,"numPassingAsserts":1,"retryReasons":[],"startAt":1787286256991,"status":"passed","title":"accepts a 2-4 Hangul crew name: 자리하나"},{"ancestorTitles":["member form validation"],"duration":0,"failing":false,"failureDetails":[],"failureMessages":[],"fullName":"member form validation accepts a 2-4 Hangul crew name: 김자리","invocations":1,"location":null,"numPassingAsserts":1,"retryReasons":[],"startAt":1787286256991,"status":"passed","title":"accepts a 2-4 Hangul crew name: 김자리"},{"ancestorTitles":["member form validation"],"duration":0,"failing":false,"failureDetails":[],"failureMessages":[],"fullName":"member form validation rejects an invalid crew name: a자리","invocations":1,"location":null,"numPassingAsserts":1,"retryReasons":[],"startAt":1787286256991,"status":"passed","title":"rejects an invalid crew name: a자리"},{"ancestorTitles":["member form validation"],"duration":1,"failing":false,"failureDetails":[],"failureMessages":[],"fullName":"member form validation rejects an invalid crew name: 자","invocations":1,"location":null,"numPassingAsserts":1,"retryReasons":[],"startAt":1787286256991,"status":"passed","title":"rejects an invalid crew name: 자"},{"ancestorTitles":["member form validation"],"duration":0,"failing":false,"failureDetails":[],"failureMessages":[],"fullName":"member form validation rejects an invalid crew name: 자리하나요","invocations":1,"location":null,"numPassingAsserts":1,"retryReasons":[],"startAt":1787286256992,"status":"passed","title":"rejects an invalid crew name: 자리하나요"},{"ancestorTitles":["group form validation"],"duration":1,"failing":false,"failureDetails":[],"failureMessages":[],"fullName":"group form validation requires recurring schedule only for CLUB and STUDY","invocations":1,"location":null,"numPassingAsserts":1,"retryReasons":[],"startAt":1787286256992,"status":"passed","title":"requires recurring schedule only for CLUB and STUDY"},{"ancestorTitles":["group form validation"],"duration":0,"failing":false,"failureDetails":[],"failureMessages":[],"fullName":"group form validation requires a session schedule only for SESSION","invocations":1,"location":null,"numPassingAsserts":1,"retryReasons":[],"startAt":1787286256993,"status":"passed","title":"requires a session schedule only for SESSION"},{"ancestorTitles":["group form validation"],"duration":0,"failing":false,"failureDetails":[],"failureMessages":[],"fullName":"group form validation rejects a recurring schedule whose end is not after its start","invocations":1,"location":null,"numPassingAsserts":1,"retryReasons":[],"startAt":1787286256993,"status":"passed","title":"rejects a recurring schedule whose end is not after its start"},{"ancestorTitles":["group form validation"],"duration":0,"failing":false,"failureDetails":[],"failureMessages":[],"fullName":"group form validation enforces backend group text limits","invocations":1,"location":null,"numPassingAsserts":1,"retryReasons":[],"startAt":1787286256994,"status":"passed","title":"enforces backend group text limits"},{"ancestorTitles":["recruitment and registration validation"],"duration":0,"failing":false,"failureDetails":[],"failureMessages":[],"fullName":"recruitment and registration validation compares local date-time text without converting time zones","invocations":1,"location":null,"numPassingAsserts":1,"retryReasons":[],"startAt":1787286256994,"status":"passed","title":"compares local date-time text without converting time zones"},{"ancestorTitles":["recruitment and registration validation"],"duration":1,"failing":false,"failureDetails":[],"failureMessages":[],"fullName":"recruitment and registration validation allows an omitted end time for always-open recruitment","invocations":1,"location":null,"numPassingAsserts":1,"retryReasons":[],"startAt":1787286256994,"status":"passed","title":"allows an omitted end time for always-open recruitment"},{"ancestorTitles":["recruitment and registration validation"],"duration":0,"failing":false,"failureDetails":[],"failureMessages":[],"fullName":"recruitment and registration validation enforces the 1000-character registration message limit","invocations":1,"location":null,"numPassingAsserts":1,"retryReasons":[],"startAt":1787286256995,"status":"passed","title":"enforces the 1000-character registration message limit"},{"ancestorTitles":["recruitment and registration validation"],"duration":0,"failing":false,"failureDetails":[],"failureMessages":[],"fullName":"recruitment and registration validation does not send a reason for approval","invocations":1,"location":null,"numPassingAsserts":1,"retryReasons":[],"startAt":1787286256995,"status":"passed","title":"does not send a reason for approval"}],"endTime":1787286256996,"message":"","name":"/Users/ohjonghyuk0717/Desktop/jarihana/frontend/tests/domain/validation.test.js","startTime":1787286256943,"status":"passed","summary":""},{"assertionResults":[{"ancestorTitles":["domain API adapters"],"duration":0,"failing":false,"failureDetails":[],"failureMessages":[],"fullName":"domain API adapters sends only populated group search parameters","invocations":1,"location":null,"numPassingAsserts":1,"retryReasons":[],"startAt":1787286257043,"status":"passed","title":"sends only populated group search parameters"},{"ancestorTitles":["domain API adapters"],"duration":0,"failing":false,"failureDetails":[],"failureMessages":[],"fullName":"domain API adapters sends the exact group termination payload","invocations":1,"location":null,"numPassingAsserts":1,"retryReasons":[],"startAt":1787286257043,"status":"passed","title":"sends the exact group termination payload"},{"ancestorTitles":["domain API adapters"],"duration":1,"failing":false,"failureDetails":[],"failureMessages":[],"fullName":"domain API adapters does not attach a schema to the 204 schedule removal","invocations":1,"location":null,"numPassingAsserts":1,"retryReasons":[],"startAt":1787286257043,"status":"passed","title":"does not attach a schema to the 204 schedule removal"},{"ancestorTitles":["domain API adapters"],"duration":0,"failing":false,"failureDetails":[],"failureMessages":[],"fullName":"domain API adapters sends the exact leader transfer payload","invocations":1,"location":null,"numPassingAsserts":1,"retryReasons":[],"startAt":1787286257044,"status":"passed","title":"sends the exact leader transfer payload"},{"ancestorTitles":["domain API adapters"],"duration":0,"failing":false,"failureDetails":[],"failureMessages":[],"fullName":"domain API adapters keeps member signup out of the access-token refresh path","invocations":1,"location":null,"numPassingAsserts":1,"retryReasons":[],"startAt":1787286257044,"status":"passed","title":"keeps member signup out of the access-token refresh path"},{"ancestorTitles":["domain API adapters"],"duration":4,"failing":false,"failureDetails":[],"failureMessages":[],"fullName":"domain API adapters rejects an invalid crew name before member signup reaches HTTP","invocations":1,"location":null,"numPassingAsserts":2,"retryReasons":[],"startAt":1787286257044,"status":"passed","title":"rejects an invalid crew name before member signup reaches HTTP"},{"ancestorTitles":["domain API adapters"],"duration":0,"failing":false,"failureDetails":[],"failureMessages":[],"fullName":"domain API adapters preserves local date-time strings when creating recruitment","invocations":1,"location":null,"numPassingAsserts":1,"retryReasons":[],"startAt":1787286257049,"status":"passed","title":"preserves local date-time strings when creating recruitment"},{"ancestorTitles":["domain API adapters"],"duration":0,"failing":false,"failureDetails":[],"failureMessages":[],"fullName":"domain API adapters uses the backend close status field","invocations":1,"location":null,"numPassingAsserts":1,"retryReasons":[],"startAt":1787286257049,"status":"passed","title":"uses the backend close status field"},{"ancestorTitles":["domain API adapters"],"duration":4,"failing":false,"failureDetails":[],"failureMessages":[],"fullName":"domain API adapters forces applicant=me for the member registration list","invocations":1,"location":null,"numPassingAsserts":1,"retryReasons":[],"startAt":1787286257049,"status":"passed","title":"forces applicant=me for the member registration list"},{"ancestorTitles":["domain API adapters"],"duration":0,"failing":false,"failureDetails":[],"failureMessages":[],"fullName":"domain API adapters uses APPROVED and omits an approval reason","invocations":1,"location":null,"numPassingAsserts":1,"retryReasons":[],"startAt":1787286257053,"status":"passed","title":"uses APPROVED and omits an approval reason"},{"ancestorTitles":["domain API adapters"],"duration":0,"failing":false,"failureDetails":[],"failureMessages":[],"fullName":"domain API adapters uses the recruitment-scoped registration create path","invocations":1,"location":null,"numPassingAsserts":1,"retryReasons":[],"startAt":1787286257053,"status":"passed","title":"uses the recruitment-scoped registration create path"}],"endTime":1787286257054,"message":"","name":"/Users/ohjonghyuk0717/Desktop/jarihana/frontend/tests/domain/api-contracts.test.js","startTime":1787286257001,"status":"passed","summary":""},{"assertionResults":[{"ancestorTitles":["protected return target"],"duration":1,"failing":false,"failureDetails":[],"failureMessages":[],"fullName":"protected return target Given an internal path, when storing it, then it can be peeked without consuming it","invocations":1,"location":null,"numPassingAsserts":3,"retryReasons":[],"startAt":1787286257098,"status":"passed","title":"Given an internal path, when storing it, then it can be peeked without consuming it"},{"ancestorTitles":["protected return target"],"duration":0,"failing":false,"failureDetails":[],"failureMessages":[],"fullName":"protected return target Given unsafe target //evil.test/steal, when storing it, then it is rejected","invocations":1,"location":null,"numPassingAsserts":2,"retryReasons":[],"startAt":1787286257099,"status":"passed","title":"Given unsafe target //evil.test/steal, when storing it, then it is rejected"},{"ancestorTitles":["protected return target"],"duration":0,"failing":false,"failureDetails":[],"failureMessages":[],"fullName":"protected return target Given unsafe target https://evil.test/steal, when storing it, then it is rejected","invocations":1,"location":null,"numPassingAsserts":2,"retryReasons":[],"startAt":1787286257099,"status":"passed","title":"Given unsafe target https://evil.test/steal, when storing it, then it is rejected"},{"ancestorTitles":["protected return target"],"duration":0,"failing":false,"failureDetails":[],"failureMessages":[],"fullName":"protected return target Given unsafe target javascript:alert(1), when storing it, then it is rejected","invocations":1,"location":null,"numPassingAsserts":2,"retryReasons":[],"startAt":1787286257100,"status":"passed","title":"Given unsafe target javascript:alert(1), when storing it, then it is rejected"},{"ancestorTitles":["protected return target"],"duration":0,"failing":false,"failureDetails":[],"failureMessages":[],"fullName":"protected return target Given unsafe target /\\evil.test, when storing it, then it is rejected","invocations":1,"location":null,"numPassingAsserts":2,"retryReasons":[],"startAt":1787286257100,"status":"passed","title":"Given unsafe target /\\evil.test, when storing it, then it is rejected"},{"ancestorTitles":["protected return target"],"duration":0,"failing":false,"failureDetails":[],"failureMessages":[],"fullName":"protected return target Given unsafe target  /my, when storing it, then it is rejected","invocations":1,"location":null,"numPassingAsserts":2,"retryReasons":[],"startAt":1787286257100,"status":"passed","title":"Given unsafe target  /my, when storing it, then it is rejected"},{"ancestorTitles":["protected return target"],"duration":0,"failing":false,"failureDetails":[],"failureMessages":[],"fullName":"protected return target Given a stored internal target, when consuming it, then it is returned exactly once","invocations":1,"location":null,"numPassingAsserts":2,"retryReasons":[],"startAt":1787286257101,"status":"passed","title":"Given a stored internal target, when consuming it, then it is returned exactly once"},{"ancestorTitles":["protected return target"],"duration":3,"failing":false,"failureDetails":[],"failureMessages":[],"fullName":"protected return target Given tampered storage, when consuming it, then it clears the value and returns the fallback","invocations":1,"location":null,"numPassingAsserts":2,"retryReasons":[],"startAt":1787286257101,"status":"passed","title":"Given tampered storage, when consuming it, then it clears the value and returns the fallback"}],"endTime":1787286257104,"message":"","name":"/Users/ohjonghyuk0717/Desktop/jarihana/frontend/tests/auth/returnTarget.test.js","startTime":1787286257057,"status":"passed","summary":""},{"assertionResults":[{"ancestorTitles":["safe API error messages"],"duration":0,"failing":false,"failureDetails":[],"failureMessages":[],"fullName":"safe API error messages Given error code INVALID_PARAMETER, when mapping it, then it returns a safe Korean message","invocations":1,"location":null,"numPassingAsserts":1,"retryReasons":[],"startAt":1787286257146,"status":"passed","title":"Given error code INVALID_PARAMETER, when mapping it, then it returns a safe Korean message"},{"ancestorTitles":["safe API error messages"],"duration":0,"failing":false,"failureDetails":[],"failureMessages":[],"fullName":"safe API error messages Given error code UNAUTHENTICATED, when mapping it, then it returns a safe Korean message","invocations":1,"location":null,"numPassingAsserts":1,"retryReasons":[],"startAt":1787286257146,"status":"passed","title":"Given error code UNAUTHENTICATED, when mapping it, then it returns a safe Korean message"},{"ancestorTitles":["safe API error messages"],"duration":1,"failing":false,"failureDetails":[],"failureMessages":[],"fullName":"safe API error messages Given error code SIGNUP_SESSION_REQUIRED, when mapping it, then it returns a safe Korean message","invocations":1,"location":null,"numPassingAsserts":1,"retryReasons":[],"startAt":1787286257146,"status":"passed","title":"Given error code SIGNUP_SESSION_REQUIRED, when mapping it, then it returns a safe Korean message"},{"ancestorTitles":["safe API error messages"],"duration":0,"failing":false,"failureDetails":[],"failureMessages":[],"fullName":"safe API error messages Given error code REFRESH_TOKEN_REQUIRED, when mapping it, then it returns a safe Korean message","invocations":1,"location":null,"numPassingAsserts":1,"retryReasons":[],"startAt":1787286257147,"status":"passed","title":"Given error code REFRESH_TOKEN_REQUIRED, when mapping it, then it returns a safe Korean message"},{"ancestorTitles":["safe API error messages"],"duration":0,"failing":false,"failureDetails":[],"failureMessages":[],"fullName":"safe API error messages Given error code REFRESH_TOKEN_INVALID, when mapping it, then it returns a safe Korean message","invocations":1,"location":null,"numPassingAsserts":1,"retryReasons":[],"startAt":1787286257147,"status":"passed","title":"Given error code REFRESH_TOKEN_INVALID, when mapping it, then it returns a safe Korean message"},{"ancestorTitles":["safe API error messages"],"duration":0,"failing":false,"failureDetails":[],"failureMessages":[],"fullName":"safe API error messages Given error code ACCESS_DENIED, when mapping it, then it returns a safe Korean message","invocations":1,"location":null,"numPassingAsserts":1,"retryReasons":[],"startAt":1787286257147,"status":"passed","title":"Given error code ACCESS_DENIED, when mapping it, then it returns a safe Korean message"},{"ancestorTitles":["safe API error messages"],"duration":0,"failing":false,"failureDetails":[],"failureMessages":[],"fullName":"safe API error messages Given error code GROUP_ACCESS_DENIED, when mapping it, then it returns a safe Korean message","invocations":1,"location":null,"numPassingAsserts":1,"retryReasons":[],"startAt":1787286257147,"status":"passed","title":"Given error code GROUP_ACCESS_DENIED, when mapping it, then it returns a safe Korean message"},{"ancestorTitles":["safe API error messages"],"duration":0,"failing":false,"failureDetails":[],"failureMessages":[],"fullName":"safe API error messages Given error code RECRUITMENT_ACCESS_DENIED, when mapping it, then it returns a safe Korean message","invocations":1,"location":null,"numPassingAsserts":1,"retryReasons":[],"startAt":1787286257147,"status":"passed","title":"Given error code RECRUITMENT_ACCESS_DENIED, when mapping it, then it returns a safe Korean message"},{"ancestorTitles":["safe API error messages"],"duration":1,"failing":false,"failureDetails":[],"failureMessages":[],"fullName":"safe API error messages Given error code REGISTRATION_ACCESS_DENIED, when mapping it, then it returns a safe Korean message","invocations":1,"location":null,"numPassingAsserts":1,"retryReasons":[],"startAt":1787286257147,"status":"passed","title":"Given error code REGISTRATION_ACCESS_DENIED, when mapping it, then it returns a safe Korean message"},{"ancestorTitles":["safe API error messages"],"duration":0,"failing":false,"failureDetails":[],"failureMessages":[],"fullName":"safe API error messages Given error code MEMBER_NOT_FOUND, when mapping it, then it returns a safe Korean message","invocations":1,"location":null,"numPassingAsserts":1,"retryReasons":[],"startAt":1787286257148,"status":"passed","title":"Given error code MEMBER_NOT_FOUND, when mapping it, then it returns a safe Korean message"},{"ancestorTitles":["safe API error messages"],"duration":2,"failing":false,"failureDetails":[],"failureMessages":[],"fullName":"safe API error messages Given error code GROUP_NOT_FOUND, when mapping it, then it returns a safe Korean message","invocations":1,"location":null,"numPassingAsserts":1,"retryReasons":[],"startAt":1787286257148,"status":"passed","title":"Given error code GROUP_NOT_FOUND, when mapping it, then it returns a safe Korean message"},{"ancestorTitles":["safe API error messages"],"duration":0,"failing":false,"failureDetails":[],"failureMessages":[],"fullName":"safe API error messages Given error code GROUP_MEMBER_NOT_FOUND, when mapping it, then it returns a safe Korean message","invocations":1,"location":null,"numPassingAsserts":1,"retryReasons":[],"startAt":1787286257150,"status":"passed","title":"Given error code GROUP_MEMBER_NOT_FOUND, when mapping it, then it returns a safe Korean message"},{"ancestorTitles":["safe API error messages"],"duration":1,"failing":false,"failureDetails":[],"failureMessages":[],"fullName":"safe API error messages Given error code RECRUITMENT_NOT_FOUND, when mapping it, then it returns a safe Korean message","invocations":1,"location":null,"numPassingAsserts":1,"retryReasons":[],"startAt":1787286257150,"status":"passed","title":"Given error code RECRUITMENT_NOT_FOUND, when mapping it, then it returns a safe Korean message"},{"ancestorTitles":["safe API error messages"],"duration":0,"failing":false,"failureDetails":[],"failureMessages":[],"fullName":"safe API error messages Given error code REGISTRATION_NOT_FOUND, when mapping it, then it returns a safe Korean message","invocations":1,"location":null,"numPassingAsserts":1,"retryReasons":[],"startAt":1787286257151,"status":"passed","title":"Given error code REGISTRATION_NOT_FOUND, when mapping it, then it returns a safe Korean message"},{"ancestorTitles":["safe API error messages"],"duration":0,"failing":false,"failureDetails":[],"failureMessages":[],"fullName":"safe API error messages Given error code RECURRING_SCHEDULE_NOT_FOUND, when mapping it, then it returns a safe Korean message","invocations":1,"location":null,"numPassingAsserts":1,"retryReasons":[],"startAt":1787286257151,"status":"passed","title":"Given error code RECURRING_SCHEDULE_NOT_FOUND, when mapping it, then it returns a safe Korean message"},{"ancestorTitles":["safe API error messages"],"duration":0,"failing":false,"failureDetails":[],"failureMessages":[],"fullName":"safe API error messages Given error code IMAGE_NOT_FOUND, when mapping it, then it returns a safe Korean message","invocations":1,"location":null,"numPassingAsserts":1,"retryReasons":[],"startAt":1787286257151,"status":"passed","title":"Given error code IMAGE_NOT_FOUND, when mapping it, then it returns a safe Korean message"},{"ancestorTitles":["safe API error messages"],"duration":0,"failing":false,"failureDetails":[],"failureMessages":[],"fullName":"safe API error messages Given error code SCHEDULE_TYPE_MISMATCH, when mapping it, then it returns a safe Korean message","invocations":1,"location":null,"numPassingAsserts":1,"retryReasons":[],"startAt":1787286257151,"status":"passed","title":"Given error code SCHEDULE_TYPE_MISMATCH, when mapping it, then it returns a safe Korean message"},{"ancestorTitles":["safe API error messages"],"duration":1,"failing":false,"failureDetails":[],"failureMessages":[],"fullName":"safe API error messages Given error code SCHEDULE_REQUIRED, when mapping it, then it returns a safe Korean message","invocations":1,"location":null,"numPassingAsserts":1,"retryReasons":[],"startAt":1787286257151,"status":"passed","title":"Given error code SCHEDULE_REQUIRED, when mapping it, then it returns a safe Korean message"},{"ancestorTitles":["safe API error messages"],"duration":0,"failing":false,"failureDetails":[],"failureMessages":[],"fullName":"safe API error messages Given error code SCHEDULE_INVALID_RULE, when mapping it, then it returns a safe Korean message","invocations":1,"location":null,"numPassingAsserts":1,"retryReasons":[],"startAt":1787286257152,"status":"passed","title":"Given error code SCHEDULE_INVALID_RULE, when mapping it, then it returns a safe Korean message"},{"ancestorTitles":["safe API error messages"],"duration":0,"failing":false,"failureDetails":[],"failureMessages":[],"fullName":"safe API error messages Given error code GROUP_NAME_DUPLICATED, when mapping it, then it returns a safe Korean message","invocations":1,"location":null,"numPassingAsserts":1,"retryReasons":[],"startAt":1787286257152,"status":"passed","title":"Given error code GROUP_NAME_DUPLICATED, when mapping it, then it returns a safe Korean message"},{"ancestorTitles":["safe API error messages"],"duration":0,"failing":false,"failureDetails":[],"failureMessages":[],"fullName":"safe API error messages Given error code GROUP_ENDED, when mapping it, then it returns a safe Korean message","invocations":1,"location":null,"numPassingAsserts":1,"retryReasons":[],"startAt":1787286257152,"status":"passed","title":"Given error code GROUP_ENDED, when mapping it, then it returns a safe Korean message"},{"ancestorTitles":["safe API error messages"],"duration":0,"failing":false,"failureDetails":[],"failureMessages":[],"fullName":"safe API error messages Given error code GROUP_MEMBER_ALREADY_EXISTS, when mapping it, then it returns a safe Korean message","invocations":1,"location":null,"numPassingAsserts":1,"retryReasons":[],"startAt":1787286257152,"status":"passed","title":"Given error code GROUP_MEMBER_ALREADY_EXISTS, when mapping it, then it returns a safe Korean message"},{"ancestorTitles":["safe API error messages"],"duration":1,"failing":false,"failureDetails":[],"failureMessages":[],"fullName":"safe API error messages Given error code GROUP_DELETE_WINDOW_EXPIRED, when mapping it, then it returns a safe Korean message","invocations":1,"location":null,"numPassingAsserts":1,"retryReasons":[],"startAt":1787286257152,"status":"passed","title":"Given error code GROUP_DELETE_WINDOW_EXPIRED, when mapping it, then it returns a safe Korean message"},{"ancestorTitles":["safe API error messages"],"duration":0,"failing":false,"failureDetails":[],"failureMessages":[],"fullName":"safe API error messages Given error code GROUP_TERMINATION_NOT_AVAILABLE, when mapping it, then it returns a safe Korean message","invocations":1,"location":null,"numPassingAsserts":1,"retryReasons":[],"startAt":1787286257153,"status":"passed","title":"Given error code GROUP_TERMINATION_NOT_AVAILABLE, when mapping it, then it returns a safe Korean message"},{"ancestorTitles":["safe API error messages"],"duration":0,"failing":false,"failureDetails":[],"failureMessages":[],"fullName":"safe API error messages Given error code GROUP_ALREADY_ENDED, when mapping it, then it returns a safe Korean message","invocations":1,"location":null,"numPassingAsserts":1,"retryReasons":[],"startAt":1787286257153,"status":"passed","title":"Given error code GROUP_ALREADY_ENDED, when mapping it, then it returns a safe Korean message"},{"ancestorTitles":["safe API error messages"],"duration":0,"failing":false,"failureDetails":[],"failureMessages":[],"fullName":"safe API error messages Given error code MEMBER_ALREADY_EXISTS, when mapping it, then it returns a safe Korean message","invocations":1,"location":null,"numPassingAsserts":1,"retryReasons":[],"startAt":1787286257153,"status":"passed","title":"Given error code MEMBER_ALREADY_EXISTS, when mapping it, then it returns a safe Korean message"},{"ancestorTitles":["safe API error messages"],"duration":0,"failing":false,"failureDetails":[],"failureMessages":[],"fullName":"safe API error messages Given error code REGISTRATION_ALREADY_EXISTS, when mapping it, then it returns a safe Korean message","invocations":1,"location":null,"numPassingAsserts":1,"retryReasons":[],"startAt":1787286257153,"status":"passed","title":"Given error code REGISTRATION_ALREADY_EXISTS, when mapping it, then it returns a safe Korean message"},{"ancestorTitles":["safe API error messages"],"duration":1,"failing":false,"failureDetails":[],"failureMessages":[],"fullName":"safe API error messages Given error code MEMBER_CREW_DUPLICATED, when mapping it, then it returns a safe Korean message","invocations":1,"location":null,"numPassingAsserts":1,"retryReasons":[],"startAt":1787286257153,"status":"passed","title":"Given error code MEMBER_CREW_DUPLICATED, when mapping it, then it returns a safe Korean message"},{"ancestorTitles":["safe API error messages"],"duration":0,"failing":false,"failureDetails":[],"failureMessages":[],"fullName":"safe API error messages Given error code RECRUITMENT_ALREADY_CLOSED, when mapping it, then it returns a safe Korean message","invocations":1,"location":null,"numPassingAsserts":1,"retryReasons":[],"startAt":1787286257154,"status":"passed","title":"Given error code RECRUITMENT_ALREADY_CLOSED, when mapping it, then it returns a safe Korean message"},{"ancestorTitles":["safe API error messages"],"duration":0,"failing":false,"failureDetails":[],"failureMessages":[],"fullName":"safe API error messages Given error code RECRUITMENT_INVALID_PERIOD, when mapping it, then it returns a safe Korean message","invocations":1,"location":null,"numPassingAsserts":1,"retryReasons":[],"startAt":1787286257154,"status":"passed","title":"Given error code RECRUITMENT_INVALID_PERIOD, when mapping it, then it returns a safe Korean message"},{"ancestorTitles":["safe API error messages"],"duration":0,"failing":false,"failureDetails":[],"failureMessages":[],"fullName":"safe API error messages Given error code RECRUITMENT_NOT_OPEN, when mapping it, then it returns a safe Korean message","invocations":1,"location":null,"numPassingAsserts":1,"retryReasons":[],"startAt":1787286257154,"status":"passed","title":"Given error code RECRUITMENT_NOT_OPEN, when mapping it, then it returns a safe Korean message"},{"ancestorTitles":["safe API error messages"],"duration":0,"failing":false,"failureDetails":[],"failureMessages":[],"fullName":"safe API error messages Given error code RECRUITMENT_CAPACITY_EXCEEDED, when mapping it, then it returns a safe Korean message","invocations":1,"location":null,"numPassingAsserts":1,"retryReasons":[],"startAt":1787286257154,"status":"passed","title":"Given error code RECRUITMENT_CAPACITY_EXCEEDED, when mapping it, then it returns a safe Korean message"},{"ancestorTitles":["safe API error messages"],"duration":1,"failing":false,"failureDetails":[],"failureMessages":[],"fullName":"safe API error messages Given error code REGISTRATION_ALREADY_DECIDED, when mapping it, then it returns a safe Korean message","invocations":1,"location":null,"numPassingAsserts":1,"retryReasons":[],"startAt":1787286257154,"status":"passed","title":"Given error code REGISTRATION_ALREADY_DECIDED, when mapping it, then it returns a safe Korean message"},{"ancestorTitles":["safe API error messages"],"duration":1,"failing":false,"failureDetails":[],"failureMessages":[],"fullName":"safe API error messages Given error code GROUP_PENDING_REGISTRATION_EXISTS, when mapping it, then it returns a safe Korean message","invocations":1,"location":null,"numPassingAsserts":1,"retryReasons":[],"startAt":1787286257155,"status":"passed","title":"Given error code GROUP_PENDING_REGISTRATION_EXISTS, when mapping it, then it returns a safe Korean message"},{"ancestorTitles":["safe API error messages"],"duration":0,"failing":false,"failureDetails":[],"failureMessages":[],"fullName":"safe API error messages Given error code GROUP_MEMBER_ALREADY_LEADER, when mapping it, then it returns a safe Korean message","invocations":1,"location":null,"numPassingAsserts":1,"retryReasons":[],"startAt":1787286257156,"status":"passed","title":"Given error code GROUP_MEMBER_ALREADY_LEADER, when mapping it, then it returns a safe Korean message"},{"ancestorTitles":["safe API error messages"],"duration":0,"failing":false,"failureDetails":[],"failureMessages":[],"fullName":"safe API error messages Given error code LEADER_DELEGATION_NOT_ALLOWED_FOR_ENDED_GROUP, when mapping it, then it returns a safe Korean message","invocations":1,"location":null,"numPassingAsserts":1,"retryReasons":[],"startAt":1787286257156,"status":"passed","title":"Given error code LEADER_DELEGATION_NOT_ALLOWED_FOR_ENDED_GROUP, when mapping it, then it returns a safe Korean message"},{"ancestorTitles":["safe API error messages"],"duration":0,"failing":false,"failureDetails":[],"failureMessages":[],"fullName":"safe API error messages Given error code OAUTH_PROVIDER_ERROR, when mapping it, then it returns a safe Korean message","invocations":1,"location":null,"numPassingAsserts":1,"retryReasons":[],"startAt":1787286257156,"status":"passed","title":"Given error code OAUTH_PROVIDER_ERROR, when mapping it, then it returns a safe Korean message"},{"ancestorTitles":["safe API error messages"],"duration":0,"failing":false,"failureDetails":[],"failureMessages":[],"fullName":"safe API error messages Given error code OAUTH_INVALID_CALLBACK, when mapping it, then it returns a safe Korean message","invocations":1,"location":null,"numPassingAsserts":1,"retryReasons":[],"startAt":1787286257156,"status":"passed","title":"Given error code OAUTH_INVALID_CALLBACK, when mapping it, then it returns a safe Korean message"},{"ancestorTitles":["safe API error messages"],"duration":1,"failing":false,"failureDetails":[],"failureMessages":[],"fullName":"safe API error messages Given error code OAUTH_STATE_INVALID, when mapping it, then it returns a safe Korean message","invocations":1,"location":null,"numPassingAsserts":1,"retryReasons":[],"startAt":1787286257156,"status":"passed","title":"Given error code OAUTH_STATE_INVALID, when mapping it, then it returns a safe Korean message"},{"ancestorTitles":["safe API error messages"],"duration":0,"failing":false,"failureDetails":[],"failureMessages":[],"fullName":"safe API error messages Given error code INTERNAL_ERROR, when mapping it, then it returns a safe Korean message","invocations":1,"location":null,"numPassingAsserts":1,"retryReasons":[],"startAt":1787286257157,"status":"passed","title":"Given error code INTERNAL_ERROR, when mapping it, t
[...]
image boundary value https://cdn.example.com/group.png","invocations":1,"location":null,"numPassingAsserts":1,"retryReasons":[],"startAt":1787286257576,"status":"passed","title":"normalizes a representative image boundary value https://cdn.example.com/group.png"},{"ancestorTitles":["backend DTO schemas"],"duration":0,"failing":false,"failureDetails":[],"failureMessages":[],"fullName":"backend DTO schemas normalizes a representative image boundary value http://cdn.example.com/group.png","invocations":1,"location":null,"numPassingAsserts":1,"retryReasons":[],"startAt":1787286257576,"status":"passed","title":"normalizes a representative image boundary value http://cdn.example.com/group.png"},{"ancestorTitles":["backend DTO schemas"],"duration":1,"failing":false,"failureDetails":[],"failureMessages":[],"fullName":"backend DTO schemas normalizes a representative image boundary value null","invocations":1,"location":null,"numPassingAsserts":1,"retryReasons":[],"startAt":1787286257576,"status":"passed","title":"normalizes a representative image boundary value null"},{"ancestorTitles":["backend DTO schemas"],"duration":0,"failing":false,"failureDetails":[],"failureMessages":[],"fullName":"backend DTO schemas parses both mapped and raw upcoming recruitment close statuses","invocations":1,"location":null,"numPassingAsserts":1,"retryReasons":[],"startAt":1787286257577,"status":"passed","title":"parses both mapped and raw upcoming recruitment close statuses"},{"ancestorTitles":["backend DTO schemas"],"duration":1,"failing":false,"failureDetails":[],"failureMessages":[],"fullName":"backend DTO schemas preserves nullable recruitment end time","invocations":1,"location":null,"numPassingAsserts":1,"retryReasons":[],"startAt":1787286257577,"status":"passed","title":"preserves nullable recruitment end time"},{"ancestorTitles":["backend DTO schemas"],"duration":0,"failing":false,"failureDetails":[],"failureMessages":[],"fullName":"backend DTO schemas accepts omitted nullable create-registration decision fields","invocations":1,"location":null,"numPassingAsserts":1,"retryReasons":[],"startAt":1787286257578,"status":"passed","title":"accepts omitted nullable create-registration decision fields"},{"ancestorTitles":["backend DTO schemas"],"duration":1,"failing":false,"failureDetails":[],"failureMessages":[],"fullName":"backend DTO schemas rejects APPROVE because the backend decision is APPROVED","invocations":1,"location":null,"numPassingAsserts":1,"retryReasons":[],"startAt":1787286257578,"status":"passed","title":"rejects APPROVE because the backend decision is APPROVED"},{"ancestorTitles":["backend DTO schemas"],"duration":0,"failing":false,"failureDetails":[],"failureMessages":[],"fullName":"backend DTO schemas distinguishes signup session from a completed member profile","invocations":1,"location":null,"numPassingAsserts":1,"retryReasons":[],"startAt":1787286257579,"status":"passed","title":"distinguishes signup session from a completed member profile"}],"endTime":1787286257580,"message":"","name":"/Users/ohjonghyuk0717/Desktop/jarihana/frontend/tests/domain/domain-contracts.test.js","startTime":1787286257529,"status":"passed","summary":""},{"assertionResults":[{"ancestorTitles":["management text color tokens"],"duration":0,"failing":false,"failureDetails":[],"failureMessages":[],"fullName":"management text color tokens uses contrast-safe semantic aliases instead of decorative brand or muted colors for text","invocations":1,"location":null,"numPassingAsserts":4,"retryReasons":[],"startAt":1787286257624,"status":"passed","title":"uses contrast-safe semantic aliases instead of decorative brand or muted colors for text"},{"ancestorTitles":["management text color tokens"],"duration":1,"failing":false,"failureDetails":[],"failureMessages":[],"fullName":"management text color tokens keeps Korean words intact on narrow management screens and centralizes repeated border values","invocations":1,"location":null,"numPassingAsserts":6,"retryReasons":[],"startAt":1787286257624,"status":"passed","title":"keeps Korean words intact on narrow management screens and centralizes repeated border values"},{"ancestorTitles":["management text color tokens"],"duration":0,"failing":false,"failureDetails":[],"failureMessages":[],"fullName":"management text color tokens uses the final2 operational density and reflows before tablet labels become narrow","invocations":1,"location":null,"numPassingAsserts":6,"retryReasons":[],"startAt":1787286257625,"status":"passed","title":"uses the final2 operational density and reflows before tablet labels become narrow"}],"endTime":1787286257626,"message":"","name":"/Users/ohjonghyuk0717/Desktop/jarihana/frontend/tests/pages/manage/manage-css.test.js","startTime":1787286257583,"status":"passed","summary":""},{"assertionResults":[{"ancestorTitles":["Korean-safe shared layouts"],"duration":1,"failing":false,"failureDetails":[],"failureMessages":[],"fullName":"Korean-safe shared layouts Given narrow Korean copy in .ui-group-card__title, When it wraps, Then whole words are preferred with an overflow fallback","invocations":1,"location":null,"numPassingAsserts":2,"retryReasons":[],"startAt":1787286257663,"status":"passed","title":"Given narrow Korean copy in .ui-group-card__title, When it wraps, Then whole words are preferred with an overflow fallback"},{"ancestorTitles":["Korean-safe shared layouts"],"duration":3,"failing":false,"failureDetails":[],"failureMessages":[],"fullName":"Korean-safe shared layouts Given narrow Korean copy in .ui-recruitment-card__title, When it wraps, Then whole words are preferred with an overflow fallback","invocations":1,"location":null,"numPassingAsserts":2,"retryReasons":[],"startAt":1787286257665,"status":"passed","title":"Given narrow Korean copy in .ui-recruitment-card__title, When it wraps, Then whole words are preferred with an overflow fallback"},{"ancestorTitles":["Korean-safe shared layouts"],"duration":1,"failing":false,"failureDetails":[],"failureMessages":[],"fullName":"Korean-safe shared layouts Given narrow Korean copy in .ui-state__title, When it wraps, Then whole words are preferred with an overflow fallback","invocations":1,"location":null,"numPassingAsserts":2,"retryReasons":[],"startAt":1787286257668,"status":"passed","title":"Given narrow Korean copy in .ui-state__title, When it wraps, Then whole words are preferred with an overflow fallback"},{"ancestorTitles":["Korean-safe shared layouts"],"duration":1,"failing":false,"failureDetails":[],"failureMessages":[],"fullName":"Korean-safe shared layouts Given narrow Korean copy in .ui-state__description, When it wraps, Then whole words are preferred with an overflow fallback","invocations":1,"location":null,"numPassingAsserts":2,"retryReasons":[],"startAt":1787286257670,"status":"passed","title":"Given narrow Korean copy in .ui-state__description, When it wraps, Then whole words are preferred with an overflow fallback"},{"ancestorTitles":["Korean-safe shared layouts"],"duration":2,"failing":false,"failureDetails":[],"failureMessages":[],"fullName":"Korean-safe shared layouts Given the 360px showcase grid, When cards reflow, Then columns and children can shrink without horizontal clipping","invocations":1,"location":null,"numPassingAsserts":2,"retryReasons":[],"startAt":1787286257671,"status":"passed","title":"Given the 360px showcase grid, When cards reflow, Then columns and children can shrink without horizontal clipping"},{"ancestorTitles":["Korean-safe shared layouts"],"duration":2,"failing":false,"failureDetails":[],"failureMessages":[],"fullName":"Korean-safe shared layouts Given the showcase loading specimen, When its height is styled, Then JSX contains no raw inline height","invocations":1,"location":null,"numPassingAsserts":3,"retryReasons":[],"startAt":1787286257673,"status":"passed","title":"Given the showcase loading specimen, When its height is styled, Then JSX contains no raw inline height"}],"endTime":1787286257675,"message":"","name":"/Users/ohjonghyuk0717/Desktop/jarihana/frontend/tests/ui/cjk-layout.test.js","startTime":1787286257632,"status":"passed","summary":""},{"assertionResults":[{"ancestorTitles":[],"duration":1,"failing":false,"failureDetails":[],"failureMessages":[],"fullName":"aliases lane page names to the public route contract","invocations":1,"location":null,"numPassingAsserts":4,"retryReasons":[],"startAt":1787286257714,"status":"passed","title":"aliases lane page names to the public route contract"},{"ancestorTitles":[],"duration":4,"failing":false,"failureDetails":[],"failureMessages":[],"fullName":"renders a recoverable 404 page","invocations":1,"location":null,"numPassingAsserts":2,"retryReasons":[],"startAt":1787286257715,"status":"passed","title":"renders a recoverable 404 page"}],"endTime":1787286257719,"message":"","name":"/Users/ohjonghyuk0717/Desktop/jarihana/frontend/tests/app/pages-index.test.jsx","startTime":1787286257679,"status":"passed","summary":""},{"assertionResults":[{"ancestorTitles":[],"duration":1,"failing":false,"failureDetails":[],"failureMessages":[],"fullName":"creates an isolated query client with bounded retries and stable cached content","invocations":1,"location":null,"numPassingAsserts":4,"retryReasons":[],"startAt":1787286257760,"status":"passed","title":"creates an isolated query client with bounded retries and stable cached content"},{"ancestorTitles":[],"duration":2,"failing":false,"failureDetails":[],"failureMessages":[],"fullName":"provides the global toast surface to route pages","invocations":1,"location":null,"numPassingAsserts":1,"retryReasons":[],"startAt":1787286257762,"status":"passed","title":"provides the global toast surface to route pages"}],"endTime":1787286257764,"message":"","name":"/Users/ohjonghyuk0717/Desktop/jarihana/frontend/tests/app/providers.test.js","startTime":1787286257724,"status":"passed","summary":""},{"assertionResults":[{"ancestorTitles":[],"duration":1,"failing":false,"failureDetails":[],"failureMessages":[],"fullName":"Given public build variables, when reading OAuth config, then it exposes only public settings","invocations":1,"location":null,"numPassingAsserts":1,"retryReasons":[],"startAt":1787286257798,"status":"passed","title":"Given public build variables, when reading OAuth config, then it exposes only public settings"}],"endTime":1787286257799,"message":"","name":"/Users/ohjonghyuk0717/Desktop/jarihana/frontend/tests/auth/config.test.js","startTime":1787286257768,"status":"passed","summary":""},{"assertionResults":[{"ancestorTitles":["text role color tokens"],"duration":1,"failing":false,"failureDetails":[],"failureMessages":[],"fullName":"text role color tokens Given the --color-brand-ink role, When used on supported light surfaces, Then every contrast is WCAG AA","invocations":1,"location":null,"numPassingAsserts":4,"retryReasons":[],"startAt":1787286257833,"status":"passed","title":"Given the --color-brand-ink role, When used on supported light surfaces, Then every contrast is WCAG AA"},{"ancestorTitles":["text role color tokens"],"duration":0,"failing":false,"failureDetails":[],"failureMessages":[],"fullName":"text role color tokens Given the --color-muted-ink role, When used on supported light surfaces, Then every contrast is WCAG AA","invocations":1,"location":null,"numPassingAsserts":4,"retryReasons":[],"startAt":1787286257834,"status":"passed","title":"Given the --color-muted-ink role, When used on supported light surfaces, Then every contrast is WCAG AA"}],"endTime":1787286257834,"message":"","name":"/Users/ohjonghyuk0717/Desktop/jarihana/frontend/tests/ui/contrast.test.js","startTime":1787286257803,"status":"passed","summary":""},{"assertionResults":[{"ancestorTitles":["authenticated route access"],"duration":1,"failing":false,"failureDetails":[],"failureMessages":[],"fullName":"authenticated route access returns a loading decision while the cookie session is bootstrapping","invocations":1,"location":null,"numPassingAsserts":1,"retryReasons":[],"startAt":1787286257870,"status":"passed","title":"returns a loading decision while the cookie session is bootstrapping"},{"ancestorTitles":["authenticated route access"],"duration":0,"failing":false,"failureDetails":[],"failureMessages":[],"fullName":"authenticated route access preserves the deep link when an anonymous visitor reaches a protected route","invocations":1,"location":null,"numPassingAsserts":1,"retryReasons":[],"startAt":1787286257871,"status":"passed","title":"preserves the deep link when an anonymous visitor reaches a protected route"},{"ancestorTitles":["authenticated route access"],"duration":0,"failing":false,"failureDetails":[],"failureMessages":[],"fullName":"authenticated route access sends an incomplete signup session to signup","invocations":1,"location":null,"numPassingAsserts":1,"retryReasons":[],"startAt":1787286257871,"status":"passed","title":"sends an incomplete signup session to signup"},{"ancestorTitles":["authenticated route access"],"duration":1,"failing":false,"failureDetails":[],"failureMessages":[],"fullName":"authenticated route access allows an authenticated member to continue","invocations":1,"location":null,"numPassingAsserts":1,"retryReasons":[],"startAt":1787286257871,"status":"passed","title":"allows an authenticated member to continue"},{"ancestorTitles":["authenticated route access"],"duration":0,"failing":false,"failureDetails":[],"failureMessages":[],"fullName":"authenticated route access keeps an unavailable auth service out of both protected content and login redirects","invocations":1,"location":null,"numPassingAsserts":1,"retryReasons":[],"startAt":1787286257872,"status":"passed","title":"keeps an unavailable auth service out of both protected content and login redirects"},{"ancestorTitles":["leader route access"],"duration":2,"failing":false,"failureDetails":[],"failureMessages":[],"fullName":"leader route access allows only the member named by the server group detail","invocations":1,"location":null,"numPassingAsserts":1,"retryReasons":[],"startAt":1787286257872,"status":"passed","title":"allows only the member named by the server group detail"},{"ancestorTitles":["leader route access"],"duration":0,"failing":false,"failureDetails":[],"failureMessages":[],"fullName":"leader route access forbids a signed-in non-leader","invocations":1,"location":null,"numPassingAsserts":1,"retryReasons":[],"startAt":1787286257874,"status":"passed","title":"forbids a signed-in non-leader"},{"ancestorTitles":["signup route access"],"duration":0,"failing":false,"failureDetails":[],"failureMessages":[],"fullName":"signup route access keeps an incomplete signup session on the signup route","invocations":1,"location":null,"numPassingAsserts":1,"retryReasons":[],"startAt":1787286257875,"status":"passed","title":"keeps an incomplete signup session on the signup route"},{"ancestorTitles":["signup route access"],"duration":0,"failing":false,"failureDetails":[],"failureMessages":[],"fullName":"signup route access returns a completed member only to a safe internal deep link","invocations":1,"location":null,"numPassingAsserts":2,"retryReasons":[],"startAt":1787286257875,"status":"passed","title":"returns a completed member only to a safe internal deep link"},{"ancestorTitles":["signup route access"],"duration":0,"failing":false,"failureDetails":[],"failureMessages":[],"fullName":"signup route access does not expose the signup form to a plain anonymous visitor","invocations":1,"location":null,"numPassingAsserts":1,"retryReasons":[],"startAt":1787286257875,"status":"passed","title":"does not expose the signup form to a plain anonymous visitor"},{"ancestorTitles":["signup route access"],"duration":1,"failing":false,"failureDetails":[],"failureMessages":[],"fullName":"signup route access shows recovery instead of a signup form when auth is unavailable","invocations":1,"location":null,"numPassingAsserts":1,"retryReasons":[],"startAt":1787286257875,"status":"passed","title":"shows recovery instead of a signup form when auth is unavailable"}],"endTime":1787286257876,"message":"","name":"/Users/ohjonghyuk0717/Desktop/jarihana/frontend/tests/app/route-access.test.js","startTime":1787286257839,"status":"passed","summary":""},{"assertionResults":[{"ancestorTitles":[],"duration":1,"failing":false,"failureDetails":[],"failureMessages":[],"fullName":"keeps the brand-filled signup continuation action readable","invocations":1,"location":null,"numPassingAsserts":2,"retryReasons":[],"startAt":1787286257910,"status":"passed","title":"keeps the brand-filled signup continuation action readable"},{"ancestorTitles":[],"duration":1,"failing":false,"failureDetails":[],"failureMessages":[],"fullName":"uses the inset Figma desktop shell and shared header geometry tokens","invocations":1,"location":null,"numPassingAsserts":22,"retryReasons":[],"startAt":1787286257911,"status":"passed","title":"uses the inset Figma desktop shell and shared header geometry tokens"}],"endTime":1787286257912,"message":"","name":"/Users/ohjonghyuk0717/Desktop/jarihana/frontend/tests/app/app-shell-css.test.js","startTime":1787286257879,"status":"passed","summary":""},{"assertionResults":[{"ancestorTitles":[],"duration":0,"failing":false,"failureDetails":[],"failureMessages":[],"fullName":"enables inspection tools only in an explicitly enabled development build","invocations":1,"location":null,"numPassingAsserts":3,"retryReasons":[],"startAt":1787286257948,"status":"passed","title":"enables inspection tools only in an explicitly enabled development build"},{"ancestorTitles":[],"duration":1,"failing":false,"failureDetails":[],"failureMessages":[],"fullName":"does not resolve development modules when tooling is disabled","invocations":1,"location":null,"numPassingAsserts":2,"retryReasons":[],"startAt":1787286257948,"status":"passed","title":"does not resolve development modules when tooling is disabled"},{"ancestorTitles":[],"duration":0,"failing":false,"failureDetails":[],"failureMessages":[],"fullName":"starts supported development modules when tooling is enabled","invocations":1,"location":null,"numPassingAsserts":3,"retryReasons":[],"startAt":1787286257949,"status":"passed","title":"starts supported development modules when tooling is enabled"}],"endTime":1787286257949,"message":"","name":"/Users/ohjonghyuk0717/Desktop/jarihana/frontend/tests/app/development-tools.test.js","startTime":1787286257916,"status":"passed","summary":""},{"assertionResults":[{"ancestorTitles":["formatKoreanDate"],"duration":1,"failing":false,"failureDetails":[],"failureMessages":[],"fullName":"formatKoreanDate Given repeated dates, When values are formatted, Then the Korean formatter is reused","invocations":1,"location":null,"numPassingAsserts":2,"retryReasons":[],"startAt":1787286257983,"status":"passed","title":"Given repeated dates, When values are formatted, Then the Korean formatter is reused"}],"endTime":1787286257984,"message":"","name":"/Users/ohjonghyuk0717/Desktop/jarihana/frontend/tests/pages/account/account-utils.test.js","startTime":1787286257955,"status":"passed","summary":""},{"assertionResults":[{"ancestorTitles":[],"duration":0,"failing":false,"failureDetails":[],"failureMessages":[],"fullName":"registers every public, member, leader, showcase, and fallback route","invocations":1,"location":null,"numPassingAsserts":1,"retryReasons":[],"startAt":1787286258018,"status":"passed","title":"registers every public, member, leader, showcase, and fallback route"},{"ancestorTitles":[],"duration":3,"failing":false,"failureDetails":[],"failureMessages":[],"fullName":"marks route authority without relying on path-prefix guesses","invocations":1,"location":null,"numPassingAsserts":2,"retryReasons":[],"startAt":1787286258018,"status":"passed","title":"marks route authority without relying on path-prefix guesses"}],"endTime":1787286258022,"message":"","name":"/Users/ohjonghyuk0717/Desktop/jarihana/frontend/tests/app/route-registry.test.js","startTime":1787286257990,"status":"passed","summary":""}],"wasInterrupted":false}
