{"numFailedTestSuites":0,"numFailedTests":0,"numPassedTestSuites":41,"numPassedTests":255,"numPendingTestSuites":0,"numPendingTests":0,"numRuntimeErrorTestSuites":0,"numTodoTests":0,"numTotalTestSuites":41,"numTotalTests":255,"openHandles":[],"snapshot":{"added":0,"didUpdate":false,"failure":false,"filesAdded":0,"filesRemoved":0,"filesRemovedList":[],"filesUnmatched":0,"filesUpdated":0,"matched":0,"total":0,"unchecked":0,"uncheckedKeysByFile":[],"unmatched":0,"updated":0},"startTime":1787286757083,"success":true,"testResults":[{"assertionResults":[{"ancestorTitles":["NewGroupPage"],"duration":205,"failing":false,"failureDetails":[],"failureMessages":[],"fullName":"NewGroupPage submits the exact SESSION create body when the session form is valid","invocations":1,"location":null,"numPassingAsserts":1,"retryReasons":[],"startAt":1787286757552,"status":"passed","title":"submits the exact SESSION create body when the session form is valid"},{"ancestorTitles":["NewGroupPage"],"duration":77,"failing":false,"failureDetails":[],"failureMessages":[],"fullName":"NewGroupPage requires an activity day for recurring groups and never exposes a fake upload","invocations":1,"location":null,"numPassingAsserts":4,"retryReasons":[],"startAt":1787286757758,"status":"passed","title":"requires an activity day for recurring groups and never exposes a fake upload"},{"ancestorTitles":["NewGroupPage"],"duration":94,"failing":false,"failureDetails":[],"failureMessages":[],"fullName":"NewGroupPage locks a valid create form after the first submission","invocations":1,"location":null,"numPassingAsserts":3,"retryReasons":[],"startAt":1787286757835,"status":"passed","title":"locks a valid create form after the first submission"},{"ancestorTitles":["GroupManagePage"],"duration":59,"failing":false,"failureDetails":[],"failureMessages":[],"fullName":"GroupManagePage edits only the backend-supported overview fields","invocations":1,"location":null,"numPassingAsserts":2,"retryReasons":[],"startAt":1787286757929,"status":"passed","title":"edits only the backend-supported overview fields"},{"ancestorTitles":["GroupManagePage"],"duration":14,"failing":false,"failureDetails":[],"failureMessages":[],"fullName":"GroupManagePage separates the compact overview hero from the long description editor","invocations":1,"location":null,"numPassingAsserts":4,"retryReasons":[],"startAt":1787286757988,"status":"passed","title":"separates the compact overview hero from the long description editor"},{"ancestorTitles":["GroupManagePage"],"duration":14,"failing":false,"failureDetails":[],"failureMessages":[],"fullName":"GroupManagePage uses the in-place edit hierarchy without numbered cards or an upload action","invocations":1,"location":null,"numPassingAsserts":3,"retryReasons":[],"startAt":1787286758002,"status":"passed","title":"uses the in-place edit hierarchy without numbered cards or an upload action"},{"ancestorTitles":["GroupManagePage"],"duration":22,"failing":false,"failureDetails":[],"failureMessages":[],"fullName":"GroupManagePage uses termination after the 24-hour deletion window","invocations":1,"location":null,"numPassingAsserts":2,"retryReasons":[],"startAt":1787286758016,"status":"passed","title":"uses termination after the 24-hour deletion window"},{"ancestorTitles":["GroupManagePage"],"duration":43,"failing":false,"failureDetails":[],"failureMessages":[],"fullName":"GroupManagePage deletes within 24 hours and replaces a recurring schedule exactly","invocations":1,"location":null,"numPassingAsserts":3,"retryReasons":[],"startAt":1787286758038,"status":"passed","title":"deletes within 24 hours and replaces a recurring schedule exactly"},{"ancestorTitles":["GroupManagePage"],"duration":24,"failing":false,"failureDetails":[],"failureMessages":[],"fullName":"GroupManagePage surfaces a safe mutation failure without navigating away","invocations":1,"location":null,"numPassingAsserts":2,"retryReasons":[],"startAt":1787286758081,"status":"passed","title":"surfaces a safe mutation failure without navigating away"},{"ancestorTitles":["GroupManagePage"],"duration":21,"failing":false,"failureDetails":[],"failureMessages":[],"fullName":"GroupManagePage returns from management to the public group detail","invocations":1,"location":null,"numPassingAsserts":1,"retryReasons":[],"startAt":1787286758106,"status":"passed","title":"returns from management to the public group detail"}],"endTime":1787286758128,"message":"","name":"/Users/ohjonghyuk0717/Desktop/jarihana/frontend/tests/pages/group-editor/group-editor-pages.test.jsx","startTime":1787286757309,"status":"passed","summary":""},{"assertionResults":[{"ancestorTitles":["ManageMembersPage"],"duration":24,"failing":false,"failureDetails":[],"failureMessages":[],"fullName":"ManageMembersPage Given the full member DTO, When rendered, Then it exposes every server-owned member field and no expulsion action","invocations":1,"location":null,"numPassingAsserts":5,"retryReasons":[],"startAt":1787286758216,"status":"passed","title":"Given the full member DTO, When rendered, Then it exposes every server-owned member field and no expulsion action"},{"ancestorTitles":["ManageMembersPage"],"duration":12,"failing":false,"failureDetails":[],"failureMessages":[],"fullName":"ManageMembersPage Given group context, When rendered, Then it exposes the Figma management header, local tabs, and dense member table","invocations":1,"location":null,"numPassingAsserts":5,"retryReasons":[],"startAt":1787286758240,"status":"passed","title":"Given group context, When rendered, Then it exposes the Figma management header, local tabs, and dense member table"},{"ancestorTitles":["ManageMembersPage"],"duration":36,"failing":false,"failureDetails":[],"failureMessages":[],"fullName":"ManageMembersPage Given a member, When leader transfer is confirmed, Then it sends only the group-member identifier","invocations":1,"location":null,"numPassingAsserts":2,"retryReasons":[],"startAt":1787286758252,"status":"passed","title":"Given a member, When leader transfer is confirmed, Then it sends only the group-member identifier"},{"ancestorTitles":["ManageRecruitmentsPage"],"duration":145,"failing":false,"failureDetails":[],"failureMessages":[],"fullName":"ManageRecruitmentsPage Given valid local date-time values, When a recruitment is created, Then it sends the exact backend payload","invocations":1,"location":null,"numPassingAsserts":1,"retryReasons":[],"startAt":1787286758288,"status":"passed","title":"Given valid local date-time values, When a recruitment is created, Then it sends the exact backend payload"},{"ancestorTitles":["ManageRecruitmentsPage"],"duration":39,"failing":false,"failureDetails":[],"failureMessages":[],"fullName":"ManageRecruitmentsPage Given an open recruitment, When closing is confirmed, Then it sends CLOSED and keeps a tolerant status surface","invocations":1,"location":null,"numPassingAsserts":1,"retryReasons":[],"startAt":1787286758433,"status":"passed","title":"Given an open recruitment, When closing is confirmed, Then it sends CLOSED and keeps a tolerant status surface"},{"ancestorTitles":["ManageRecruitmentsPage"],"duration":31,"failing":false,"failureDetails":[],"failureMessages":[],"fullName":"ManageRecruitmentsPage Given a create request in flight, When the form is submitted twice rapidly, Then it sends only one request","invocations":1,"location":null,"numPassingAsserts":2,"retryReasons":[],"startAt":1787286758472,"status":"passed","title":"Given a create request in flight, When the form is submitted twice rapidly, Then it sends only one request"},{"ancestorTitles":["ManageRegistrationsPage"],"duration":54,"failing":false,"failureDetails":[],"failureMessages":[],"fullName":"ManageRegistrationsPage Given a pending applicant, When approved, Then it sends APPROVED and omits the decision reason","invocations":1,"location":null,"numPassingAsserts":1,"retryReasons":[],"startAt":1787286758503,"status":"passed","title":"Given a pending applicant, When approved, Then it sends APPROVED and omits the decision reason"},{"ancestorTitles":["ManageRegistrationsPage"],"duration":92,"failing":false,"failureDetails":[],"failureMessages":[],"fullName":"ManageRegistrationsPage Given a pending applicant, When rejected with a reason, Then it sends REJECTED with that optional reason","invocations":1,"location":null,"numPassingAsserts":1,"retryReasons":[],"startAt":1787286758557,"status":"passed","title":"Given a pending applicant, When rejected with a reason, Then it sends REJECTED with that optional reason"},{"ancestorTitles":["ManageRegistrationsPage"],"duration":23,"failing":false,"failureDetails":[],"failureMessages":[],"fullName":"ManageRegistrationsPage Given a filter selection, When changed, Then the server hook receives the exact status","invocations":1,"location":null,"numPassingAsserts":1,"retryReasons":[],"startAt":1787286758649,"status":"passed","title":"Given a filter selection, When changed, Then the server hook receives the exact status"},{"ancestorTitles":["ManageRegistrationsPage"],"duration":10,"failing":false,"failureDetails":[],"failureMessages":[],"fullName":"ManageRegistrationsPage Given router params, When rendered, Then it uses the router identifiers and a client-side management link","invocations":1,"location":null,"numPassingAsserts":2,"retryReasons":[],"startAt":1787286758672,"status":"passed","title":"Given router params, When rendered, Then it uses the router identifiers and a client-side management link"},{"ancestorTitles":["ManageRegistrationsPage"],"duration":12,"failing":false,"failureDetails":[],"failureMessages":[],"fullName":"ManageRegistrationsPage Given an active recruitment, When rendered, Then the applicant panel is directly identifiable in the management chrome","invocations":1,"location":null,"numPassingAsserts":3,"retryReasons":[],"startAt":1787286758682,"status":"passed","title":"Given an active recruitment, When rendered, Then the applicant panel is directly identifiable in the management chrome"},{"ancestorTitles":["ManageRegistrationsPage"],"duration":15,"failing":false,"failureDetails":[],"failureMessages":[],"fullName":"ManageRegistrationsPage Given the final2 operational dashboard, When rendered, Then it uses compact filters and no redundant stat card","invocations":1,"location":null,"numPassingAsserts":4,"retryReasons":[],"startAt":1787286758694,"status":"passed","title":"Given the final2 operational dashboard, When rendered, Then it uses compact filters and no redundant stat card"},{"ancestorTitles":["ManageRegistrationsPage"],"duration":11,"failing":false,"failureDetails":[],"failureMessages":[],"fullName":"ManageRegistrationsPage Given real member and recruitment queries, When rendered, Then the Figma side rail shows their live snapshot","invocations":1,"location":null,"numPassingAsserts":6,"retryReasons":[],"startAt":1787286758709,"status":"passed","title":"Given real member and recruitment queries, When rendered, Then the Figma side rail shows their live snapshot"},{"ancestorTitles":["ManageRegistrationsPage"],"duration":12,"failing":false,"failureDetails":[],"failureMessages":[],"fullName":"ManageRegistrationsPage Given side-rail query errors, When applicants load, Then safe independent rail errors do not block decisions","invocations":1,"location":null,"numPassingAsserts":5,"retryReasons":[],"startAt":1787286758720,"status":"passed","title":"Given side-rail query errors, When applicants load, Then safe independent rail errors do not block decisions"},{"ancestorTitles":["ManageRegistrationsPage"],"duration":43,"failing":false,"failureDetails":[],"failureMessages":[],"fullName":"ManageRegistrationsPage Given a rejected decision mutation, When confirming, Then the dialog stays open and only a safe error is shown","invocations":1,"location":null,"numPassingAsserts":3,"retryReasons":[],"startAt":1787286758733,"status":"passed","title":"Given a rejected decision mutation, When confirming, Then the dialog stays open and only a safe error is shown"}],"endTime":1787286758777,"message":"","name":"/Users/ohjonghyuk0717/Desktop/jarihana/frontend/tests/pages/manage/manage-pages.test.jsx","startTime":1787286758134,"status":"passed","summary":""},{"assertionResults":[{"ancestorTitles":[],"duration":15,"failing":false,"failureDetails":[],"failureMessages":[],"fullName":"Given group results, when the explorer loads, then cards and result state are visible","invocations":1,"location":null,"numPassingAsserts":5,"retryReasons":[],"startAt":1787286758874,"status":"passed","title":"Given group results, when the explorer loads, then cards and result state are visible"},{"ancestorTitles":[],"duration":49,"failing":false,"failureDetails":[],"failureMessages":[],"fullName":"Given filters, when search is submitted, then the URL-backed query reaches the hook","invocations":1,"location":null,"numPassingAsserts":1,"retryReasons":[],"startAt":1787286758889,"status":"passed","title":"Given filters, when search is submitted, then the URL-backed query reaches the hook"},{"ancestorTitles":[],"duration":17,"failing":false,"failureDetails":[],"failureMessages":[],"fullName":"Given a group, when the member tab is selected, then members load in a semantic tab panel","invocations":1,"location":null,"numPassingAsserts":2,"retryReasons":[],"startAt":1787286758938,"status":"passed","title":"Given a group, when the member tab is selected, then members load in a semantic tab panel"},{"ancestorTitles":[],"duration":78,"failing":false,"failureDetails":[],"failureMessages":[],"fullName":"Given an authenticated member, when an application is confirmed, then the original LocalDateTime-safe payload is submitted","invocations":1,"location":null,"numPassingAsserts":2,"retryReasons":[],"startAt":1787286758955,"status":"passed","title":"Given an authenticated member, when an application is confirmed, then the original LocalDateTime-safe payload is submitted"},{"ancestorTitles":[],"duration":3,"failing":false,"failureDetails":[],"failureMessages":[],"fullName":"Given a closed recruitment, when opened, then no application control is exposed","invocations":1,"location":null,"numPassingAsserts":2,"retryReasons":[],"startAt":1787286759033,"status":"passed","title":"Given a closed recruitment, when opened, then no application control is exposed"},{"ancestorTitles":[],"duration":7,"failing":false,"failureDetails":[],"failureMessages":[],"fullName":"Given overlapping cursor pages, when results render, then each group appears once","invocations":1,"location":null,"numPassingAsserts":2,"retryReasons":[],"startAt":1787286759036,"status":"passed","title":"Given overlapping cursor pages, when results render, then each group appears once"},{"ancestorTitles":[],"duration":5,"failing":false,"failureDetails":[],"failureMessages":[],"fullName":"Given the introduction tab, when detail renders, then downstream lists stay unmounted","invocations":1,"location":null,"numPassingAsserts":3,"retryReasons":[],"startAt":1787286759043,"status":"passed","title":"Given the introduction tab, when detail renders, then downstream lists stay unmounted"},{"ancestorTitles":[],"duration":3,"failing":false,"failureDetails":[],"failureMessages":[],"fullName":"Given a group failure, when detail renders, then no downstream request executes","invocations":1,"location":null,"numPassingAsserts":4,"retryReasons":[],"startAt":1787286759048,"status":"passed","title":"Given a group failure, when detail renders, then no downstream request executes"},{"ancestorTitles":[],"duration":4,"failing":false,"failureDetails":[],"failureMessages":[],"fullName":"Given status 404, when group detail fails, then a safe differentiated state is shown","invocations":1,"location":null,"numPassingAsserts":2,"retryReasons":[],"startAt":1787286759051,"status":"passed","title":"Given status 404, when group detail fails, then a safe differentiated state is shown"},{"ancestorTitles":[],"duration":4,"failing":false,"failureDetails":[],"failureMessages":[],"fullName":"Given status 500, when group detail fails, then a safe differentiated state is shown","invocations":1,"location":null,"numPassingAsserts":2,"retryReasons":[],"startAt":1787286759055,"status":"passed","title":"Given status 500, when group detail fails, then a safe differentiated state is shown"},{"ancestorTitles":[],"duration":5,"failing":false,"failureDetails":[],"failureMessages":[],"fullName":"Given a server application failure, when shown, then internal text is replaced by safe guidance","invocations":1,"location":null,"numPassingAsserts":2,"retryReasons":[],"startAt":1787286759059,"status":"passed","title":"Given a server application failure, when shown, then internal text is replaced by safe guidance"},{"ancestorTitles":[],"duration":7,"failing":false,"failureDetails":[],"failureMessages":[],"fullName":"Given the explorer, when desktop controls render, then search and filters share one compact tool row","invocations":1,"location":null,"numPassingAsserts":4,"retryReasons":[],"startAt":1787286759064,"status":"passed","title":"Given the explorer, when desktop controls render, then search and filters share one compact tool row"},{"ancestorTitles":[],"duration":6,"failing":false,"failureDetails":[],"failureMessages":[],"fullName":"Given the backend default image, when a result renders, then the card uses the illustrated fallback panel","invocations":1,"location":null,"numPassingAsserts":2,"retryReasons":[],"startAt":1787286759072,"status":"passed","title":"Given the backend default image, when a result renders, then the card uses the illustrated fallback panel"},{"ancestorTitles":[],"duration":9,"failing":false,"failureDetails":[],"failureMessages":[],"fullName":"Given a group, when detail renders, then API-backed information and leader share the Figma hierarchy","invocations":1,"location":null,"numPassingAsserts":5,"retryReasons":[],"startAt":1787286759078,"status":"passed","title":"Given a group, when detail renders, then API-backed information and leader share the Figma hierarchy"}],"endTime":1787286759088,"message":"","name":"/Users/ohjonghyuk0717/Desktop/jarihana/frontend/tests/pages/public/public-groups.test.jsx","startTime":1787286758784,"status":"passed","summary":""},{"assertionResults":[{"ancestorTitles":["OAuthCallbackPage"],"duration":56,"failing":false,"failureDetails":[],"failureMessages":[],"fullName":"OAuthCallbackPage Given a misleading signup query and an authenticated session, When the callback reloads auth, Then it enters My instead of trusting the query","invocations":1,"location":null,"numPassingAsserts":3,"retryReasons":[],"startAt":1787286759246,"status":"passed","title":"Given a misleading signup query and an authenticated session, When the callback reloads auth, Then it enters My instead of trusting the query"},{"ancestorTitles":["OAuthCallbackPage"],"duration":19,"failing":false,"failureDetails":[],"failureMessages":[],"fullName":"OAuthCallbackPage Given the callback cannot verify a session, When recovery is shown, Then login is available","invocations":1,"location":null,"numPassingAsserts":2,"retryReasons":[],"startAt":1787286759302,"status":"passed","title":"Given the callback cannot verify a session, When recovery is shown, Then login is available"},{"ancestorTitles":["SignupPage"],"duration":43,"failing":false,"failureDetails":[],"failureMessages":[],"fullName":"SignupPage Given invalid profile fields, When submitted, Then every invalid field is identified inline","invocations":1,"location":null,"numPassingAsserts":4,"retryReasons":[],"startAt":1787286759321,"status":"passed","title":"Given invalid profile fields, When submitted, Then every invalid field is identified inline"},{"ancestorTitles":["SignupPage"],"duration":55,"failing":false,"failureDetails":[],"failureMessages":[],"fullName":"SignupPage Given valid fields, When signup succeeds, Then auth reloads and the signup guard solely owns continuation","invocations":1,"location":null,"numPassingAsserts":4,"retryReasons":[],"startAt":1787286759364,"status":"passed","title":"Given valid fields, When signup succeeds, Then auth reloads and the signup guard solely owns continuation"},{"ancestorTitles":["SignupPage"],"duration":42,"failing":false,"failureDetails":[],"failureMessages":[],"fullName":"SignupPage Given a duplicate member conflict, When signup fails, Then a safe recovery message is announced","invocations":1,"location":null,"numPassingAsserts":1,"retryReasons":[],"startAt":1787286759419,"status":"passed","title":"Given a duplicate member conflict, When signup fails, Then a safe recovery message is announced"},{"ancestorTitles":["SignupPage"],"duration":10,"failing":false,"failureDetails":[],"failureMessages":[],"fullName":"SignupPage Given no signup session, When signup renders, Then it offers safe login recovery without posting member data","invocations":1,"location":null,"numPassingAsserts":3,"retryReasons":[],"startAt":1787286759461,"status":"passed","title":"Given no signup session, When signup renders, Then it offers safe login recovery without posting member data"}],"endTime":1787286759472,"message":"","name":"/Users/ohjonghyuk0717/Desktop/jarihana/frontend/tests/pages/account/oauth-and-signup.test.jsx","startTime":1787286759092,"status":"passed","summary":""},{"assertionResults":[{"ancestorTitles":["Modal"],"duration":22,"failing":false,"failureDetails":[],"failureMessages":[],"fullName":"Modal Given a closed modal, When opened and escaped, Then focus is owned, scroll is restored, and focus returns","invocations":1,"location":null,"numPassingAsserts":6,"retryReasons":[],"startAt":1787286759536,"status":"passed","title":"Given a closed modal, When opened and escaped, Then focus is owned, scroll is restored, and focus returns"},{"ancestorTitles":["Modal"],"duration":29,"failing":false,"failureDetails":[],"failureMessages":[],"fullName":"Modal Given an open modal, When Tab wraps past its final control, Then focus stays trapped","invocations":1,"location":null,"numPassingAsserts":2,"retryReasons":[],"startAt":1787286759558,"status":"passed","title":"Given an open modal, When Tab wraps past its final control, Then focus stays trapped"},{"ancestorTitles":["Modal"],"duration":15,"failing":false,"failureDetails":[],"failureMessages":[],"fullName":"Modal Given a controlled modal, When an external opener closes it, Then focus returns to that opener","invocations":1,"location":null,"numPassingAsserts":3,"retryReasons":[],"startAt":1787286759587,"status":"passed","title":"Given a controlled modal, When an external opener closes it, Then focus returns to that opener"},{"ancestorTitles":["Modal"],"duration":17,"failing":false,"failureDetails":[],"failureMessages":[],"fullName":"Modal Given a controlled drawer, When an external opener closes it, Then focus returns to that opener","invocations":1,"location":null,"numPassingAsserts":3,"retryReasons":[],"startAt":1787286759602,"status":"passed","title":"Given a controlled drawer, When an external opener closes it, Then focus returns to that opener"},{"ancestorTitles":["ConfirmDialog"],"duration":31,"failing":false,"failureDetails":[],"failureMessages":[],"fullName":"ConfirmDialog Given an unresolved confirmation, When confirm is pressed, Then it stays open and exposes pending until success","invocations":1,"location":null,"numPassingAsserts":4,"retryReasons":[],"startAt":1787286759619,"status":"passed","title":"Given an unresolved confirmation, When confirm is pressed, Then it stays open and exposes pending until success"},{"ancestorTitles":["ConfirmDialog"],"duration":24,"failing":false,"failureDetails":[],"failureMessages":[],"fullName":"ConfirmDialog Given a rejected confirmation, When confirm fails, Then it remains open without an unhandled rejection","invocations":1,"location":null,"numPassingAsserts":3,"retryReasons":[],"startAt":1787286759650,"status":"passed","title":"Given a rejected confirmation, When confirm fails, Then it remains open without an unhandled rejection"},{"ancestorTitles":["ConfirmDialog"],"duration":19,"failing":false,"failureDetails":[],"failureMessages":[],"fullName":"ConfirmDialog Given a controlled confirm dialog, When dismissed, Then focus returns to its external opener","invocations":1,"location":null,"numPassingAsserts":2,"retryReasons":[],"startAt":1787286759674,"status":"passed","title":"Given a controlled confirm dialog, When dismissed, Then focus returns to its external opener"}],"endTime":1787286759694,"message":"","name":"/Users/ohjonghyuk0717/Desktop/jarihana/frontend/tests/ui/overlays.test.jsx","startTime":1787286759478,"status":"passed","summary":""},{"assertionResults":[{"ancestorTitles":["MyGroupsPage"],"duration":14,"failing":false,"failureDetails":[],"failureMessages":[],"fullName":"MyGroupsPage Given a leader role in the URL, When My groups renders, Then the filter and backend query stay synchronized","invocations":1,"location":null,"numPassingAsserts":3,"retryReasons":[],"startAt":1787286759777,"status":"passed","title":"Given a leader role in the URL, When My groups renders, Then the filter and backend query stay synchronized"},{"ancestorTitles":["MyGroupsPage"],"duration":14,"failing":false,"failureDetails":[],"failureMessages":[],"fullName":"MyGroupsPage Given a cursor page, When more groups are requested, Then the next backend page is fetched","invocations":1,"location":null,"numPassingAsserts":1,"retryReasons":[],"startAt":1787286759791,"status":"passed","title":"Given a cursor page, When more groups are requested, Then the next backend page is fetched"},{"ancestorTitles":["MyGroupsPage"],"duration":16,"failing":false,"failureDetails":[],"failureMessages":[],"fullName":"MyGroupsPage Given a failed group query, When the page renders, Then recovery is available","invocations":1,"location":null,"numPassingAsserts":1,"retryReasons":[],"startAt":1787286759805,"status":"passed","title":"Given a failed group query, When the page renders, Then recovery is available"},{"ancestorTitles":["MyRegistrationsPage"],"duration":20,"failing":false,"failureDetails":[],"failureMessages":[],"fullName":"MyRegistrationsPage Given registrations, When a status filter changes, Then the selected backend status is queried","invocations":1,"location":null,"numPassingAsserts":1,"retryReasons":[],"startAt":1787286759821,"status":"passed","title":"Given registrations, When a status filter changes, Then the selected backend status is queried"},{"ancestorTitles":["MyRegistrationsPage"],"duration":86,"failing":false,"failureDetails":[],"failureMessages":[],"fullName":"MyRegistrationsPage Given a pending registration, When withdrawal is confirmed, Then it disappears behind a pending lock after success","invocations":1,"location":null,"numPassingAsserts":3,"retryReasons":[],"startAt":1787286759841,"status":"passed","title":"Given a pending registration, When withdrawal is confirmed, Then it disappears behind a pending lock after success"}],"endTime":1787286759927,"message":"","name":"/Users/ohjonghyuk0717/Desktop/jarihana/frontend/tests/pages/account/my-lists.test.jsx","startTime":1787286759699,"status":"passed","summary":""},{"assertionResults":[{"ancestorTitles":[],"duration":147,"failing":false,"failureDetails":[],"failureMessages":[],"fullName":"Given a production webpack mode, when configuring Babel, then it selects the production JSX runtime","invocations":1,"location":null,"numPassingAsserts":3,"retryReasons":[],"startAt":1787286759969,"status":"passed","title":"Given a production webpack mode, when configuring Babel, then it selects the production JSX runtime"}],"endTime":1787286760116,"message":"","name":"/Users/ohjonghyuk0717/Desktop/jarihana/frontend/tests/config/webpack-production-jsx.test.js","startTime":1787286759934,"status":"passed","summary":""},{"assertionResults":[{"ancestorTitles":["MyPage"],"duration":36,"failing":false,"failureDetails":[],"failureMessages":[],"fullName":"MyPage Given a completed member with activity, When My renders, Then real activity fills a dense board with cursor-backed paging","invocations":1,"location":null,"numPassingAsserts":13,"retryReasons":[],"startAt":1787286760197,"status":"passed","title":"Given a completed member with activity, When My renders, Then real activity fills a dense board with cursor-backed paging"}],"endTime":1787286760233,"message":"","name":"/Users/ohjonghyuk0717/Desktop/jarihana/frontend/tests/pages/account/my-page.test.jsx","startTime":1787286760124,"status":"passed","summary":""},{"assertionResults":[{"ancestorTitles":["feedback and pagination primitives"],"duration":18,"failing":false,"failureDetails":[],"failureMessages":[],"fullName":"feedback and pagination primitives Given four notifications, When shown, Then the polite live region keeps only the latest three","invocations":1,"location":null,"numPassingAsserts":3,"retryReasons":[],"startAt":1787286760289,"status":"passed","title":"Given four notifications, When shown, Then the polite live region keeps only the latest three"},{"ancestorTitles":["feedback and pagination primitives"],"duration":10,"failing":false,"failureDetails":[],"failureMessages":[],"fullName":"feedback and pagination primitives Given active toast timers, When the provider unmounts, Then every timer is cleared","invocations":1,"location":null,"numPassingAsserts":1,"retryReasons":[],"startAt":1787286760307,"status":"passed","title":"Given active toast timers, When the provider unmounts, Then every timer is cleared"},{"ancestorTitles":["feedback and pagination primitives"],"duration":9,"failing":false,"failureDetails":[],"failureMessages":[],"fullName":"feedback and pagination primitives Given StrictMode and a limited stack, When the fourth toast commits, Then the displaced timer is cleared after the committed UI updates","invocations":1,"location":null,"numPassingAsserts":2,"retryReasons":[],"startAt":1787286760317,"status":"passed","title":"Given StrictMode and a limited stack, When the fourth toast commits, Then the displaced timer is cleared after the committed UI updates"},{"ancestorTitles":["feedback and pagination primitives"],"duration":10,"failing":false,"failureDetails":[],"failureMessages":[],"fullName":"feedback and pagination primitives Given a next cursor, When more results are requested, Then the opaque cursor is passed through","invocations":1,"location":null,"numPassingAsserts":1,"retryReasons":[],"startAt":1787286760326,"status":"passed","title":"Given a next cursor, When more results are requested, Then the opaque cursor is passed through"},{"ancestorTitles":["feedback and pagination primitives"],"duration":4,"failing":false,"failureDetails":[],"failureMessages":[],"fullName":"feedback and pagination primitives Given recovery states, When rendered, Then each state exposes one named next action","invocations":1,"location":null,"numPassingAsserts":2,"retryReasons":[],"startAt":1787286760336,"status":"passed","title":"Given recovery states, When rendered, Then each state exposes one named next action"},{"ancestorTitles":["Skeleton"],"duration":4,"failing":false,"failureDetails":[],"failureMessages":[],"fullName":"Skeleton Given an accessible loading label, When a skeleton renders, Then the label belongs to a status role","invocations":1,"location":null,"numPassingAsserts":1,"retryReasons":[],"startAt":1787286760340,"status":"passed","title":"Given an accessible loading label, When a skeleton renders, Then the label belongs to a status role"},{"ancestorTitles":["Skeleton"],"duration":3,"failing":false,"failureDetails":[],"failureMessages":[],"fullName":"Skeleton Given a decorative skeleton, When no label is provided, Then it stays out of the accessibility tree","invocations":1,"location":null,"numPassingAsserts":2,"retryReasons":[],"startAt":1787286760344,"status":"passed","title":"Given a decorative skeleton, When no label is provided, Then it stays out of the accessibility tree"}],"endTime":1787286760348,"message":"","name":"/Users/ohjonghyuk0717/Desktop/jarihana/frontend/tests/ui/toast-and-states.test.jsx","startTime":1787286760243,"status":"passed","summary":""},{"assertionResults":[{"ancestorTitles":[],"duration":15,"failing":false,"failureDetails":[],"failureMessages":[],"fullName":"provides skip navigation, global navigation, and a main landmark","invocations":1,"location":null,"numPassingAsserts":8,"retryReasons":[],"startAt":1787286760403,"status":"passed","title":"provides skip navigation, global navigation, and a main landmark"},{"ancestorTitles":[],"duration":4,"failing":false,"failureDetails":[],"failureMessages":[],"fullName":"starts GitHub login from the anonymous header action","invocations":1,"location":null,"numPassingAsserts":1,"retryReasons":[],"startAt":1787286760418,"status":"passed","title":"starts GitHub login from the anonymous header action"},{"ancestorTitles":[],"duration":3,"failing":false,"failureDetails":[],"failureMessages":[],"fullName":"keeps an incomplete signup session on the signup flow","invocations":1,"location":null,"numPassingAsserts":1,"retryReasons":[],"startAt":1787286760422,"status":"passed","title":"keeps an incomplete signup session on the signup flow"},{"ancestorTitles":[],"duration":8,"failing":false,"failureDetails":[],"failureMessages":[],"fullName":"shows member navigation and logs out an authenticated member","invocations":1,"location":null,"numPassingAsserts":4,"retryReasons":[],"startAt":1787286760425,"status":"passed","title":"shows member navigation and logs out an authenticated member"},{"ancestorTitles":[],"duration":8,"failing":false,"failureDetails":[],"failureMessages":[],"fullName":"opens and closes the mobile navigation drawer","invocations":1,"location":null,"numPassingAsserts":3,"retryReasons":[],"startAt":1787286760433,"status":"passed","title":"opens and closes the mobile navigation drawer"}],"endTime":1787286760441,"message":"","name":"/Users/ohjonghyuk0717/Desktop/jarihana/frontend/tests/app/app-shell.test.jsx","startTime":1787286760356,"status":"passed","summary":""},{"assertionResults":[{"ancestorTitles":["API client boundary"],"duration":6,"failing":false,"failureDetails":[],"failureMessages":[],"fullName":"API client boundary Given a success envelope, when requesting data, then it unwraps and validates data","invocations":1,"location":null,"numPassingAsserts":1,"retryReasons":[],"startAt":1787286760545,"status":"passed","title":"Given a success envelope, when requesting data, then it unwraps and validates data"},{"ancestorTitles":["API client boundary"],"duration":2,"failing":false,"failureDetails":[],"failureMessages":[],"fullName":"API client boundary Given a malformed success payload, when requesting data, then it rejects the external shape","invocations":1,"location":null,"numPassingAsserts":1,"retryReasons":[],"startAt":1787286760552,"status":"passed","title":"Given a malformed success payload, when requesting data, then it rejects the external shape"},{"ancestorTitles":["API client boundary"],"duration":1,"failing":false,"failureDetails":[],"failureMessages":[],"fullName":"API client boundary Given a 204 response, when requesting data, then it returns undefined without parsing JSON","invocations":1,"location":null,"numPassingAsserts":1,"retryReasons":[],"startAt":1787286760554,"status":"passed","title":"Given a 204 response, when requesting data, then it returns undefined without parsing JSON"},{"ancestorTitles":["API client boundary"],"duration":1,"failing":false,"failureDetails":[],"failureMessages":[],"fullName":"API client boundary Given a mutation and XSRF cookie, when sending it, then credentials and CSRF header are included","invocations":1,"location":null,"numPassingAsserts":2,"retryReasons":[],"startAt":1787286760555,"status":"passed","title":"Given a mutation and XSRF cookie, when sending it, then credentials and CSRF header are included"},{"ancestorTitles":["API client boundary"],"duration":2,"failing":false,"failureDetails":[],"failureMessages":[],"fullName":"API client boundary Given an unauthenticated 401, when requesting data, then it refreshes and retries once","invocations":1,"location":null,"numPassingAsserts":2,"retryReasons":[],"startAt":1787286760556,"status":"passed","title":"Given an unauthenticated 401, when requesting data, then it refreshes and retries once"},{"ancestorTitles":["API client boundary"],"duration":2,"failing":false,"failureDetails":[],"failureMessages":[],"fullName":"API client boundary Given a forbidden response, when requesting data, then it never refreshes","invocations":1,"location":null,"numPassingAsserts":2,"retryReasons":[],"startAt":1787286760558,"status":"passed","title":"Given a forbidden response, when requesting data, then it never refreshes"},{"ancestorTitles":["API client boundary"],"duration":4,"failing":false,"failureDetails":[],"failureMessages":[],"fullName":"API client boundary Given concurrent unauthenticated responses, when requesting data, then they share one refresh","invocations":1,"location":null,"numPassingAsserts":2,"retryReasons":[],"startAt":1787286760560,"status":"passed","title":"Given concurrent unauthenticated responses, when requesting data, then they share one refresh"},{"ancestorTitles":["API client boundary"],"duration":1,"failing":false,"failureDetails":[],"failureMessages":[],"fullName":"API client boundary Given the retried request is still unauthenticated, when requesting data, then it stops after one retry","invocations":1,"location":null,"numPassingAsserts":2,"retryReasons":[],"startAt":1787286760564,"status":"passed","title":"Given the retried request is still unauthenticated, when requesting data, then it stops after one retry"},{"ancestorTitles":["API client boundary"],"duration":0,"failing":false,"failureDetails":[],"failureMessages":[],"fullName":"API client boundary Given refresh fails, when requesting data, then it invokes the session-expired callback once","invocations":1,"location":null,"numPassingAsserts":2,"retryReasons":[],"startAt":1787286760565,"status":"passed","title":"Given refresh fails, when requesting data, then it invokes the session-expired callback once"}],"endTime":1787286760566,"message":"","name":"/Users/ohjonghyuk0717/Desktop/jarihana/frontend/tests/api/client.test.js","startTime":1787286760456,"status":"passed","summary":""},{"assertionResults":[{"ancestorTitles":["form primitives"],"duration":9,"failing":false,"failureDetails":[],"failureMessages":[],"fullName":"form primitives Given help and an error, When a text field renders, Then its control is labelled and described","invocations":1,"location":null,"numPassingAsserts":2,"retryReasons":[],"startAt":1787286760631,"status":"passed","title":"Given help and an error, When a text field renders, Then its control is labelled and described"},{"ancestorTitles":["form primitives"],"duration":19,"failing":false,"failureDetails":[],"failureMessages":[],"fullName":"form primitives Given each field kind, When rendered, Then every control has a visible label","invocations":1,"location":null,"numPassingAsserts":4,"retryReasons":[],"startAt":1787286760640,"status":"passed","title":"Given each field kind, When rendered, Then every control has a visible label"},{"ancestorTitles":["form primitives"],"duration":11,"failing":false,"failureDetails":[],"failureMessages":[],"fullName":"form primitives Given a pending button, When clicked, Then it stays disabled and exposes the busy state","invocations":1,"location":null,"numPassingAsserts":3,"retryReasons":[],"startAt":1787286760659,"status":"passed","title":"Given a pending button, When clicked, Then it stays disabled and exposes the busy state"}],"endTime":1787286760671,"message":"","name":"/Users/ohjonghyuk0717/Desktop/jarihana/frontend/tests/ui/fields.test.jsx","startTime":1787286760572,"status":"passed","summary":""},{"assertionResults":[{"ancestorTitles":[],"duration":9,"failing":false,"failureDetails":[],"failureMessages":[],"fullName":"shows a stable loading state during auth bootstrap","invocations":1,"location":null,"numPassingAsserts":2,"retryReasons":[],"startAt":1787286760755,"status":"passed","title":"shows a stable loading state during auth bootstrap"},{"ancestorTitles":[],"duration":8,"failing":false,"failureDetails":[],"failureMessages":[],"fullName":"stores an anonymous deep link before redirecting to discovery","invocations":1,"location":null,"numPassingAsserts":2,"retryReasons":[],"startAt":1787286760764,"status":"passed","title":"stores an anonymous deep link before redirecting to discovery"},{"ancestorTitles":[],"duration":1,"failing":false,"failureDetails":[],"failureMessages":[],"fullName":"renders the protected route for an authenticated member","invocations":1,"location":null,"numPassingAsserts":1,"retryReasons":[],"startAt":1787286760772,"status":"passed","title":"renders the protected route for an authenticated member"},{"ancestorTitles":[],"duration":5,"failing":false,"failureDetails":[],"failureMessages":[],"fullName":"offers retry without redirecting when auth bootstrap is unavailable","invocations":1,"location":null,"numPassingAsserts":3,"retryReasons":[],"startAt":1787286760773,"status":"passed","title":"offers retry without redirecting when auth bootstrap is unavailable"},{"ancestorTitles":[],"duration":2,"failing":false,"failureDetails":[],"failureMessages":[],"fullName":"persists the deep link before Navigate can unmount the guard","invocations":1,"location":null,"numPassingAsserts":3,"retryReasons":[],"startAt":1787286760779,"status":"passed","title":"persists the deep link before Navigate can unmount the guard"}],"endTime":1787286760781,"message":"","name":"/Users/ohjonghyuk0717/Desktop/jarihana/frontend/tests/app/auth-guard.test.jsx","startTime":1787286760677,"status":"passed","summary":""},{"assertionResults":[{"ancestorTitles":[],"duration":2,"failing":false,"failureDetails":[],"failureMessages":[],"fullName":"renders a leader page only when the server detail names the current member","invocations":1,"location":null,"numPassingAsserts":1,"retryReasons":[],"startAt":1787286760843,"status":"passed","title":"renders a leader page only when the server detail names the current member"},{"ancestorTitles":[],"duration":1,"failing":false,"failureDetails":[],"failureMessages":[],"fullName":"renders a forbidden state for a signed-in non-leader","invocations":1,"location":null,"numPassingAsserts":2,"retryReasons":[],"startAt":1787286760845,"status":"passed","title":"renders a forbidden state for a signed-in non-leader"},{"ancestorTitles":[],"duration":3,"failing":false,"failureDetails":[],"failureMessages":[],"fullName":"waits for the server authority response before exposing leader content","invocations":1,"location":null,"numPassingAsserts":2,"retryReasons":[],"startAt":1787286760846,"status":"passed","title":"waits for the server authority response before exposing leader content"},{"ancestorTitles":[],"duration":1,"failing":false,"failureDetails":[],"failureMessages":[],"fullName":"treats a server 403 as authoritative even before a client identity comparison","invocations":1,"location":null,"numPassingAsserts":2,"retryReasons":[],"startAt":1787286760849,"status":"passed","title":"treats a server 403 as authoritative even before a client identity comparison"},{"ancestorTitles":[],"duration":9,"failing":false,"failureDetails":[],"failureMessages":[],"fullName":"renders a safe not-found state with a group-list link for a server 404","invocations":1,"location":null,"numPassingAsserts":5,"retryReasons":[],"startAt":1787286760850,"status":"passed","title":"renders a safe not-found state with a group-list link for a server 404"}],"endTime":1787286760861,"message":"","name":"/Users/ohjonghyuk0717/Desktop/jarihana/frontend/tests/app/leader-guard.test.jsx","startTime":1787286760787,"status":"passed","summary":""},{"assertionResults":[{"ancestorTitles":["Tabs"],"duration":22,"failing":false,"failureDetails":[],"failureMessages":[],"fullName":"Tabs Given three tabs, When ArrowRight and Home are pressed, Then focus and selection follow the roving tab stop","invocations":1,"location":null,"numPassingAsserts":5,"retryReasons":[],"startAt":1787286760928,"status":"passed","title":"Given three tabs, When ArrowRight and Home are pressed, Then focus and selection follow the roving tab stop"},{"ancestorTitles":["Tabs"],"duration":12,"failing":false,"failureDetails":[],"failureMessages":[],"fullName":"Tabs Given a controlled tab, When a trigger is clicked, Then it requests the next value without mutating selection","invocations":1,"location":null,"numPassingAsserts":2,"retryReasons":[],"startAt":1787286760950,"status":"passed","title":"Given a controlled tab, When a trigger is clicked, Then it requests the next value without mutating selection"}],"endTime":1787286760962,"message":"","name":"/Users/ohjonghyuk0717/Desktop/jarihana/frontend/tests/ui/tabs.test.jsx","startTime":1787286760873,"status":"passed","summary":""},{"assertionResults":[{"ancestorTitles":[],"duration":14,"failing":false,"failureDetails":[],"failureMessages":[],"fullName":"Given React StrictMode, when auth bootstraps, then it requests the session only once","invocations":1,"location":null,"numPassingAsserts":2,"retryReasons":[],"startAt":1787286761016,"status":"passed","title":"Given React StrictMode, when auth bootstraps, then it requests the session only once"},{"ancestorTitles":[],"duration":4,"failing":false,"failureDetails":[],"failureMessages":[],"fullName":"Given an unauthenticated response, when auth bootstraps, then it becomes anonymous","invocations":1,"location":null,"numPassingAsserts":2,"retryReasons":[],"startAt":1787286761030,"status":"passed","title":"Given an unauthenticated response, when auth bootstraps, then it becomes anonymous"},{"ancestorTitles":[],"duration":4,"failing":false,"failureDetails":[],"failureMessages":[],"fullName":"Given a network failure, when auth bootstraps, then it exposes unavailable without claiming anonymous","invocations":1,"location":null,"numPassingAsserts":3,"retryReasons":[],"startAt":1787286761034,"status":"passed","title":"Given a network failure, when auth bootstraps, then it exposes unavailable without claiming anonymous"},{"ancestorTitles":[],"duration":9,"failing":false,"failureDetails":[],"failureMessages":[],"fullName":"Given auth is unavailable, when retry succeeds, then it becomes authenticated","invocations":1,"location":null,"numPassingAsserts":3,"retryReasons":[],"startAt":1787286761038,"status":"passed","title":"Given auth is unavailable, when retry succeeds, then it becomes authenticated"},{"ancestorTitles":[],"duration":4,"failing":false,"failureDetails":[],"failureMessages":[],"fullName":"Given signup is incomplete, when auth bootstraps, then signup-required remains distinct","invocations":1,"location":null,"numPassingAsserts":1,"retryReasons":[],"startAt":1787286761047,"status":"passed","title":"Given signup is incomplete, when auth bootstraps, then signup-required remains distinct"}],"endTime":1787286761052,"message":"","name":"/Users/ohjonghyuk0717/Desktop/jarihana/frontend/tests/auth/context.test.jsx","startTime":1787286760968,"status":"passed","summary":""},{"assertionResults":[{"ancestorTitles":["Korean-safe shared layouts"],"duration":1,"failing":false,"failureDetails":[],"failureMessages":[],"fullName":"Korean-safe shared layouts Given narrow Korean copy in .ui-group-card__title, When it wraps, Then whole words are preferred with an overflow fallback","invocations":1,"location":null,"numPassingAsserts":2,"retryReasons":[],"startAt":1787286761088,"status":"passed","title":"Given narrow Korean copy in .ui-group-card__title, When it wraps, Then whole words are preferred with an overflow fallback"},{"ancestorTitles":["Korean-safe shared layouts"],"duration":3,"failing":false,"failureDetails":[],"failureMessages":[],"fullName":"Korean-safe shared layouts Given narrow Korean copy in .ui-recruitment-card__title, When it wraps, Then whole words are preferred with an overflow fallback","invocations":1,"location":null,"numPassingAsserts":2,"retryReasons":[],"startAt":1787286761089,"status":"passed","title":"Given narrow Korean copy in .ui-recruitment-card__title, When it wraps, Then whole words are preferred with an overflow fallback"},{"ancestorTitles":["Korean-safe shared layouts"],"duration":1,"failing":false,"failureDetails":[],"failureMessages":[],"fullName":"Korean-safe shared layouts Given narrow Korean copy in .ui-state__title, When it wraps, Then whole words are preferred with an overflow fallback","invocations":1,"location":null,"numPassingAsserts":2,"retryReasons":[],"startAt":1787286761092,"status":"passed","title":"Given narrow Korean copy in .ui-state__title, When it wraps, Then whole words are preferred with an overflow fallback"},{"ancestorTitles":["Korean-safe shared layouts"],"duration":2,"failing":false,"failureDetails":[],"failureMessages":[],"fullName":"Korean-safe shared layouts Given narrow Korean copy in .ui-state__description, When it wraps, Then whole words are preferred with an overflow fallback","invocations":1,"location":null,"numPassingAsserts":2,"retryReasons":[],"startAt":1787286761093,"status":"passed","title":"Given narrow Korean copy in .ui-state__description, When it wraps, Then whole words are preferred with an overflow fallback"},{"ancestorTitles":["Korean-safe shared layouts"],"duration":2,"failing":false,"failureDetails":[],"failureMessages":[],"fullName":"Korean-safe shared layouts Given the 360px showcase grid, When cards reflow, Then columns and children can shrink without horizontal clipping","invocations":1,"location":null,"numPassingAsserts":2,"retryReasons":[],"startAt":1787286761095,"status":"passed","title":"Given the 360px showcase grid, When cards reflow, Then columns and children can shrink without horizontal clipping"},{"ancestorTitles":["Korean-safe shared layouts"],"duration":2,"failing":false,"failureDetails":[],"failureMessages":[],"fullName":"Korean-safe shared layouts Given the showcase loading specimen, When its height is styled, Then JSX contains no raw inline height","invocations":1,"location":null,"numPassingAsserts":3,"retryReasons":[],"startAt":1787286761097,"status":"passed","title":"Given the showcase loading specimen, When its height is styled, Then JSX contains no raw inline height"}],"endTime":1787286761099,"message":"","name":"/Users/ohjonghyuk0717/Desktop/jarihana/frontend/tests/ui/cjk-layout.test.js","startTime":1787286761056,"status":"passed","summary":""},{"assertionResults":[{"ancestorTitles":[],"duration":2,"failing":false,"failureDetails":[],"failureMessages":[],"fullName":"redirects a plain anonymous visitor without exposing signup content","invocations":1,"location":null,"numPassingAsserts":2,"retryReasons":[],"startAt":1787286761144,"status":"passed","title":"redirects a plain anonymous visitor without exposing signup content"},{"ancestorTitles":[],"duration":3,"failing":false,"failureDetails":[],"failureMessages":[],"fullName":"offers auth retry instead of exposing signup content during an outage","invocations":1,"location":null,"numPassingAsserts":2,"retryReasons":[],"startAt":1787286761146,"status":"passed","title":"offers auth retry instead of exposing signup content during an outage"},{"ancestorTitles":[],"duration":5,"failing":false,"failureDetails":[],"failureMessages":[],"fullName":"consumes the stored deep link after signup is complete","invocations":1,"location":null,"numPassingAsserts":2,"retryReasons":[],"startAt":1787286761149,"status":"passed","title":"consumes the stored deep link after signup is complete"},{"ancestorTitles":[],"duration":1,"failing":false,"failureDetails":[],"failureMessages":[],"fullName":"consumes the stored deep link only once under StrictMode","invocations":1,"location":null,"numPassingAsserts":3,"retryReasons":[],"startAt":1787286761154,"status":"passed","title":"consumes the stored deep link only once under StrictMode"},{"ancestorTitles":[],"duration":2,"failing":false,"failureDetails":[],"failureMessages":[],"fullName":"preserves the signup form during reload and consumes continuation once authenticated","invocations":1,"location":null,"numPassingAsserts":4,"retryReasons":[],"startAt":1787286761155,"status":"passed","title":"preserves the signup form during reload and consumes continuation once authenticated"}],"endTime":1787286761157,"message":"","name":"/Users/ohjonghyuk0717/Desktop/jarihana/frontend/tests/app/signup-guard.test.jsx","startTime":1787286761104,"status":"passed","summary":""},{"assertionResults":[{"ancestorTitles":["member form validation"],"duration":3,"failing":false,"failureDetails":[],"failureMessages":[],"fullName":"member form validation accepts a 2-4 Hangul crew name: 자리","invocations":1,"location":null,"numPassingAsserts":1,"retryReasons":[],"startAt":1787286761206,"status":"passed","title":"accepts a 2-4 Hangul crew name: 자리"},{"ancestorTitles":["member form validation"],"duration":0,"failing":false,"failureDetails":[],"failureMessages":[],"fullName":"member form validation accepts a 2-4 Hangul crew name: 자리하나","invocations":1,"location":null,"numPassingAsserts":1,"retryReasons":[],"startAt":1787286761209,"status":"passed","title":"accepts a 2-4 Hangul crew name: 자리하나"},{"ancestorTitles":["member form validation"],"duration":0,"failing":false,"failureDetails":[],"failureMessages":[],"fullName":"member form validation accepts a 2-4 Hangul crew name: 김자리","invocations":1,"location":null,"numPassingAsserts":1,"retryReasons":[],"startAt":1787286761209,"status":"passed","title":"accepts a 2-4 Hangul crew name: 김자리"},{"ancestorTitles":["member form validation"],"duration":1,"failing":false,"failureDetails":[],"failureMessages":[],"fullName":"member form validation rejects an invalid crew name: a자리","invocations":1,"location":null,"numPassingAsserts":1,"retryReasons":[],"startAt":1787286761209,"status":"passed","title":"rejects an invalid crew name: a자리"},{"ancestorTitles":["member form validation"],"duration":0,"failing":false,"failureDetails":[],"failureMessages":[],"fullName":"member form validation rejects an invalid crew name: 자","invocations":1,"location":null,"numPassingAsserts":1,"retryReasons":[],"startAt":1787286761210,"status":"passed","title":"rejects an invalid crew name: 자"},{"ancestorTitles":["member form validation"],"duration":0,"failing":false,"failureDetails":[],"failureMessages":[],"fullName":"member form validation rejects an invalid crew name: 자리하나요","invocations":1,"location":null,"numPassingAsserts":1,"retryReasons":[],"startAt":1787286761210,"status":"passed","title":"rejects an invalid crew name: 자리하나요"},{"ancestorTitles":["group form validation"],"duration":1,"failing":false,"failureDetails":[],"failureMessages":[],"fullName":"group form validation requires recurring schedule only for CLUB and STUDY","invocations":1,"location":null,"numPassingAsserts":1,"retryReasons":[],"startAt":1787286761210,"status":"passed","title":"requires recurring schedule only for CLUB and STUDY"},{"ancestorTitles":["group form validation"],"duration":0,"failing":false,"failureDetails":[],"failureMessages":[],"fullName":"group form validation requires a session schedule only for SESSION","invocations":1,"location":null,"numPassingAsserts":1,"retryReasons":[],"startAt":1787286761211,"status":"passed","title":"requires a session schedule only for SESSION"},{"ancestorTitles":["group form validation"],"duration":0,"failing":false,"failureDetails":[],"failureMessages":[],"fullName":"group form validation rejects a recurring schedule whose end is not after its start","invocations":1,"location":null,"numPassingAsserts":1,"retryReasons":[],"startAt":1787286761211,"status":"passed","title":"rejects a recurring schedule whose end is not after its start"},{"ancestorTitles":["group form validation"],"duration":1,"failing":false,"failureDetails":[],"failureMessages":[],"fullName":"group form validation enforces backend group text limits","invocations":1,"location":null,"numPassingAsserts":1,"retryReasons":[],"startAt":1787286761211,"status":"passed","title":"enforces backend group text limits"},{"ancestorTitles":["recruitment and registration validation"],"duration":0,"failing":false,"failureDetails":[],"failureMessages":[],"fullName":"recruitment and registration validation compares local date-time text without converting time zones","invocations":1,"location":null,"numPassingAsserts":1,"retryReasons":[],"startAt":1787286761212,"status":"passed","title":"compares local date-time text without converting time zones"},{"ancestorTitles":["recruitment and registration validation"],"duration":0,"failing":false,"failureDetails":[],"failureMessages":[],"fullName":"recruitment and registration validation allows an omitted end time for always-open recruitment","invocations":1,"location":null,"numPassingAsserts":1,"retryReasons":[],"startAt":1787286761212,"status":"passed","title":"allows an omitted end time for always-open recruitment"},{"ancestorTitles":["recruitment and registration validation"],"duration":1,"failing":false,"failureDetails":[],"failureMessages":[],"fullName":"recruitment and registration validation enforces the 1000-character registration message limit","invocations":1,"location":null,"numPassingAsserts":1,"retryReasons":[],"startAt":1787286761212,"status":"passed","title":"enforces the 1000-character registration message limit"},{"ancestorTitles":["recruitment and registration validation"],"duration":0,"failing":false,"failureDetails":[],"failureMessages":[],"fullName":"recruitment and registration validation does not send a reason for approval","invocations":1,"location":null,"numPassingAsserts":1,"retryReasons":[],"startAt":1787286761213,"status":"passed","title":"does not send a reason for approval"}],"endTime":1787286761213,"message":"","name":"/Users/ohjonghyuk0717/Desktop/jarihana/frontend/tests/domain/validation.test.js","startTime":1787286761161,"status":"passed","summary":""},{"assertionResults":[{"ancestorTitles":["domain API adapters"],"duration":0,"failing":false,"failureDetails":[],"failureMessages":[],"fullName":"domain API adapters sends only populated group search parameters","invocations":1,"location":null,"numPassingAsserts":1,"retryReasons":[],"startAt":1787286761265,"status":"passed","title":"sends only populated group search parameters"},{"ancestorTitles":["domain API adapters"],"duration":1,"failing":false,"failureDetails":[],"failureMessages":[],"fullName":"domain API adapters sends the exact group termination payload","invocations":1,"location":null,"numPassingAsserts":1,"retryReasons":[],"startAt":1787286761265,"status":"passed","title":"sends the exact group termination payload"},{"ancestorTitles":["domain API adapters"],"duration":0,"failing":false,"failureDetails":[],"failureMessages":[],"fullName":"domain API adapters does not attach a schema to the 204 schedule removal","invocations":1,"location":null,"numPassingAsserts":1,"retryReasons":[],"startAt":1787286761266,"status":"passed","title":"does not attach a schema to the 204 schedule removal"},{"ancestorTitles":["domain API adapters"],"duration":0,"failing":false,"failureDetails":[],"failureMessages":[],"fullName":"domain API adapters sends the exact leader transfer payload","invocations":1,"location":null,"numPassingAsserts":1,"retryReasons":[],"startAt":1787286761266,"status":"passed","title":"sends the exact leader transfer payload"},{"ancestorTitles":["domain API adapters"],"duration":1,"failing":false,"failureDetails":[],"failureMessages":[],"fullName":"domain API adapters keeps member signup out of the access-token refresh path","invocations":1,"location":null,"numPassingAsserts":1,"retryReasons":[],"startAt":1787286761266,"status":"passed","title":"keeps member signup out of the access-token refresh path"},{"ancestorTitles":["domain API adapters"],"duration":4,"failing":false,"failureDetails":[],"failureMessages":[],"fullName":"domain API adapters rejects an invalid crew name before member signup reaches HTTP","invocations":1,"location":null,"numPassingAsserts":2,"retryReasons":[],"startAt":1787286761267,"status":"passed","title":"rejects an invalid crew name before member signup reaches HTTP"},{"ancestorTitles":["domain API adapters"],"duration":0,"failing":false,"failureDetails":[],"failureMessages":[],"fullName":"domain API adapters preserves local date-time strings when creating recruitment","invocations":1,"location":null,"numPassingAsserts":1,"retryReasons":[],"startAt":1787286761271,"status":"passed","title":"preserves local date-time strings when creating recruitment"},{"ancestorTitles":["domain API adapters"],"duration":1,"failing":false,"failureDetails":[],"failureMessages":[],"fullName":"domain API adapters uses the backend close status field","invocations":1,"location":null,"numPassingAsserts":1,"retryReasons":[],"startAt":1787286761271,"status":"passed","title":"uses the backend close status field"},{"ancestorTitles":["domain API adapters"],"duration":0,"failing":false,"failureDetails":[],"failureMessages":[],"fullName":"domain API adapters forces applicant=me for the member registration list","invocations":1,"location":null,"numPassingAsserts":1,"retryReasons":[],"startAt":1787286761272,"status":"passed","title":"forces applicant=me for the member registration list"},{"ancestorTitles":["domain API adapters"],"duration":0,"failing":false,"failureDetails":[],"failureMessages":[],"fullName":"domain API adapters uses APPROVED and omits an approval reason","invocations":1,"location":null,"numPassingAsserts":1,"retryReasons":[],"startAt":1787286761272,"status":"passed","title":"uses APPROVED and omits an approval reason"},{"ancestorTitles":["domain API adapters"],"duration":0,"failing":false,"failureDetails":[],"failureMessages":[],"fullName":"domain API adapters uses the recruitment-scoped registration create path","invocations":1,"location":null,"numPassingAsserts":1,"retryReasons":[],"startAt":1787286761274,"status":"passed","title":"uses the recruitment-scoped registration create path"}],"endTime":1787286761275,"message":"","name":"/Users/ohjonghyuk0717/Desktop/jarihana/frontend/tests/domain/api-contracts.test.js","startTime":1787286761217,"status":"passed","summary":""},{"assertionResults":[{"ancestorTitles":["query parameter builders"],"duration":0,"failing":false,"failureDetails":[],"failureMessages":[],"fullName":"query parameter builders omits blank and empty group filters","invocations":1,"location":null,"numPassingAsserts":1,"retryReasons":[],"startAt":1787286761322,"status":"passed","title":"omits blank and empty group filters"},{"ancestorTitles":["query parameter builders"],"duration":0,"failing":false,"failureDetails":[],"failureMessages":[],"fullName":"query parameter builders always sends applicant=me for my registrations","invocations":1,"location":null,"numPassingAsserts":1,"retryReasons":[],"startAt":1787286761322,"status":"passed","title":"always sends applicant=me for my registrations"},{"ancestorTitles":["cursor page merging"],"duration":1,"failing":false,"failureDetails":[],"failureMessages":[],"fullName":"cursor page merging deduplicates overlapping item identifiers","invocations":1,"location":null,"numPassingAsserts":1,"retryReasons":[],"startAt":1787286761322,"status":"passed","title":"deduplicates overlapping item identifiers"},{"ancestorTitles":["cursor page merging"],"duration":0,"failing":false,"failureDetails":[],"failureMessages":[],"fullName":"cursor page merging returns a new next cursor when pagination can advance","invocations":1,"location":null,"numPassingAsserts":1,"retryReasons":[],"startAt":1787286761323,"status":"passed","title":"returns a new next cursor when pagination can advance"},{"ancestorTitles":["cursor page merging"],"duration":0,"failing":false,"failureDetails":[],"failureMessages":[],"fullName":"cursor page merging returns no next cursor when the backend repeats one","invocations":1,"location":null,"numPassingAsserts":1,"retryReasons":[],"startAt":1787286761323,"status":"passed","title":"returns no next cursor when the backend repeats one"},{"ancestorTitles":["cursor page merging"],"duration":3,"failing":false,"failureDetails":[],"failureMessages":[],"fullName":"cursor page merging stops pagination when a page repeats the previous cursor","invocations":1,"location":null,"numPassingAsserts":1,"retryReasons":[],"startAt":1787286761323,"status":"passed","title":"stops pagination when a page repeats the previous cursor"}],"endTime":1787286761326,"message":"","name":"/Users/ohjonghyuk0717/Desktop/jarihana/frontend/tests/domain/query-and-cursor.test.js","startTime":1787286761279,"status":"passed","summary":""},{"assertionResults":[{"ancestorTitles":["GroupCard"],"duration":11,"failing":false,"failureDetails":[],"failureMessages":[],"fullName":"GroupCard Given a React Router compatible link, When the card is activated, Then it delegates client navigation without a document reload","invocations":1,"location":null,"numPassingAsserts":1,"retryReasons":[],"startAt":1787286761369,"status":"passed","title":"Given a React Router compatible link, When the card is activated, Then it delegates client navigation without a document reload"}],"endTime":1787286761380,"message":"","name":"/Users/ohjonghyuk0717/Desktop/jarihana/frontend/tests/ui/cards.test.jsx","startTime":1787286761331,"status":"passed","summary":""},{"assertionResults":[{"ancestorTitles":["backend DTO schemas"],"duration":1,"failing":false,"failureDetails":[],"failureMessages":[],"fullName":"backend DTO schemas parses nullable group detail fields without filling them","invocations":1,"location":null,"numPassingAsserts":1,"retryReasons":[],"startAt":1787286761423,"status":"passed","title":"parses nullable group detail fields without filling them"},{"ancestorTitles":["backend DTO schemas"],"duration":0,"failing":false,"failureDetails":[],"failureMessages":[],"fullName":"backend DTO schemas rejects unknown group enum values","invocations":1,"location":null,"numPassingAsserts":1,"retryReasons":[],"startAt":1787286761424,"status":"passed","title":"rejects unknown group enum values"},{"ancestorTitles":["backend DTO schemas"],"duration":0,"failing":false,"failureDetails":[],"failureMessages":[],"fullName":"backend DTO schemas preserves a null representative image for the UI fallback","invocations":1,"location":null,"numPassingAsserts":1,"retryReasons":[],"startAt":1787286761424,"status":"passed","title":"preserves a null representative image for the UI fallback"},{"ancestorTitles":["backend DTO schemas"],"duration":1,"failing":false,"failureDetails":[],"failureMessages":[],"fullName":"backend DTO schemas normalizes a representative image boundary value images/default-group.png","invocations":1,"location":null,"numPassingAsserts":1,"retryReasons":[],"startAt":1787286761424,"status":"passed","title":"normalizes a representative image boundary value images/default-group.png"},{"ancestorTitles":["backend DTO schemas"],"duration":0,"failing":false,"failureDetails":[],"failureMessages":[],"fullName":"backend DTO schemas normalizes a representative image boundary value /images/default-group.png","invocations":1,"location":null,"numPassingAsserts":1,"retryReasons":[],"startAt":1787286761425,"status":"passed","title":"normalizes a representative image boundary value /images/default-group.png"},{"ancestorTitles":["backend DTO schemas"],"duration":0,"failing":false,"failureDetails":[],"failureMessages":[],"fullName":"backend DTO schemas normalizes a representative image boundary value https://cdn.example.com/group.png","invocations":1,"location":null,"numPassingAsserts":1,"retryReasons":[],"startAt":1787286761425,"status":"passed","title":"normalizes a representative image boundary value https://cdn.example.com/group.png"},{"ancestorTitles":["backend DTO schemas"],"duration":0,"failing":false,"failureDetails":[],"failureMessages":[],"fullName":"backend DTO schemas normalizes a representative image boundary value http://cdn.example.com/group.png","invocations":1,"location":null,"numPassingAsserts":1,"retryReasons":[],"startAt":1787286761425,"status":"passed","title":"normalizes a representative image boundary value http://cdn.example.com/group.png"},{"ancestorTitles":["backend DTO schemas"],"duration":0,"failing":false,"failureDetails":[],"failureMessages":[],"fullName":"backend DTO schemas normalizes a representative image boundary value null","invocations":1,"location":null,"numPassingAsserts":1,"retryReasons":[],"startAt":1787286761426,"status":"passed","title":"normalizes a representative image boundary value null"},{"ancestorTitles":["backend DTO schemas"],"duration":1,"failing":false,"failureDetails":[],"failureMessages":[],"fullName":"backend DTO schemas parses both mapped and raw upcoming recruitment close statuses","invocations":1,"location":null,"numPassingAsserts":1,"retryReasons":[],"startAt":1787286761426,"status":"passed","title":"parses both mapped and raw upcoming recruitment close statuses"},{"ancestorTitles":["backend DTO schemas"],"duration":1,"failing":false,"failureDetails":[],"failureMessages":[],"fullName":"backend DTO schemas preserves nullable recruitment end time","invocations":1,"location":null,"numPassingAsserts":1,"retryReasons":[],"startAt":1787286761427,"status":"passed","title":"preserves nullable recruitment end time"},{"ancestorTitles":["backend DTO schemas"],"duration":1,"failing":false,"failureDetails":[],"failureMessages":[],"fullName":"backend DTO schemas accepts omitted nullable create-registration decision fields","invocations":1,"location":null,"numPassingAsserts":1,"retryReasons":[],"startAt":1787286761428,"status":"passed","title":"accepts omitted nullable create-registration decision fields"},{"ancestorTitles":["backend DTO schemas"],"duration":0,"failing":false,"failureDetails":[],"failureMessages":[],"fullName":"backend DTO schemas rejects APPROVE because the backend decision is APPROVED","invocations":1,"location":null,"numPassingAsserts":1,"retryReasons":[],"startAt":1787286761429,"status":"passed","title":"rejects APPROVE because the backend decision is APPROVED"},{"ancestorTitles":["backend DTO schemas"],"duration":0,"failing":false,"failureDetails":[],"failureMessages":[],"fullName":"backend DTO schemas distinguishes signup session from a completed member profile","invocations":1,"location":null,"numPassingAsserts":1,"retryReasons":[],"startAt":1787286761430,"status":"passed","title":"distinguishes signup session from a completed member profile"}],"endTime":1787286761430,"message":"","name":"/Users/ohjonghyuk0717/Desktop/jarihana/frontend/tests/domain/domain-contracts.test.js","startTime":1787286761384,"status":"passed","summary":""},{"assertionResults":[{"ancestorTitles":["safe API error messages"],"duration":1,"failing":false,"failureDetails":[],"failureMessages":[],"fullName":"safe API error messages Given error code INVALID_PARAMETER, when mapping it, then it returns a safe Korean message","invocations":1,"location":null,"numPassingAsserts":1,"retryReasons":[],"startAt":1787286761475,"status":"passed","title":"Given error code INVALID_PARAMETER, when mapping it, then it returns a safe Korean message"},{"ancestorTitles":["safe API error messages"],"duration":0,"failing":false,"failureDetails":[],"failureMessages":[],"fullName":"safe API error messages Given error code UNAUTHENTICATED, when mapping it, then it returns a safe Korean message","invocations":1,"location":null,"numPassingAsserts":1,"retryReasons":[],"startAt":1787286761476,"status":"passed","title":"Given error code UNAUTHENTICATED, when mapping it, then it returns a safe Korean message"},{"ancestorTitles":["safe API error messages"],"duration":0,"failing":false,"failureDetails":[],"failureMessages":[],"fullName":"safe API error messages Given error code SIGNUP_SESSION_REQUIRED, when mapping it, then it returns a safe Korean message","invocations":1,"location":null,"numPassingAsserts":1,"retryReasons":[],"startAt":1787286761476,"status":"passed","title":"Given error code SIGNUP_SESSION_REQUIRED, when mapping it, then it returns a safe Korean message"},{"ancestorTitles":["safe API error messages"],"duration":1,"failing":false,"failureDetails":[],"failureMessages":[],"fullName":"safe API error messages Given error code REFRESH_TOKEN_REQUIRED, when mapping it, then it returns a safe Korean message","invocations":1,"location":null,"numPassingAsserts":1,"retryReasons":[],"startAt":1787286761476,"status":"passed","title":"Given error code REFRESH_TOKEN_REQUIRED, when mapping it, then it returns a safe Korean message"},{"ancestorTitles":["safe API error messages"],"duration":0,"failing":false,"failureDetails":[],"failureMessages":[],"fullName":"safe API error messages Given error code REFRESH_TOKEN_INVALID, when mapping it, then it returns a safe Korean message","invocations":1,"location":null,"numPassingAsserts":1,"retryReasons":[],"startAt":1787286761477,"status":"passed","title":"Given error code REFRESH_TOKEN_INVALID, when mapping it, then it returns a safe Korean message"},{"ancestorTitles":["safe API error messages"],"duration":0,"failing":false,"failureDetails":[],"failureMessages":[],"fullName":"safe API error messages Given error code ACCESS_DENIED, when mapping it, then it returns a safe Korean message","invocations":1,"location":null,"numPassingAsserts":1,"retryReasons":[],"startAt":1787286761477,"status":"passed","title":"Given error code ACCESS_DENIED, when mapping it, then it returns a safe Korean message"},{"ancestorTitles":["safe API error messages"],"duration":0,"failing":false,"failureDetails":[],"failureMessages":[],"fullName":"safe API error messages Given error code GROUP_ACCESS_DENIED, when mapping it, then it returns a safe Korean message","invocations":1,"location":null,"numPassingAsserts":1,"retryReasons":[],"startAt":1787286761477,"status":"passed","title":"Given error code GROUP_ACCESS_DENIED, when mapping it, then it returns a safe Korean message"},{"ancestorTitles":["safe API error messages"],"duration":0,"failing":false,"failureDetails":[],"failureMessages":[],"fullName":"safe API error messages Given error code RECRUITMENT_ACCESS_DENIED, when mapping it, then it returns a safe Korean message","invocations":1,"location":null,"numPassingAsserts":1,"retryReasons":[],"startAt":1787286761477,"status":"passed","title":"Given error code RECRUITMENT_ACCESS_DENIED, when mapping it, then it returns a safe Korean message"},{"ancestorTitles":["safe API error messages"],"duration":1,"failing":false,"failureDetails":[],"failureMessages":[],"fullName":"safe API error messages Given error code REGISTRATION_ACCESS_DENIED, when mapping it, then it returns a safe Korean message","invocations":1,"location":null,"numPassingAsserts":1,"retryReasons":[],"startAt":1787286761477,"status":"passed","title":"Given error code REGISTRATION_ACCESS_DENIED, when mapping it, then it returns a safe Korean message"},{"ancestorTitles":["safe API error messages"],"duration":0,"failing":false,"failureDetails":[],"failureMessages":[],"fullName":"safe API error messages Given error code MEMBER_NOT_FOUND, when mapping it, then it returns a safe Korean message","invocations":1,"location":null,"numPassingAsserts":1,"retryReasons":[],"startAt":1787286761478,"status":"passed","title":"Given error code MEMBER_NOT_FOUND, when mapping it, then it returns a safe Korean message"},{"ancestorTitles":["safe API error messages"],"duration":0,"failing":false,"failureDetails":[],"failureMessages":[],"fullName":"safe API error messages Given error code GROUP_NOT_FOUND, when mapping it, then it returns a safe Korean message","invocations":1,"location":null,"numPassingAsserts":1,"retryReasons":[],"startAt":1787286761478,"status":"passed","title":"Given error code GROUP_NOT_FOUND, when mapping it, then it returns a safe Korean message"},{"ancestorTitles":["safe API error messages"],"duration":0,"failing":false,"failureDetails":[],"failureMessages":[],"fullName":"safe API error messages Given error code GROUP_MEMBER_NOT_FOUND, when mapping it, then it returns a safe Korean message","invocations":1,"location":null,"numPassingAsserts":1,"retryReasons":[],"startAt":1787286761478,"status":"passed","title":"Given error code GROUP_MEMBER_NOT_FOUND, when mapping it, then it returns a safe Korean message"},{"ancestorTitles":["safe API error messages"],"duration":0,"failing":false,"failureDetails":[],"failureMessages":[],"fullName":"safe API error messages Given error code RECRUITMENT_NOT_FOUND, when mapping it, then it returns a safe Korean message","invocations":1,"location":null,"numPassingAsserts":1,"retryReasons":[],"startAt":1787286761478,"status":"passed","title":"Given error code RECRUITMENT_NOT_FOUND, when mapping it, then it returns a safe Korean message"},{"ancestorTitles":["safe API error messages"],"duration":2,"failing":false,"failureDetails":[],"failureMessages":[],"fullName":"safe API error messages Given error code REGISTRATION_NOT_FOUND, when mapping it, then it returns a safe Korean message","invocations":1,"location":null,"numPassingAsserts":1,"retryReasons":[],"startAt":1787286761478,"status":"passed","title":"Given error code REGISTRATION_NOT_FOUND, when mapping it, then it returns a safe Korean message"},{"ancestorTitles":["safe API error messages"],"duration":0,"failing":false,"failureDetails":[],"failureMessages":[],"fullName":"safe API error messages Given error code RECURRING_SCHEDULE_NOT_FOUND, when mapping it, then it returns a safe Korean message","invocations":1,"location":null,"numPassingAsserts":1,"retryReasons":[],"startAt":1787286761480,"status":"passed","title":"Given error code RECURRING_SCHEDULE_NOT_FOUND, when mapping it, then it returns a safe Korean message"},{"ancestorTitles":["safe API error messages"],"duration":0,"failing":false,"failureDetails":[],"failureMessages":[],"fullName":"safe API error messages Given error code IMAGE_NOT_FOUND, when mapping it, then it returns a safe Korean message","invocations":1,"location":null,"numPassingAsserts":1,"retryReasons":[],"startAt":1787286761480,"status":"passed","title":"Given error code IMAGE_NOT_FOUND, when mapping it, then it returns a safe Korean message"},{"ancestorTitles":["safe API error messages"],"duration":0,"failing":false,"failureDetails":[],"failureMessages":[],"fullName":"safe API error messages Given error code SCHEDULE_TYPE_MISMATCH, when mapping it, then it returns a safe Korean message","invocations":1,"location":null,"numPassingAsserts":1,"retryReasons":[],"startAt":1787286761481,"status":"passed","title":"Given error code SCHEDULE_TYPE_MISMATCH, when mapping it, then it returns a safe Korean message"},{"ancestorTitles":["safe API error messages"],"duration":0,"failing":false,"failureDetails":[],"failureMessages":[],"fullName":"safe API error messages Given error code SCHEDULE_REQUIRED, when mapping it, then it returns a safe Korean message","invocations":1,"location":null,"numPassingAsserts":1,"retryReasons":[],"startAt":1787286761481,"status":"passed","title":"Given error code SCHEDULE_REQUIRED, when mapping it, then it returns a safe Korean message"},{"ancestorTitles":["safe API error messages"],"duration":0,"failing":false,"failureDetails":[],"failureMessages":[],"fullName":"safe API error messages Given error code SCHEDULE_INVALID_RULE, when mapping it, then it returns a safe Korean message","invocations":1,"location":null,"numPassingAsserts":1,"retryReasons":[],"startAt":1787286761481,"status":"passed","title":"Given error code SCHEDULE_INVALID_RULE, when mapping it, then it returns a safe Korean message"},{"ancestorTitles":["safe API error messages"],"duration":0,"failing":false,"failureDetails":[],"failureMessages":[],"fullName":"safe API error messages Given error code GROUP_NAME_DUPLICATED, when mapping it, then it returns a safe Korean message","invocations":1,"location":null,"numPassingAsserts":1,"retryReasons":[],"startAt":1787286761481,"status":"passed","title":"Given error code GROUP_NAME_DUPLICATED, when mapping it, then it returns a safe Korean message"},{"ancestorTitles":["safe API error messages"],"duration":1,"failing":false,"failureDetails":[],"failureMessages":[],"fullName":"safe API error messages Given error code GROUP_ENDE
[...]
 members query for a falsey identifier"},{"ancestorTitles":["identifier query guards"],"duration":1,"failing":false,"failureDetails":[],"failureMessages":[],"fullName":"identifier query guards disables the recruitment group query for a falsey identifier","invocations":1,"location":null,"numPassingAsserts":1,"retryReasons":[],"startAt":1787286761746,"status":"passed","title":"disables the recruitment group query for a falsey identifier"},{"ancestorTitles":["identifier query guards"],"duration":0,"failing":false,"failureDetails":[],"failureMessages":[],"fullName":"identifier query guards disables the recruitment query for a falsey identifier","invocations":1,"location":null,"numPassingAsserts":1,"retryReasons":[],"startAt":1787286761747,"status":"passed","title":"disables the recruitment query for a falsey identifier"},{"ancestorTitles":["identifier query guards"],"duration":0,"failing":false,"failureDetails":[],"failureMessages":[],"fullName":"identifier query guards disables the recruitment list query for a falsey identifier","invocations":1,"location":null,"numPassingAsserts":1,"retryReasons":[],"startAt":1787286761747,"status":"passed","title":"disables the recruitment list query for a falsey identifier"},{"ancestorTitles":["identifier query guards"],"duration":0,"failing":false,"failureDetails":[],"failureMessages":[],"fullName":"identifier query guards disables the registration list query for a falsey identifier","invocations":1,"location":null,"numPassingAsserts":1,"retryReasons":[],"startAt":1787286761747,"status":"passed","title":"disables the registration list query for a falsey identifier"}],"endTime":1787286761748,"message":"","name":"/Users/ohjonghyuk0717/Desktop/jarihana/frontend/tests/domain/hooks-contracts.test.js","startTime":1787286761693,"status":"passed","summary":""},{"assertionResults":[{"ancestorTitles":[],"duration":3,"failing":false,"failureDetails":[],"failureMessages":[],"fullName":"creates an isolated query client with bounded retries and stable cached content","invocations":1,"location":null,"numPassingAsserts":4,"retryReasons":[],"startAt":1787286761811,"status":"passed","title":"creates an isolated query client with bounded retries and stable cached content"},{"ancestorTitles":[],"duration":5,"failing":false,"failureDetails":[],"failureMessages":[],"fullName":"provides the global toast surface to route pages","invocations":1,"location":null,"numPassingAsserts":1,"retryReasons":[],"startAt":1787286761814,"status":"passed","title":"provides the global toast surface to route pages"}],"endTime":1787286761820,"message":"","name":"/Users/ohjonghyuk0717/Desktop/jarihana/frontend/tests/app/providers.test.js","startTime":1787286761755,"status":"passed","summary":""},{"assertionResults":[{"ancestorTitles":["management text color tokens"],"duration":1,"failing":false,"failureDetails":[],"failureMessages":[],"fullName":"management text color tokens uses contrast-safe semantic aliases instead of decorative brand or muted colors for text","invocations":1,"location":null,"numPassingAsserts":4,"retryReasons":[],"startAt":1787286761873,"status":"passed","title":"uses contrast-safe semantic aliases instead of decorative brand or muted colors for text"},{"ancestorTitles":["management text color tokens"],"duration":1,"failing":false,"failureDetails":[],"failureMessages":[],"fullName":"management text color tokens keeps Korean words intact on narrow management screens and centralizes repeated border values","invocations":1,"location":null,"numPassingAsserts":6,"retryReasons":[],"startAt":1787286761874,"status":"passed","title":"keeps Korean words intact on narrow management screens and centralizes repeated border values"},{"ancestorTitles":["management text color tokens"],"duration":0,"failing":false,"failureDetails":[],"failureMessages":[],"fullName":"management text color tokens uses the final2 operational density and reflows before tablet labels become narrow","invocations":1,"location":null,"numPassingAsserts":6,"retryReasons":[],"startAt":1787286761875,"status":"passed","title":"uses the final2 operational density and reflows before tablet labels become narrow"}],"endTime":1787286761875,"message":"","name":"/Users/ohjonghyuk0717/Desktop/jarihana/frontend/tests/pages/manage/manage-css.test.js","startTime":1787286761822,"status":"passed","summary":""},{"assertionResults":[{"ancestorTitles":["authenticated route access"],"duration":0,"failing":false,"failureDetails":[],"failureMessages":[],"fullName":"authenticated route access returns a loading decision while the cookie session is bootstrapping","invocations":1,"location":null,"numPassingAsserts":1,"retryReasons":[],"startAt":1787286761923,"status":"passed","title":"returns a loading decision while the cookie session is bootstrapping"},{"ancestorTitles":["authenticated route access"],"duration":0,"failing":false,"failureDetails":[],"failureMessages":[],"fullName":"authenticated route access preserves the deep link when an anonymous visitor reaches a protected route","invocations":1,"location":null,"numPassingAsserts":1,"retryReasons":[],"startAt":1787286761924,"status":"passed","title":"preserves the deep link when an anonymous visitor reaches a protected route"},{"ancestorTitles":["authenticated route access"],"duration":0,"failing":false,"failureDetails":[],"failureMessages":[],"fullName":"authenticated route access sends an incomplete signup session to signup","invocations":1,"location":null,"numPassingAsserts":1,"retryReasons":[],"startAt":1787286761924,"status":"passed","title":"sends an incomplete signup session to signup"},{"ancestorTitles":["authenticated route access"],"duration":0,"failing":false,"failureDetails":[],"failureMessages":[],"fullName":"authenticated route access allows an authenticated member to continue","invocations":1,"location":null,"numPassingAsserts":1,"retryReasons":[],"startAt":1787286761924,"status":"passed","title":"allows an authenticated member to continue"},{"ancestorTitles":["authenticated route access"],"duration":1,"failing":false,"failureDetails":[],"failureMessages":[],"fullName":"authenticated route access keeps an unavailable auth service out of both protected content and login redirects","invocations":1,"location":null,"numPassingAsserts":1,"retryReasons":[],"startAt":1787286761924,"status":"passed","title":"keeps an unavailable auth service out of both protected content and login redirects"},{"ancestorTitles":["leader route access"],"duration":0,"failing":false,"failureDetails":[],"failureMessages":[],"fullName":"leader route access allows only the member named by the server group detail","invocations":1,"location":null,"numPassingAsserts":1,"retryReasons":[],"startAt":1787286761925,"status":"passed","title":"allows only the member named by the server group detail"},{"ancestorTitles":["leader route access"],"duration":0,"failing":false,"failureDetails":[],"failureMessages":[],"fullName":"leader route access forbids a signed-in non-leader","invocations":1,"location":null,"numPassingAsserts":1,"retryReasons":[],"startAt":1787286761925,"status":"passed","title":"forbids a signed-in non-leader"},{"ancestorTitles":["signup route access"],"duration":1,"failing":false,"failureDetails":[],"failureMessages":[],"fullName":"signup route access keeps an incomplete signup session on the signup route","invocations":1,"location":null,"numPassingAsserts":1,"retryReasons":[],"startAt":1787286761925,"status":"passed","title":"keeps an incomplete signup session on the signup route"},{"ancestorTitles":["signup route access"],"duration":0,"failing":false,"failureDetails":[],"failureMessages":[],"fullName":"signup route access returns a completed member only to a safe internal deep link","invocations":1,"location":null,"numPassingAsserts":2,"retryReasons":[],"startAt":1787286761930,"status":"passed","title":"returns a completed member only to a safe internal deep link"},{"ancestorTitles":["signup route access"],"duration":1,"failing":false,"failureDetails":[],"failureMessages":[],"fullName":"signup route access does not expose the signup form to a plain anonymous visitor","invocations":1,"location":null,"numPassingAsserts":1,"retryReasons":[],"startAt":1787286761930,"status":"passed","title":"does not expose the signup form to a plain anonymous visitor"},{"ancestorTitles":["signup route access"],"duration":0,"failing":false,"failureDetails":[],"failureMessages":[],"fullName":"signup route access shows recovery instead of a signup form when auth is unavailable","invocations":1,"location":null,"numPassingAsserts":1,"retryReasons":[],"startAt":1787286761931,"status":"passed","title":"shows recovery instead of a signup form when auth is unavailable"}],"endTime":1787286761931,"message":"","name":"/Users/ohjonghyuk0717/Desktop/jarihana/frontend/tests/app/route-access.test.js","startTime":1787286761880,"status":"passed","summary":""},{"assertionResults":[{"ancestorTitles":["protected return target"],"duration":1,"failing":false,"failureDetails":[],"failureMessages":[],"fullName":"protected return target Given an internal path, when storing it, then it can be peeked without consuming it","invocations":1,"location":null,"numPassingAsserts":3,"retryReasons":[],"startAt":1787286761992,"status":"passed","title":"Given an internal path, when storing it, then it can be peeked without consuming it"},{"ancestorTitles":["protected return target"],"duration":0,"failing":false,"failureDetails":[],"failureMessages":[],"fullName":"protected return target Given unsafe target //evil.test/steal, when storing it, then it is rejected","invocations":1,"location":null,"numPassingAsserts":2,"retryReasons":[],"startAt":1787286761993,"status":"passed","title":"Given unsafe target //evil.test/steal, when storing it, then it is rejected"},{"ancestorTitles":["protected return target"],"duration":1,"failing":false,"failureDetails":[],"failureMessages":[],"fullName":"protected return target Given unsafe target https://evil.test/steal, when storing it, then it is rejected","invocations":1,"location":null,"numPassingAsserts":2,"retryReasons":[],"startAt":1787286761993,"status":"passed","title":"Given unsafe target https://evil.test/steal, when storing it, then it is rejected"},{"ancestorTitles":["protected return target"],"duration":0,"failing":false,"failureDetails":[],"failureMessages":[],"fullName":"protected return target Given unsafe target javascript:alert(1), when storing it, then it is rejected","invocations":1,"location":null,"numPassingAsserts":2,"retryReasons":[],"startAt":1787286761994,"status":"passed","title":"Given unsafe target javascript:alert(1), when storing it, then it is rejected"},{"ancestorTitles":["protected return target"],"duration":0,"failing":false,"failureDetails":[],"failureMessages":[],"fullName":"protected return target Given unsafe target /\\evil.test, when storing it, then it is rejected","invocations":1,"location":null,"numPassingAsserts":2,"retryReasons":[],"startAt":1787286761994,"status":"passed","title":"Given unsafe target /\\evil.test, when storing it, then it is rejected"},{"ancestorTitles":["protected return target"],"duration":4,"failing":false,"failureDetails":[],"failureMessages":[],"fullName":"protected return target Given unsafe target  /my, when storing it, then it is rejected","invocations":1,"location":null,"numPassingAsserts":2,"retryReasons":[],"startAt":1787286761995,"status":"passed","title":"Given unsafe target  /my, when storing it, then it is rejected"},{"ancestorTitles":["protected return target"],"duration":1,"failing":false,"failureDetails":[],"failureMessages":[],"fullName":"protected return target Given a stored internal target, when consuming it, then it is returned exactly once","invocations":1,"location":null,"numPassingAsserts":2,"retryReasons":[],"startAt":1787286761999,"status":"passed","title":"Given a stored internal target, when consuming it, then it is returned exactly once"},{"ancestorTitles":["protected return target"],"duration":0,"failing":false,"failureDetails":[],"failureMessages":[],"fullName":"protected return target Given tampered storage, when consuming it, then it clears the value and returns the fallback","invocations":1,"location":null,"numPassingAsserts":2,"retryReasons":[],"startAt":1787286762000,"status":"passed","title":"Given tampered storage, when consuming it, then it clears the value and returns the fallback"}],"endTime":1787286762001,"message":"","name":"/Users/ohjonghyuk0717/Desktop/jarihana/frontend/tests/auth/returnTarget.test.js","startTime":1787286761935,"status":"passed","summary":""},{"assertionResults":[{"ancestorTitles":[],"duration":0,"failing":false,"failureDetails":[],"failureMessages":[],"fullName":"enables inspection tools only in an explicitly enabled development build","invocations":1,"location":null,"numPassingAsserts":3,"retryReasons":[],"startAt":1787286762044,"status":"passed","title":"enables inspection tools only in an explicitly enabled development build"},{"ancestorTitles":[],"duration":1,"failing":false,"failureDetails":[],"failureMessages":[],"fullName":"does not resolve development modules when tooling is disabled","invocations":1,"location":null,"numPassingAsserts":2,"retryReasons":[],"startAt":1787286762044,"status":"passed","title":"does not resolve development modules when tooling is disabled"},{"ancestorTitles":[],"duration":0,"failing":false,"failureDetails":[],"failureMessages":[],"fullName":"starts supported development modules when tooling is enabled","invocations":1,"location":null,"numPassingAsserts":3,"retryReasons":[],"startAt":1787286762045,"status":"passed","title":"starts supported development modules when tooling is enabled"}],"endTime":1787286762045,"message":"","name":"/Users/ohjonghyuk0717/Desktop/jarihana/frontend/tests/app/development-tools.test.js","startTime":1787286762005,"status":"passed","summary":""},{"assertionResults":[{"ancestorTitles":["formatKoreanDate"],"duration":1,"failing":false,"failureDetails":[],"failureMessages":[],"fullName":"formatKoreanDate Given repeated dates, When values are formatted, Then the Korean formatter is reused","invocations":1,"location":null,"numPassingAsserts":2,"retryReasons":[],"startAt":1787286762091,"status":"passed","title":"Given repeated dates, When values are formatted, Then the Korean formatter is reused"}],"endTime":1787286762092,"message":"","name":"/Users/ohjonghyuk0717/Desktop/jarihana/frontend/tests/pages/account/account-utils.test.js","startTime":1787286762049,"status":"passed","summary":""},{"assertionResults":[{"ancestorTitles":[],"duration":1,"failing":false,"failureDetails":[],"failureMessages":[],"fullName":"keeps the brand-filled signup continuation action readable","invocations":1,"location":null,"numPassingAsserts":2,"retryReasons":[],"startAt":1787286762140,"status":"passed","title":"keeps the brand-filled signup continuation action readable"},{"ancestorTitles":[],"duration":1,"failing":false,"failureDetails":[],"failureMessages":[],"fullName":"uses the inset Figma desktop shell and shared header geometry tokens","invocations":1,"location":null,"numPassingAsserts":22,"retryReasons":[],"startAt":1787286762141,"status":"passed","title":"uses the inset Figma desktop shell and shared header geometry tokens"}],"endTime":1787286762142,"message":"","name":"/Users/ohjonghyuk0717/Desktop/jarihana/frontend/tests/app/app-shell-css.test.js","startTime":1787286762098,"status":"passed","summary":""},{"assertionResults":[{"ancestorTitles":["account Korean text wrapping"],"duration":1,"failing":false,"failureDetails":[],"failureMessages":[],"fullName":"account Korean text wrapping keeps group card titles and descriptions on Korean word boundaries with a narrow fallback","invocations":1,"location":null,"numPassingAsserts":3,"retryReasons":[],"startAt":1787286762185,"status":"passed","title":"keeps group card titles and descriptions on Korean word boundaries with a narrow fallback"},{"ancestorTitles":["account Korean text wrapping"],"duration":0,"failing":false,"failureDetails":[],"failureMessages":[],"fullName":"account Korean text wrapping balances the signup heading without splitting Korean phrases","invocations":1,"location":null,"numPassingAsserts":2,"retryReasons":[],"startAt":1787286762186,"status":"passed","title":"balances the signup heading without splitting Korean phrases"}],"endTime":1787286762187,"message":"","name":"/Users/ohjonghyuk0717/Desktop/jarihana/frontend/tests/pages/account/account-css.test.js","startTime":1787286762149,"status":"passed","summary":""},{"assertionResults":[{"ancestorTitles":[],"duration":1,"failing":false,"failureDetails":[],"failureMessages":[],"fullName":"registers every public, member, leader, showcase, and fallback route","invocations":1,"location":null,"numPassingAsserts":1,"retryReasons":[],"startAt":1787286762224,"status":"passed","title":"registers every public, member, leader, showcase, and fallback route"},{"ancestorTitles":[],"duration":4,"failing":false,"failureDetails":[],"failureMessages":[],"fullName":"marks route authority without relying on path-prefix guesses","invocations":1,"location":null,"numPassingAsserts":2,"retryReasons":[],"startAt":1787286762225,"status":"passed","title":"marks route authority without relying on path-prefix guesses"}],"endTime":1787286762229,"message":"","name":"/Users/ohjonghyuk0717/Desktop/jarihana/frontend/tests/app/route-registry.test.js","startTime":1787286762193,"status":"passed","summary":""},{"assertionResults":[{"ancestorTitles":["text role color tokens"],"duration":1,"failing":false,"failureDetails":[],"failureMessages":[],"fullName":"text role color tokens Given the --color-brand-ink role, When used on supported light surfaces, Then every contrast is WCAG AA","invocations":1,"location":null,"numPassingAsserts":4,"retryReasons":[],"startAt":1787286762268,"status":"passed","title":"Given the --color-brand-ink role, When used on supported light surfaces, Then every contrast is WCAG AA"},{"ancestorTitles":["text role color tokens"],"duration":1,"failing":false,"failureDetails":[],"failureMessages":[],"fullName":"text role color tokens Given the --color-muted-ink role, When used on supported light surfaces, Then every contrast is WCAG AA","invocations":1,"location":null,"numPassingAsserts":4,"retryReasons":[],"startAt":1787286762269,"status":"passed","title":"Given the --color-muted-ink role, When used on supported light surfaces, Then every contrast is WCAG AA"}],"endTime":1787286762270,"message":"","name":"/Users/ohjonghyuk0717/Desktop/jarihana/frontend/tests/ui/contrast.test.js","startTime":1787286762233,"status":"passed","summary":""},{"assertionResults":[{"ancestorTitles":["shared UI design token contract"],"duration":1,"failing":false,"failureDetails":[],"failureMessages":[],"fullName":"shared UI design token contract Given shared border and touch geometry, When CSS is authored, Then repeated scale literals use their semantic tokens","invocations":1,"location":null,"numPassingAsserts":4,"retryReasons":[],"startAt":1787286762309,"status":"passed","title":"Given shared border and touch geometry, When CSS is authored, Then repeated scale literals use their semantic tokens"}],"endTime":1787286762310,"message":"","name":"/Users/ohjonghyuk0717/Desktop/jarihana/frontend/tests/ui/design-token-contract.test.js","startTime":1787286762274,"status":"passed","summary":""},{"assertionResults":[{"ancestorTitles":[],"duration":1,"failing":false,"failureDetails":[],"failureMessages":[],"fullName":"Given public build variables, when reading OAuth config, then it exposes only public settings","invocations":1,"location":null,"numPassingAsserts":1,"retryReasons":[],"startAt":1787286762355,"status":"passed","title":"Given public build variables, when reading OAuth config, then it exposes only public settings"}],"endTime":1787286762356,"message":"","name":"/Users/ohjonghyuk0717/Desktop/jarihana/frontend/tests/auth/config.test.js","startTime":1787286762314,"status":"passed","summary":""}],"wasInterrupted":false}
